19:27:35:608  INFO 44804 --- [main] com.hmall.pay.PayApplication             : Starting PayApplication using Java 11.0.23 on YogaPro14s with PID 44804 (D:\IdeaProjects\hmall\pay-service\target\classes started by lzh91 in D:\IdeaProjects\hmall)
19:27:35:613 DEBUG 44804 --- [main] com.hmall.pay.PayApplication             : Running with Spring Boot v2.7.12, Spring v5.3.27
19:27:35:614  INFO 44804 --- [main] com.hmall.pay.PayApplication             : The following 1 profile is active: "local"
19:27:37:041  INFO 44804 --- [main] o.s.cloud.context.scope.GenericScope     : BeanFactory id=fd6eab5c-5966-3f54-8be6-7b3646e57aef
19:27:37:571  INFO 44804 --- [main] o.s.b.w.embedded.tomcat.TomcatWebServer  : Tomcat initialized with port(s): 8086 (http)
19:27:37:588  INFO 44804 --- [main] o.apache.catalina.core.StandardService   : Starting service [Tomcat]
19:27:37:589  INFO 44804 --- [main] org.apache.catalina.core.StandardEngine  : Starting Servlet engine: [Apache Tomcat/9.0.75]
19:27:37:808  INFO 44804 --- [main] o.a.c.c.C.[Tomcat].[localhost].[/]       : Initializing Spring embedded WebApplicationContext
19:27:37:809  INFO 44804 --- [main] w.s.c.ServletWebServerApplicationContext : Root WebApplicationContext: initialization completed in 2154 ms
19:27:38:076  INFO 44804 --- [main] o.s.c.openfeign.FeignClientFactoryBean   : For 'user-service' URL not provided. Will try picking an instance via load-balancing.
19:27:40:478  INFO 44804 --- [main] pertySourcedRequestMappingHandlerMapping : Mapped URL path [/v2/api-docs] onto method [springfox.documentation.swagger2.web.Swagger2ControllerWebMvc#getDocumentation(String, HttpServletRequest)]
19:27:41:251  INFO 44804 --- [main] com.alibaba.nacos.common.remote.client   : [RpcClientFactory] create a new rpc client of a759b7fb-ee32-4397-909f-76251e9812ea
19:27:41:292  INFO 44804 --- [main] org.reflections.Reflections              : Reflections took 21 ms to scan 1 urls, producing 3 keys and 6 values 
19:27:41:320  INFO 44804 --- [main] org.reflections.Reflections              : Reflections took 10 ms to scan 1 urls, producing 4 keys and 9 values 
19:27:41:331  INFO 44804 --- [main] org.reflections.Reflections              : Reflections took 7 ms to scan 1 urls, producing 3 keys and 10 values 
19:27:41:333  WARN 44804 --- [main] org.reflections.Reflections              : given scan urls are empty. set urls in the configuration
19:27:41:341  INFO 44804 --- [main] org.reflections.Reflections              : Reflections took 8 ms to scan 1 urls, producing 1 keys and 5 values 
19:27:41:352  INFO 44804 --- [main] org.reflections.Reflections              : Reflections took 8 ms to scan 1 urls, producing 1 keys and 7 values 
19:27:41:361  INFO 44804 --- [main] org.reflections.Reflections              : Reflections took 7 ms to scan 1 urls, producing 2 keys and 8 values 
19:27:41:364  WARN 44804 --- [main] org.reflections.Reflections              : given scan urls are empty. set urls in the configuration
19:27:41:365  INFO 44804 --- [main] com.alibaba.nacos.common.remote.client   : [a759b7fb-ee32-4397-909f-76251e9812ea] RpcClient init label, labels = {module=naming, source=sdk}
19:27:41:367  INFO 44804 --- [main] com.alibaba.nacos.common.remote.client   : [a759b7fb-ee32-4397-909f-76251e9812ea] RpcClient init, ServerListFactory = com.alibaba.nacos.client.naming.core.ServerListManager
19:27:41:367  INFO 44804 --- [main] com.alibaba.nacos.common.remote.client   : [a759b7fb-ee32-4397-909f-76251e9812ea] Registry connection listener to current client:com.alibaba.nacos.client.naming.remote.gprc.redo.NamingGrpcRedoService
19:27:41:368  INFO 44804 --- [main] com.alibaba.nacos.common.remote.client   : [a759b7fb-ee32-4397-909f-76251e9812ea] Register server push request handler:com.alibaba.nacos.client.naming.remote.gprc.NamingPushRequestHandler
19:27:41:370  INFO 44804 --- [main] com.alibaba.nacos.common.remote.client   : [a759b7fb-ee32-4397-909f-76251e9812ea] Try to connect to server on start up, server: {serverIp = '192.168.146.130', server main port = 8848}
19:27:43:084  INFO 44804 --- [main] com.alibaba.nacos.common.remote.client   : [a759b7fb-ee32-4397-909f-76251e9812ea] Success to connect to server [192.168.146.130:8848] on start up, connectionId = 1719534458358_192.168.146.1_57003
19:27:43:085  INFO 44804 --- [com.alibaba.nacos.client.remote.worker] com.alibaba.nacos.common.remote.client   : [a759b7fb-ee32-4397-909f-76251e9812ea] Notify connected event to listeners.
19:27:43:085  INFO 44804 --- [main] com.alibaba.nacos.common.remote.client   : [a759b7fb-ee32-4397-909f-76251e9812ea] Register server push request handler:com.alibaba.nacos.common.remote.client.RpcClient$ConnectResetRequestHandler
19:27:43:086  INFO 44804 --- [main] com.alibaba.nacos.common.remote.client   : [a759b7fb-ee32-4397-909f-76251e9812ea] Register server push request handler:com.alibaba.nacos.common.remote.client.RpcClient$$Lambda$1067/0x0000000800848040
19:27:43:166  INFO 44804 --- [main] o.s.b.w.embedded.tomcat.TomcatWebServer  : Tomcat started on port(s): 8086 (http) with context path ''
19:27:43:188  INFO 44804 --- [main] c.a.c.n.registry.NacosServiceRegistry    : nacos registry, DEFAULT_GROUP pay-service 192.168.145.1:8086 register finished
19:27:43:610  INFO 44804 --- [main] d.s.w.p.DocumentationPluginsBootstrapper : Documentation plugins bootstrapped
19:27:43:612  INFO 44804 --- [main] d.s.w.p.DocumentationPluginsBootstrapper : Found 1 custom documentation plugin(s)
19:27:43:634  INFO 44804 --- [main] s.d.s.w.s.ApiListingReferenceScanner     : Scanning for api listing references
19:27:43:721  INFO 44804 --- [main] com.hmall.pay.PayApplication             : Started PayApplication in 9.279 seconds (JVM running for 10.568)
19:27:43:745  INFO 44804 --- [nacos-grpc-client-executor-9] com.alibaba.nacos.common.remote.client   : [a759b7fb-ee32-4397-909f-76251e9812ea] Receive server push request, request = NotifySubscriberRequest, requestId = 1
19:27:43:748  INFO 44804 --- [nacos-grpc-client-executor-9] com.alibaba.nacos.common.remote.client   : [a759b7fb-ee32-4397-909f-76251e9812ea] Ack server push request, request = NotifySubscriberRequest, requestId = 1
19:30:50:875  WARN 44804 --- [Thread-4] c.a.nacos.common.notify.NotifyCenter     : [NotifyCenter] Start destroying Publisher
19:30:50:875  WARN 44804 --- [Thread-7] c.a.n.common.http.HttpClientBeanHolder   : [HttpClientBeanHolder] Start destroying common HttpClient
19:30:50:875  WARN 44804 --- [Thread-4] c.a.nacos.common.notify.NotifyCenter     : [NotifyCenter] Destruction of the end
19:30:50:875  WARN 44804 --- [Thread-7] c.a.n.common.http.HttpClientBeanHolder   : [HttpClientBeanHolder] Destruction of the end
19:30:51:224  INFO 44804 --- [SpringApplicationShutdownHook] c.a.c.n.registry.NacosServiceRegistry    : De-registering from Nacos Server now...
19:30:51:232  INFO 44804 --- [SpringApplicationShutdownHook] c.a.c.n.registry.NacosServiceRegistry    : De-registration finished.
19:30:51:550  INFO 44804 --- [SpringApplicationShutdownHook] com.alibaba.nacos.common.remote.client   : Shutdown rpc client, set status to shutdown
19:30:51:550  INFO 44804 --- [SpringApplicationShutdownHook] com.alibaba.nacos.common.remote.client   : Shutdown client event executor java.util.concurrent.ScheduledThreadPoolExecutor@10e124b1[Running, pool size = 2, active threads = 2, queued tasks = 0, completed tasks = 0]
19:30:51:550  INFO 44804 --- [SpringApplicationShutdownHook] com.alibaba.nacos.common.remote.client   : Close current connection 1719534458358_192.168.146.1_57003
19:30:51:552  INFO 44804 --- [nacos-grpc-client-executor-51] c.a.n.c.remote.client.grpc.GrpcClient    : [1719534458358_192.168.146.1_57003]Ignore complete event,isRunning:false,isAbandon=false
19:30:51:555  INFO 44804 --- [SpringApplicationShutdownHook] c.a.n.c.remote.client.grpc.GrpcClient    : Shutdown grpc executor java.util.concurrent.ThreadPoolExecutor@4746f86a[Running, pool size = 5, active threads = 0, queued tasks = 0, completed tasks = 52]
19:31:05:697  INFO 27016 --- [main] com.hmall.pay.PayApplication             : Starting PayApplication using Java 11.0.23 on YogaPro14s with PID 27016 (D:\IdeaProjects\hmall\pay-service\target\classes started by lzh91 in D:\IdeaProjects\hmall)
19:31:05:700 DEBUG 27016 --- [main] com.hmall.pay.PayApplication             : Running with Spring Boot v2.7.12, Spring v5.3.27
19:31:05:701  INFO 27016 --- [main] com.hmall.pay.PayApplication             : The following 1 profile is active: "local"
19:31:07:177  INFO 27016 --- [main] o.s.cloud.context.scope.GenericScope     : BeanFactory id=fd6eab5c-5966-3f54-8be6-7b3646e57aef
19:31:07:772  INFO 27016 --- [main] o.s.b.w.embedded.tomcat.TomcatWebServer  : Tomcat initialized with port(s): 8086 (http)
19:31:07:790  INFO 27016 --- [main] o.apache.catalina.core.StandardService   : Starting service [Tomcat]
19:31:07:790  INFO 27016 --- [main] org.apache.catalina.core.StandardEngine  : Starting Servlet engine: [Apache Tomcat/9.0.75]
19:31:08:014  INFO 27016 --- [main] o.a.c.c.C.[Tomcat].[localhost].[/]       : Initializing Spring embedded WebApplicationContext
19:31:08:015  INFO 27016 --- [main] w.s.c.ServletWebServerApplicationContext : Root WebApplicationContext: initialization completed in 2265 ms
19:31:08:318  INFO 27016 --- [main] o.s.c.openfeign.FeignClientFactoryBean   : For 'user-service' URL not provided. Will try picking an instance via load-balancing.
19:31:11:014  INFO 27016 --- [main] pertySourcedRequestMappingHandlerMapping : Mapped URL path [/v2/api-docs] onto method [springfox.documentation.swagger2.web.Swagger2ControllerWebMvc#getDocumentation(String, HttpServletRequest)]
19:31:11:839  INFO 27016 --- [main] com.alibaba.nacos.common.remote.client   : [RpcClientFactory] create a new rpc client of ecc837ec-b264-4536-8701-7ee8d9d01ccb
19:31:11:895  INFO 27016 --- [main] org.reflections.Reflections              : Reflections took 35 ms to scan 1 urls, producing 3 keys and 6 values 
19:31:11:936  INFO 27016 --- [main] org.reflections.Reflections              : Reflections took 19 ms to scan 1 urls, producing 4 keys and 9 values 
19:31:11:957  INFO 27016 --- [main] org.reflections.Reflections              : Reflections took 17 ms to scan 1 urls, producing 3 keys and 10 values 
19:31:11:961  WARN 27016 --- [main] org.reflections.Reflections              : given scan urls are empty. set urls in the configuration
19:31:11:980  INFO 27016 --- [main] org.reflections.Reflections              : Reflections took 18 ms to scan 1 urls, producing 1 keys and 5 values 
19:31:11:998  INFO 27016 --- [main] org.reflections.Reflections              : Reflections took 14 ms to scan 1 urls, producing 1 keys and 7 values 
19:31:12:047  INFO 27016 --- [main] org.reflections.Reflections              : Reflections took 46 ms to scan 1 urls, producing 2 keys and 8 values 
19:31:12:049  WARN 27016 --- [main] org.reflections.Reflections              : given scan urls are empty. set urls in the configuration
19:31:12:050  INFO 27016 --- [main] com.alibaba.nacos.common.remote.client   : [ecc837ec-b264-4536-8701-7ee8d9d01ccb] RpcClient init label, labels = {module=naming, source=sdk}
19:31:12:052  INFO 27016 --- [main] com.alibaba.nacos.common.remote.client   : [ecc837ec-b264-4536-8701-7ee8d9d01ccb] RpcClient init, ServerListFactory = com.alibaba.nacos.client.naming.core.ServerListManager
19:31:12:052  INFO 27016 --- [main] com.alibaba.nacos.common.remote.client   : [ecc837ec-b264-4536-8701-7ee8d9d01ccb] Registry connection listener to current client:com.alibaba.nacos.client.naming.remote.gprc.redo.NamingGrpcRedoService
19:31:12:053  INFO 27016 --- [main] com.alibaba.nacos.common.remote.client   : [ecc837ec-b264-4536-8701-7ee8d9d01ccb] Register server push request handler:com.alibaba.nacos.client.naming.remote.gprc.NamingPushRequestHandler
19:31:12:055  INFO 27016 --- [main] com.alibaba.nacos.common.remote.client   : [ecc837ec-b264-4536-8701-7ee8d9d01ccb] Try to connect to server on start up, server: {serverIp = '192.168.146.130', server main port = 8848}
19:31:14:624  INFO 27016 --- [main] com.alibaba.nacos.common.remote.client   : [ecc837ec-b264-4536-8701-7ee8d9d01ccb] Success to connect to server [192.168.146.130:8848] on start up, connectionId = 1719534669801_192.168.146.1_57410
19:31:14:625  INFO 27016 --- [com.alibaba.nacos.client.remote.worker] com.alibaba.nacos.common.remote.client   : [ecc837ec-b264-4536-8701-7ee8d9d01ccb] Notify connected event to listeners.
19:31:14:625  INFO 27016 --- [main] com.alibaba.nacos.common.remote.client   : [ecc837ec-b264-4536-8701-7ee8d9d01ccb] Register server push request handler:com.alibaba.nacos.common.remote.client.RpcClient$ConnectResetRequestHandler
19:31:14:626  INFO 27016 --- [main] com.alibaba.nacos.common.remote.client   : [ecc837ec-b264-4536-8701-7ee8d9d01ccb] Register server push request handler:com.alibaba.nacos.common.remote.client.RpcClient$$Lambda$1067/0x000000080080f840
19:31:14:716  INFO 27016 --- [main] o.s.b.w.embedded.tomcat.TomcatWebServer  : Tomcat started on port(s): 8086 (http) with context path ''
19:31:14:732  INFO 27016 --- [main] c.a.c.n.registry.NacosServiceRegistry    : nacos registry, DEFAULT_GROUP pay-service 192.168.145.1:8086 register finished
19:31:15:169  INFO 27016 --- [nacos-grpc-client-executor-9] com.alibaba.nacos.common.remote.client   : [ecc837ec-b264-4536-8701-7ee8d9d01ccb] Receive server push request, request = NotifySubscriberRequest, requestId = 5
19:31:15:174  INFO 27016 --- [nacos-grpc-client-executor-9] com.alibaba.nacos.common.remote.client   : [ecc837ec-b264-4536-8701-7ee8d9d01ccb] Ack server push request, request = NotifySubscriberRequest, requestId = 5
19:31:15:385  INFO 27016 --- [main] d.s.w.p.DocumentationPluginsBootstrapper : Documentation plugins bootstrapped
19:31:15:388  INFO 27016 --- [main] d.s.w.p.DocumentationPluginsBootstrapper : Found 1 custom documentation plugin(s)
19:31:15:417  INFO 27016 --- [main] s.d.s.w.s.ApiListingReferenceScanner     : Scanning for api listing references
19:31:15:528  INFO 27016 --- [main] com.hmall.pay.PayApplication             : Started PayApplication in 10.94 seconds (JVM running for 12.013)
19:34:42:259  WARN 27016 --- [Thread-4] c.a.nacos.common.notify.NotifyCenter     : [NotifyCenter] Start destroying Publisher
19:34:42:259  WARN 27016 --- [Thread-7] c.a.n.common.http.HttpClientBeanHolder   : [HttpClientBeanHolder] Start destroying common HttpClient
19:34:42:259  WARN 27016 --- [Thread-4] c.a.nacos.common.notify.NotifyCenter     : [NotifyCenter] Destruction of the end
19:34:42:259  WARN 27016 --- [Thread-7] c.a.n.common.http.HttpClientBeanHolder   : [HttpClientBeanHolder] Destruction of the end
19:34:42:645  INFO 27016 --- [SpringApplicationShutdownHook] c.a.c.n.registry.NacosServiceRegistry    : De-registering from Nacos Server now...
19:34:42:650  INFO 27016 --- [SpringApplicationShutdownHook] c.a.c.n.registry.NacosServiceRegistry    : De-registration finished.
19:34:42:980  INFO 27016 --- [SpringApplicationShutdownHook] com.alibaba.nacos.common.remote.client   : Shutdown rpc client, set status to shutdown
19:34:42:981  INFO 27016 --- [SpringApplicationShutdownHook] com.alibaba.nacos.common.remote.client   : Shutdown client event executor java.util.concurrent.ScheduledThreadPoolExecutor@330d43f0[Running, pool size = 2, active threads = 2, queued tasks = 0, completed tasks = 0]
19:34:42:981  INFO 27016 --- [SpringApplicationShutdownHook] com.alibaba.nacos.common.remote.client   : Close current connection 1719534669801_192.168.146.1_57410
19:34:42:986  INFO 27016 --- [SpringApplicationShutdownHook] c.a.n.c.remote.client.grpc.GrpcClient    : Shutdown grpc executor java.util.concurrent.ThreadPoolExecutor@6ecfa7f5[Running, pool size = 4, active threads = 0, queued tasks = 0, completed tasks = 57]
19:34:47:637  INFO 8864 --- [main] com.hmall.pay.PayApplication             : Starting PayApplication using Java 11.0.23 on YogaPro14s with PID 8864 (D:\IdeaProjects\hmall\pay-service\target\classes started by lzh91 in D:\IdeaProjects\hmall)
19:34:47:640 DEBUG 8864 --- [main] com.hmall.pay.PayApplication             : Running with Spring Boot v2.7.12, Spring v5.3.27
19:34:47:640  INFO 8864 --- [main] com.hmall.pay.PayApplication             : The following 1 profile is active: "local"
19:34:48:599  INFO 8864 --- [main] o.s.cloud.context.scope.GenericScope     : BeanFactory id=fd6eab5c-5966-3f54-8be6-7b3646e57aef
19:34:48:977  INFO 8864 --- [main] o.s.b.w.embedded.tomcat.TomcatWebServer  : Tomcat initialized with port(s): 8086 (http)
19:34:48:986  INFO 8864 --- [main] o.apache.catalina.core.StandardService   : Starting service [Tomcat]
19:34:48:986  INFO 8864 --- [main] org.apache.catalina.core.StandardEngine  : Starting Servlet engine: [Apache Tomcat/9.0.75]
19:34:49:136  INFO 8864 --- [main] o.a.c.c.C.[Tomcat].[localhost].[/]       : Initializing Spring embedded WebApplicationContext
19:34:49:136  INFO 8864 --- [main] w.s.c.ServletWebServerApplicationContext : Root WebApplicationContext: initialization completed in 1459 ms
19:34:49:334  INFO 8864 --- [main] o.s.c.openfeign.FeignClientFactoryBean   : For 'user-service' URL not provided. Will try picking an instance via load-balancing.
19:34:51:439  INFO 8864 --- [main] pertySourcedRequestMappingHandlerMapping : Mapped URL path [/v2/api-docs] onto method [springfox.documentation.swagger2.web.Swagger2ControllerWebMvc#getDocumentation(String, HttpServletRequest)]
19:34:52:272  INFO 8864 --- [main] com.alibaba.nacos.common.remote.client   : [RpcClientFactory] create a new rpc client of 261a9b08-d4d5-4dc1-b8f9-945d1b3d145e
19:34:52:300  INFO 8864 --- [main] org.reflections.Reflections              : Reflections took 15 ms to scan 1 urls, producing 3 keys and 6 values 
19:34:52:319  INFO 8864 --- [main] org.reflections.Reflections              : Reflections took 6 ms to scan 1 urls, producing 4 keys and 9 values 
19:34:52:326  INFO 8864 --- [main] org.reflections.Reflections              : Reflections took 5 ms to scan 1 urls, producing 3 keys and 10 values 
19:34:52:328  WARN 8864 --- [main] org.reflections.Reflections              : given scan urls are empty. set urls in the configuration
19:34:52:333  INFO 8864 --- [main] org.reflections.Reflections              : Reflections took 5 ms to scan 1 urls, producing 1 keys and 5 values 
19:34:52:340  INFO 8864 --- [main] org.reflections.Reflections              : Reflections took 5 ms to scan 1 urls, producing 1 keys and 7 values 
19:34:52:349  INFO 8864 --- [main] org.reflections.Reflections              : Reflections took 6 ms to scan 1 urls, producing 2 keys and 8 values 
19:34:52:351  WARN 8864 --- [main] org.reflections.Reflections              : given scan urls are empty. set urls in the configuration
19:34:52:352  INFO 8864 --- [main] com.alibaba.nacos.common.remote.client   : [261a9b08-d4d5-4dc1-b8f9-945d1b3d145e] RpcClient init label, labels = {module=naming, source=sdk}
19:34:52:354  INFO 8864 --- [main] com.alibaba.nacos.common.remote.client   : [261a9b08-d4d5-4dc1-b8f9-945d1b3d145e] RpcClient init, ServerListFactory = com.alibaba.nacos.client.naming.core.ServerListManager
19:34:52:354  INFO 8864 --- [main] com.alibaba.nacos.common.remote.client   : [261a9b08-d4d5-4dc1-b8f9-945d1b3d145e] Registry connection listener to current client:com.alibaba.nacos.client.naming.remote.gprc.redo.NamingGrpcRedoService
19:34:52:354  INFO 8864 --- [main] com.alibaba.nacos.common.remote.client   : [261a9b08-d4d5-4dc1-b8f9-945d1b3d145e] Register server push request handler:com.alibaba.nacos.client.naming.remote.gprc.NamingPushRequestHandler
19:34:52:355  INFO 8864 --- [main] com.alibaba.nacos.common.remote.client   : [261a9b08-d4d5-4dc1-b8f9-945d1b3d145e] Try to connect to server on start up, server: {serverIp = '192.168.146.130', server main port = 8848}
19:34:54:057  INFO 8864 --- [main] com.alibaba.nacos.common.remote.client   : [261a9b08-d4d5-4dc1-b8f9-945d1b3d145e] Success to connect to server [192.168.146.130:8848] on start up, connectionId = 1719534889304_192.168.146.1_58185
19:34:54:057  INFO 8864 --- [com.alibaba.nacos.client.remote.worker] com.alibaba.nacos.common.remote.client   : [261a9b08-d4d5-4dc1-b8f9-945d1b3d145e] Notify connected event to listeners.
19:34:54:058  INFO 8864 --- [main] com.alibaba.nacos.common.remote.client   : [261a9b08-d4d5-4dc1-b8f9-945d1b3d145e] Register server push request handler:com.alibaba.nacos.common.remote.client.RpcClient$ConnectResetRequestHandler
19:34:54:059  INFO 8864 --- [main] com.alibaba.nacos.common.remote.client   : [261a9b08-d4d5-4dc1-b8f9-945d1b3d145e] Register server push request handler:com.alibaba.nacos.common.remote.client.RpcClient$$Lambda$1067/0x0000000800713c40
19:34:54:102  INFO 8864 --- [main] o.s.b.w.embedded.tomcat.TomcatWebServer  : Tomcat started on port(s): 8086 (http) with context path ''
19:34:54:120  INFO 8864 --- [main] c.a.c.n.registry.NacosServiceRegistry    : nacos registry, DEFAULT_GROUP pay-service 192.168.145.1:8086 register finished
19:34:54:609  INFO 8864 --- [main] d.s.w.p.DocumentationPluginsBootstrapper : Documentation plugins bootstrapped
19:34:54:612  INFO 8864 --- [main] d.s.w.p.DocumentationPluginsBootstrapper : Found 1 custom documentation plugin(s)
19:34:54:627  INFO 8864 --- [main] s.d.s.w.s.ApiListingReferenceScanner     : Scanning for api listing references
19:34:54:668  INFO 8864 --- [nacos-grpc-client-executor-8] com.alibaba.nacos.common.remote.client   : [261a9b08-d4d5-4dc1-b8f9-945d1b3d145e] Receive server push request, request = NotifySubscriberRequest, requestId = 24
19:34:54:671  INFO 8864 --- [nacos-grpc-client-executor-8] com.alibaba.nacos.common.remote.client   : [261a9b08-d4d5-4dc1-b8f9-945d1b3d145e] Ack server push request, request = NotifySubscriberRequest, requestId = 24
19:34:54:694  INFO 8864 --- [main] com.hmall.pay.PayApplication             : Started PayApplication in 7.998 seconds (JVM running for 8.917)
19:35:26:328  INFO 8864 --- [http-nio-8086-exec-1] o.a.c.c.C.[Tomcat].[localhost].[/]       : Initializing Spring DispatcherServlet 'dispatcherServlet'
19:35:26:328  INFO 8864 --- [http-nio-8086-exec-1] o.s.web.servlet.DispatcherServlet        : Initializing Servlet 'dispatcherServlet'
19:35:26:330  INFO 8864 --- [http-nio-8086-exec-1] o.s.web.servlet.DispatcherServlet        : Completed initialization in 2 ms
19:35:26:446  INFO 8864 --- [http-nio-8086-exec-1] com.zaxxer.hikari.HikariDataSource       : HikariPool-1 - Starting...
19:35:26:610  INFO 8864 --- [http-nio-8086-exec-1] com.zaxxer.hikari.HikariDataSource       : HikariPool-1 - Start completed.
19:35:26:614 DEBUG 8864 --- [http-nio-8086-exec-1] c.h.pay.mapper.PayOrderMapper.selectOne  : ==>  Preparing: SELECT id,biz_order_no,pay_order_no,biz_user_id,pay_channel_code,amount,pay_type,status,expand_json,result_code,result_msg,pay_success_time,pay_over_time,qr_code_url,create_time,update_time,creater,updater,is_delete FROM pay_order WHERE (biz_order_no = ?)
19:35:26:626 DEBUG 8864 --- [http-nio-8086-exec-1] c.h.pay.mapper.PayOrderMapper.selectOne  : ==> Parameters: 1806486524049428482(Long)
19:35:26:649 DEBUG 8864 --- [http-nio-8086-exec-1] c.h.pay.mapper.PayOrderMapper.selectOne  : <==      Total: 0
19:35:26:687 DEBUG 8864 --- [http-nio-8086-exec-1] c.h.pay.mapper.PayOrderMapper.insert     : ==>  Preparing: INSERT INTO pay_order ( id, biz_order_no, pay_order_no, biz_user_id, pay_channel_code, amount, pay_type, status, pay_over_time ) VALUES ( ?, ?, ?, ?, ?, ?, ?, ?, ? )
19:35:26:689 DEBUG 8864 --- [http-nio-8086-exec-1] c.h.pay.mapper.PayOrderMapper.insert     : ==> Parameters: 1806486531586637826(Long), 1806486524049428482(Long), 1806486531586637825(Long), 1(Long), balance(String), 451300(Integer), 5(Integer), 1(Integer), 2024-06-27T21:35:26.682863200(LocalDateTime)
19:35:26:695 DEBUG 8864 --- [http-nio-8086-exec-1] c.h.pay.mapper.PayOrderMapper.insert     : <==    Updates: 1
19:36:59:684 DEBUG 8864 --- [http-nio-8086-exec-3] c.h.p.mapper.PayOrderMapper.selectById   : ==>  Preparing: SELECT id,biz_order_no,pay_order_no,biz_user_id,pay_channel_code,amount,pay_type,status,expand_json,result_code,result_msg,pay_success_time,pay_over_time,qr_code_url,create_time,update_time,creater,updater,is_delete FROM pay_order WHERE id=?
19:36:59:684 DEBUG 8864 --- [http-nio-8086-exec-3] c.h.p.mapper.PayOrderMapper.selectById   : ==> Parameters: 1806486531586637826(Long)
19:36:59:698 DEBUG 8864 --- [http-nio-8086-exec-3] c.h.p.mapper.PayOrderMapper.selectById   : <==      Total: 1
19:36:59:701 DEBUG 8864 --- [http-nio-8086-exec-3] com.hmall.api.client.UserClient          : [UserClient#deductMoney] ---> PUT http://user-service/users/money/deduct?pw=123&amount=451300 HTTP/1.1
19:36:59:701 DEBUG 8864 --- [http-nio-8086-exec-3] com.hmall.api.client.UserClient          : [UserClient#deductMoney] user-info: 1
19:36:59:702 DEBUG 8864 --- [http-nio-8086-exec-3] com.hmall.api.client.UserClient          : [UserClient#deductMoney] ---> END HTTP (0-byte body)
19:36:59:878 DEBUG 8864 --- [http-nio-8086-exec-3] com.hmall.api.client.UserClient          : [UserClient#deductMoney] <--- HTTP/1.1 200 (176ms)
19:36:59:879 DEBUG 8864 --- [http-nio-8086-exec-3] com.hmall.api.client.UserClient          : [UserClient#deductMoney] connection: keep-alive
19:36:59:879 DEBUG 8864 --- [http-nio-8086-exec-3] com.hmall.api.client.UserClient          : [UserClient#deductMoney] content-length: 0
19:36:59:879 DEBUG 8864 --- [http-nio-8086-exec-3] com.hmall.api.client.UserClient          : [UserClient#deductMoney] date: Fri, 28 Jun 2024 00:36:59 GMT
19:36:59:879 DEBUG 8864 --- [http-nio-8086-exec-3] com.hmall.api.client.UserClient          : [UserClient#deductMoney] keep-alive: timeout=60
19:36:59:879 DEBUG 8864 --- [http-nio-8086-exec-3] com.hmall.api.client.UserClient          : [UserClient#deductMoney] 
19:36:59:879 DEBUG 8864 --- [http-nio-8086-exec-3] com.hmall.api.client.UserClient          : [UserClient#deductMoney] <--- END HTTP (0-byte body)
19:36:59:885 DEBUG 8864 --- [http-nio-8086-exec-3] c.h.pay.mapper.PayOrderMapper.update     : ==>  Preparing: UPDATE pay_order SET status=?,pay_success_time=? WHERE (id = ? AND status IN (?,?))
19:36:59:887 DEBUG 8864 --- [http-nio-8086-exec-3] c.h.pay.mapper.PayOrderMapper.update     : ==> Parameters: 3(Integer), 2024-06-27T19:36:59.879096(LocalDateTime), 1806486531586637826(Long), 0(Integer), 1(Integer)
19:36:59:890 DEBUG 8864 --- [http-nio-8086-exec-3] c.h.pay.mapper.PayOrderMapper.update     : <==    Updates: 1
19:36:59:894  INFO 8864 --- [http-nio-8086-exec-3] o.s.a.r.c.CachingConnectionFactory       : Attempting to connect to: [192.168.146.130:5672]
19:36:59:925  INFO 8864 --- [http-nio-8086-exec-3] o.s.a.r.c.CachingConnectionFactory       : Created new connection: rabbitConnectionFactory#4597e6e3:0/SimpleConnection@4f47ece5 [delegate=amqp://hmall@192.168.146.130:5672//hmall, localPort= 58426]
19:37:00:289  INFO 8864 --- [nacos-grpc-client-executor-38] com.alibaba.nacos.common.remote.client   : [261a9b08-d4d5-4dc1-b8f9-945d1b3d145e] Receive server push request, request = NotifySubscriberRequest, requestId = 38
19:37:00:290  INFO 8864 --- [nacos-grpc-client-executor-38] com.alibaba.nacos.common.remote.client   : [261a9b08-d4d5-4dc1-b8f9-945d1b3d145e] Ack server push request, request = NotifySubscriberRequest, requestId = 38
19:46:18:785  WARN 8864 --- [Thread-4] c.a.nacos.common.notify.NotifyCenter     : [NotifyCenter] Start destroying Publisher
19:46:18:785  WARN 8864 --- [Thread-7] c.a.n.common.http.HttpClientBeanHolder   : [HttpClientBeanHolder] Start destroying common HttpClient
19:46:18:785  WARN 8864 --- [Thread-4] c.a.nacos.common.notify.NotifyCenter     : [NotifyCenter] Destruction of the end
19:46:18:785  WARN 8864 --- [Thread-7] c.a.n.common.http.HttpClientBeanHolder   : [HttpClientBeanHolder] Destruction of the end
19:46:19:110  INFO 8864 --- [SpringApplicationShutdownHook] c.a.c.n.registry.NacosServiceRegistry    : De-registering from Nacos Server now...
19:46:19:116  INFO 8864 --- [SpringApplicationShutdownHook] c.a.c.n.registry.NacosServiceRegistry    : De-registration finished.
19:46:19:441  INFO 8864 --- [SpringApplicationShutdownHook] com.alibaba.nacos.common.remote.client   : Shutdown rpc client, set status to shutdown
19:46:19:442  INFO 8864 --- [SpringApplicationShutdownHook] com.alibaba.nacos.common.remote.client   : Shutdown client event executor java.util.concurrent.ScheduledThreadPoolExecutor@2b35c840[Running, pool size = 2, active threads = 2, queued tasks = 0, completed tasks = 0]
19:46:19:442  INFO 8864 --- [SpringApplicationShutdownHook] com.alibaba.nacos.common.remote.client   : Close current connection 1719534889304_192.168.146.1_58185
19:46:19:443  INFO 8864 --- [nacos-grpc-client-executor-157] c.a.n.c.remote.client.grpc.GrpcClient    : [1719534889304_192.168.146.1_58185]Ignore complete event,isRunning:false,isAbandon=false
19:46:19:445  INFO 8864 --- [SpringApplicationShutdownHook] c.a.n.c.remote.client.grpc.GrpcClient    : Shutdown grpc executor java.util.concurrent.ThreadPoolExecutor@136d0aee[Running, pool size = 5, active threads = 0, queued tasks = 0, completed tasks = 158]
19:46:19:447  INFO 8864 --- [SpringApplicationShutdownHook] com.zaxxer.hikari.HikariDataSource       : HikariPool-1 - Shutdown initiated...
19:46:19:473  INFO 8864 --- [SpringApplicationShutdownHook] com.zaxxer.hikari.HikariDataSource       : HikariPool-1 - Shutdown completed.
19:46:23:762  INFO 17692 --- [main] com.hmall.pay.PayApplication             : Starting PayApplication using Java 11.0.23 on YogaPro14s with PID 17692 (D:\IdeaProjects\hmall\pay-service\target\classes started by lzh91 in D:\IdeaProjects\hmall)
19:46:23:764 DEBUG 17692 --- [main] com.hmall.pay.PayApplication             : Running with Spring Boot v2.7.12, Spring v5.3.27
19:46:23:765  INFO 17692 --- [main] com.hmall.pay.PayApplication             : The following 1 profile is active: "local"
19:46:24:480  INFO 17692 --- [main] o.s.cloud.context.scope.GenericScope     : BeanFactory id=fd6eab5c-5966-3f54-8be6-7b3646e57aef
19:46:24:724  INFO 17692 --- [main] o.s.b.w.embedded.tomcat.TomcatWebServer  : Tomcat initialized with port(s): 8086 (http)
19:46:24:731  INFO 17692 --- [main] o.apache.catalina.core.StandardService   : Starting service [Tomcat]
19:46:24:731  INFO 17692 --- [main] org.apache.catalina.core.StandardEngine  : Starting Servlet engine: [Apache Tomcat/9.0.75]
19:46:24:853  INFO 17692 --- [main] o.a.c.c.C.[Tomcat].[localhost].[/]       : Initializing Spring embedded WebApplicationContext
19:46:24:854  INFO 17692 --- [main] w.s.c.ServletWebServerApplicationContext : Root WebApplicationContext: initialization completed in 1046 ms
19:46:25:021  INFO 17692 --- [main] o.s.c.openfeign.FeignClientFactoryBean   : For 'user-service' URL not provided. Will try picking an instance via load-balancing.
19:46:26:539  INFO 17692 --- [main] pertySourcedRequestMappingHandlerMapping : Mapped URL path [/v2/api-docs] onto method [springfox.documentation.swagger2.web.Swagger2ControllerWebMvc#getDocumentation(String, HttpServletRequest)]
19:46:27:130  INFO 17692 --- [main] com.alibaba.nacos.common.remote.client   : [RpcClientFactory] create a new rpc client of 367f6e71-68c6-4a9e-9583-846b343c2c53
19:46:27:159  INFO 17692 --- [main] org.reflections.Reflections              : Reflections took 15 ms to scan 1 urls, producing 3 keys and 6 values 
19:46:27:174  INFO 17692 --- [main] org.reflections.Reflections              : Reflections took 5 ms to scan 1 urls, producing 4 keys and 9 values 
19:46:27:181  INFO 17692 --- [main] org.reflections.Reflections              : Reflections took 5 ms to scan 1 urls, producing 3 keys and 10 values 
19:46:27:183  WARN 17692 --- [main] org.reflections.Reflections              : given scan urls are empty. set urls in the configuration
19:46:27:186  INFO 17692 --- [main] org.reflections.Reflections              : Reflections took 3 ms to scan 1 urls, producing 1 keys and 5 values 
19:46:27:196  INFO 17692 --- [main] org.reflections.Reflections              : Reflections took 6 ms to scan 1 urls, producing 1 keys and 7 values 
19:46:27:206  INFO 17692 --- [main] org.reflections.Reflections              : Reflections took 8 ms to scan 1 urls, producing 2 keys and 8 values 
19:46:27:207  WARN 17692 --- [main] org.reflections.Reflections              : given scan urls are empty. set urls in the configuration
19:46:27:209  INFO 17692 --- [main] com.alibaba.nacos.common.remote.client   : [367f6e71-68c6-4a9e-9583-846b343c2c53] RpcClient init label, labels = {module=naming, source=sdk}
19:46:27:210  INFO 17692 --- [main] com.alibaba.nacos.common.remote.client   : [367f6e71-68c6-4a9e-9583-846b343c2c53] RpcClient init, ServerListFactory = com.alibaba.nacos.client.naming.core.ServerListManager
19:46:27:211  INFO 17692 --- [main] com.alibaba.nacos.common.remote.client   : [367f6e71-68c6-4a9e-9583-846b343c2c53] Registry connection listener to current client:com.alibaba.nacos.client.naming.remote.gprc.redo.NamingGrpcRedoService
19:46:27:211  INFO 17692 --- [main] com.alibaba.nacos.common.remote.client   : [367f6e71-68c6-4a9e-9583-846b343c2c53] Register server push request handler:com.alibaba.nacos.client.naming.remote.gprc.NamingPushRequestHandler
19:46:27:212  INFO 17692 --- [main] com.alibaba.nacos.common.remote.client   : [367f6e71-68c6-4a9e-9583-846b343c2c53] Try to connect to server on start up, server: {serverIp = '192.168.146.130', server main port = 8848}
19:46:28:747  INFO 17692 --- [main] com.alibaba.nacos.common.remote.client   : [367f6e71-68c6-4a9e-9583-846b343c2c53] Success to connect to server [192.168.146.130:8848] on start up, connectionId = 1719535583915_192.168.146.1_58772
19:46:28:747  INFO 17692 --- [com.alibaba.nacos.client.remote.worker] com.alibaba.nacos.common.remote.client   : [367f6e71-68c6-4a9e-9583-846b343c2c53] Notify connected event to listeners.
19:46:28:748  INFO 17692 --- [main] com.alibaba.nacos.common.remote.client   : [367f6e71-68c6-4a9e-9583-846b343c2c53] Register server push request handler:com.alibaba.nacos.common.remote.client.RpcClient$ConnectResetRequestHandler
19:46:28:749  INFO 17692 --- [main] com.alibaba.nacos.common.remote.client   : [367f6e71-68c6-4a9e-9583-846b343c2c53] Register server push request handler:com.alibaba.nacos.common.remote.client.RpcClient$$Lambda$1067/0x0000000800713c40
19:46:28:794  INFO 17692 --- [main] o.s.b.w.embedded.tomcat.TomcatWebServer  : Tomcat started on port(s): 8086 (http) with context path ''
19:46:28:807  INFO 17692 --- [main] c.a.c.n.registry.NacosServiceRegistry    : nacos registry, DEFAULT_GROUP pay-service 192.168.145.1:8086 register finished
19:46:29:248  INFO 17692 --- [main] d.s.w.p.DocumentationPluginsBootstrapper : Documentation plugins bootstrapped
19:46:29:251  INFO 17692 --- [main] d.s.w.p.DocumentationPluginsBootstrapper : Found 1 custom documentation plugin(s)
19:46:29:272  INFO 17692 --- [main] s.d.s.w.s.ApiListingReferenceScanner     : Scanning for api listing references
19:46:29:325  INFO 17692 --- [nacos-grpc-client-executor-9] com.alibaba.nacos.common.remote.client   : [367f6e71-68c6-4a9e-9583-846b343c2c53] Receive server push request, request = NotifySubscriberRequest, requestId = 40
19:46:29:328  INFO 17692 --- [nacos-grpc-client-executor-9] com.alibaba.nacos.common.remote.client   : [367f6e71-68c6-4a9e-9583-846b343c2c53] Ack server push request, request = NotifySubscriberRequest, requestId = 40
19:46:29:365  INFO 17692 --- [main] com.hmall.pay.PayApplication             : Started PayApplication in 6.57 seconds (JVM running for 7.478)
19:47:06:677  INFO 17692 --- [http-nio-8086-exec-1] o.a.c.c.C.[Tomcat].[localhost].[/]       : Initializing Spring DispatcherServlet 'dispatcherServlet'
19:47:06:677  INFO 17692 --- [http-nio-8086-exec-1] o.s.web.servlet.DispatcherServlet        : Initializing Servlet 'dispatcherServlet'
19:47:06:678  INFO 17692 --- [http-nio-8086-exec-1] o.s.web.servlet.DispatcherServlet        : Completed initialization in 1 ms
19:47:06:793  INFO 17692 --- [http-nio-8086-exec-1] com.zaxxer.hikari.HikariDataSource       : HikariPool-1 - Starting...
19:47:07:028  INFO 17692 --- [http-nio-8086-exec-1] com.zaxxer.hikari.HikariDataSource       : HikariPool-1 - Start completed.
19:47:07:035 DEBUG 17692 --- [http-nio-8086-exec-1] c.h.pay.mapper.PayOrderMapper.selectOne  : ==>  Preparing: SELECT id,biz_order_no,pay_order_no,biz_user_id,pay_channel_code,amount,pay_type,status,expand_json,result_code,result_msg,pay_success_time,pay_over_time,qr_code_url,create_time,update_time,creater,updater,is_delete FROM pay_order WHERE (biz_order_no = ?)
19:47:07:053 DEBUG 17692 --- [http-nio-8086-exec-1] c.h.pay.mapper.PayOrderMapper.selectOne  : ==> Parameters: 1806489466294964226(Long)
19:47:07:069 DEBUG 17692 --- [http-nio-8086-exec-1] c.h.pay.mapper.PayOrderMapper.selectOne  : <==      Total: 0
19:47:07:109 DEBUG 17692 --- [http-nio-8086-exec-1] c.h.pay.mapper.PayOrderMapper.insert     : ==>  Preparing: INSERT INTO pay_order ( id, biz_order_no, pay_order_no, biz_user_id, pay_channel_code, amount, pay_type, status, pay_over_time ) VALUES ( ?, ?, ?, ?, ?, ?, ?, ?, ? )
19:47:07:111 DEBUG 17692 --- [http-nio-8086-exec-1] c.h.pay.mapper.PayOrderMapper.insert     : ==> Parameters: 1806489469369364483(Long), 1806489466294964226(Long), 1806489469369364482(Long), 1(Long), balance(String), 379500(Integer), 5(Integer), 1(Integer), 2024-06-27T21:47:07.103141700(LocalDateTime)
19:47:07:116 DEBUG 17692 --- [http-nio-8086-exec-1] c.h.pay.mapper.PayOrderMapper.insert     : <==    Updates: 1
19:47:09:804 DEBUG 17692 --- [http-nio-8086-exec-4] c.h.p.mapper.PayOrderMapper.selectById   : ==>  Preparing: SELECT id,biz_order_no,pay_order_no,biz_user_id,pay_channel_code,amount,pay_type,status,expand_json,result_code,result_msg,pay_success_time,pay_over_time,qr_code_url,create_time,update_time,creater,updater,is_delete FROM pay_order WHERE id=?
19:47:09:805 DEBUG 17692 --- [http-nio-8086-exec-4] c.h.p.mapper.PayOrderMapper.selectById   : ==> Parameters: 1806489469369364483(Long)
19:47:09:811 DEBUG 17692 --- [http-nio-8086-exec-4] c.h.p.mapper.PayOrderMapper.selectById   : <==      Total: 1
19:47:09:814 DEBUG 17692 --- [http-nio-8086-exec-4] com.hmall.api.client.UserClient          : [UserClient#deductMoney] ---> PUT http://user-service/users/money/deduct?pw=123&amount=379500 HTTP/1.1
19:47:09:814 DEBUG 17692 --- [http-nio-8086-exec-4] com.hmall.api.client.UserClient          : [UserClient#deductMoney] user-info: 1
19:47:09:814 DEBUG 17692 --- [http-nio-8086-exec-4] com.hmall.api.client.UserClient          : [UserClient#deductMoney] ---> END HTTP (0-byte body)
19:47:09:978 DEBUG 17692 --- [http-nio-8086-exec-4] com.hmall.api.client.UserClient          : [UserClient#deductMoney] <--- HTTP/1.1 200 (163ms)
19:47:09:979 DEBUG 17692 --- [http-nio-8086-exec-4] com.hmall.api.client.UserClient          : [UserClient#deductMoney] connection: keep-alive
19:47:09:979 DEBUG 17692 --- [http-nio-8086-exec-4] com.hmall.api.client.UserClient          : [UserClient#deductMoney] content-length: 0
19:47:09:979 DEBUG 17692 --- [http-nio-8086-exec-4] com.hmall.api.client.UserClient          : [UserClient#deductMoney] date: Fri, 28 Jun 2024 00:47:09 GMT
19:47:09:979 DEBUG 17692 --- [http-nio-8086-exec-4] com.hmall.api.client.UserClient          : [UserClient#deductMoney] keep-alive: timeout=60
19:47:09:979 DEBUG 17692 --- [http-nio-8086-exec-4] com.hmall.api.client.UserClient          : [UserClient#deductMoney] 
19:47:09:979 DEBUG 17692 --- [http-nio-8086-exec-4] com.hmall.api.client.UserClient          : [UserClient#deductMoney] <--- END HTTP (0-byte body)
19:47:09:986 DEBUG 17692 --- [http-nio-8086-exec-4] c.h.pay.mapper.PayOrderMapper.update     : ==>  Preparing: UPDATE pay_order SET status=?,pay_success_time=? WHERE (id = ? AND status IN (?,?))
19:47:09:987 DEBUG 17692 --- [http-nio-8086-exec-4] c.h.pay.mapper.PayOrderMapper.update     : ==> Parameters: 3(Integer), 2024-06-27T19:47:09.980227500(LocalDateTime), 1806489469369364483(Long), 0(Integer), 1(Integer)
19:47:09:990 DEBUG 17692 --- [http-nio-8086-exec-4] c.h.pay.mapper.PayOrderMapper.update     : <==    Updates: 1
19:47:09:994  INFO 17692 --- [http-nio-8086-exec-4] o.s.a.r.c.CachingConnectionFactory       : Attempting to connect to: [192.168.146.130:5672]
19:47:10:025  INFO 17692 --- [http-nio-8086-exec-4] o.s.a.r.c.CachingConnectionFactory       : Created new connection: rabbitConnectionFactory#3dc46f24:0/SimpleConnection@1fa426bd [delegate=amqp://hmall@192.168.146.130:5672//hmall, localPort= 58840]
19:47:10:430  INFO 17692 --- [nacos-grpc-client-executor-22] com.alibaba.nacos.common.remote.client   : [367f6e71-68c6-4a9e-9583-846b343c2c53] Receive server push request, request = NotifySubscriberRequest, requestId = 43
19:47:10:431  INFO 17692 --- [nacos-grpc-client-executor-22] com.alibaba.nacos.common.remote.client   : [367f6e71-68c6-4a9e-9583-846b343c2c53] Ack server push request, request = NotifySubscriberRequest, requestId = 43
19:49:27:200  WARN 17692 --- [Thread-7] c.a.n.common.http.HttpClientBeanHolder   : [HttpClientBeanHolder] Start destroying common HttpClient
19:49:27:200  WARN 17692 --- [Thread-4] c.a.nacos.common.notify.NotifyCenter     : [NotifyCenter] Start destroying Publisher
19:49:27:200  WARN 17692 --- [Thread-4] c.a.nacos.common.notify.NotifyCenter     : [NotifyCenter] Destruction of the end
19:49:27:201  WARN 17692 --- [Thread-7] c.a.n.common.http.HttpClientBeanHolder   : [HttpClientBeanHolder] Destruction of the end
19:49:27:663  INFO 17692 --- [SpringApplicationShutdownHook] c.a.c.n.registry.NacosServiceRegistry    : De-registering from Nacos Server now...
19:49:27:668  INFO 17692 --- [SpringApplicationShutdownHook] c.a.c.n.registry.NacosServiceRegistry    : De-registration finished.
19:49:27:989  INFO 17692 --- [SpringApplicationShutdownHook] com.alibaba.nacos.common.remote.client   : Shutdown rpc client, set status to shutdown
19:49:27:989  INFO 17692 --- [SpringApplicationShutdownHook] com.alibaba.nacos.common.remote.client   : Shutdown client event executor java.util.concurrent.ScheduledThreadPoolExecutor@6359456a[Running, pool size = 2, active threads = 2, queued tasks = 0, completed tasks = 0]
19:49:27:989  INFO 17692 --- [SpringApplicationShutdownHook] com.alibaba.nacos.common.remote.client   : Close current connection 1719535583915_192.168.146.1_58772
19:49:27:991  INFO 17692 --- [nacos-grpc-client-executor-57] c.a.n.c.remote.client.grpc.GrpcClient    : [1719535583915_192.168.146.1_58772]Ignore complete event,isRunning:false,isAbandon=false
19:49:27:993  INFO 17692 --- [SpringApplicationShutdownHook] c.a.n.c.remote.client.grpc.GrpcClient    : Shutdown grpc executor java.util.concurrent.ThreadPoolExecutor@4d349a5a[Running, pool size = 6, active threads = 0, queued tasks = 0, completed tasks = 58]
19:49:27:997  INFO 17692 --- [SpringApplicationShutdownHook] com.zaxxer.hikari.HikariDataSource       : HikariPool-1 - Shutdown initiated...
19:49:28:012  INFO 17692 --- [SpringApplicationShutdownHook] com.zaxxer.hikari.HikariDataSource       : HikariPool-1 - Shutdown completed.
