17:31:48:828  INFO 9708 --- [main] com.hmall.cart.CartApplication           : Starting CartApplication using Java 11.0.23 on YogaPro14s with PID 9708 (D:\IdeaProjects\hmall\cart-service\target\classes started by lzh91 in D:\IdeaProjects\hmall)
17:31:48:831 DEBUG 9708 --- [main] com.hmall.cart.CartApplication           : Running with Spring Boot v2.7.12, Spring v5.3.27
17:31:48:832  INFO 9708 --- [main] com.hmall.cart.CartApplication           : The following 1 profile is active: "local"
17:31:49:483  INFO 9708 --- [main] o.s.cloud.context.scope.GenericScope     : BeanFactory id=40b34387-0ef7-3c82-bda0-ddb916098f40
17:31:49:712  INFO 9708 --- [main] o.s.b.w.embedded.tomcat.TomcatWebServer  : Tomcat initialized with port(s): 8082 (http)
17:31:49:719  INFO 9708 --- [main] o.apache.catalina.core.StandardService   : Starting service [Tomcat]
17:31:49:720  INFO 9708 --- [main] org.apache.catalina.core.StandardEngine  : Starting Servlet engine: [Apache Tomcat/9.0.75]
17:31:49:822  INFO 9708 --- [main] o.a.c.c.C.[Tomcat].[localhost].[/]       : Initializing Spring embedded WebApplicationContext
17:31:49:822  INFO 9708 --- [main] w.s.c.ServletWebServerApplicationContext : Root WebApplicationContext: initialization completed in 961 ms
17:31:49:955  INFO 9708 --- [main] o.s.c.openfeign.FeignClientFactoryBean   : For 'item-service' URL not provided. Will try picking an instance via load-balancing.
17:31:52:246  INFO 9708 --- [main] o.s.cloud.commons.util.InetUtils         : Cannot determine local hostname
17:31:52:271  INFO 9708 --- [main] pertySourcedRequestMappingHandlerMapping : Mapped URL path [/v2/api-docs] onto method [springfox.documentation.swagger2.web.Swagger2ControllerWebMvc#getDocumentation(String, HttpServletRequest)]
17:31:53:727  INFO 9708 --- [main] o.s.cloud.commons.util.InetUtils         : Cannot determine local hostname
17:31:53:861  INFO 9708 --- [main] com.alibaba.nacos.common.remote.client   : [RpcClientFactory] create a new rpc client of 37dd19ac-e706-476c-8c26-95d72a8f4822
17:31:53:891  INFO 9708 --- [main] org.reflections.Reflections              : Reflections took 16 ms to scan 1 urls, producing 3 keys and 6 values 
17:31:53:908  INFO 9708 --- [main] org.reflections.Reflections              : Reflections took 7 ms to scan 1 urls, producing 4 keys and 9 values 
17:31:53:915  INFO 9708 --- [main] org.reflections.Reflections              : Reflections took 5 ms to scan 1 urls, producing 3 keys and 10 values 
17:31:53:917  WARN 9708 --- [main] org.reflections.Reflections              : given scan urls are empty. set urls in the configuration
17:31:53:923  INFO 9708 --- [main] org.reflections.Reflections              : Reflections took 6 ms to scan 1 urls, producing 1 keys and 5 values 
17:31:53:929  INFO 9708 --- [main] org.reflections.Reflections              : Reflections took 5 ms to scan 1 urls, producing 1 keys and 7 values 
17:31:53:936  INFO 9708 --- [main] org.reflections.Reflections              : Reflections took 5 ms to scan 1 urls, producing 2 keys and 8 values 
17:31:53:938  WARN 9708 --- [main] org.reflections.Reflections              : given scan urls are empty. set urls in the configuration
17:31:53:939  INFO 9708 --- [main] com.alibaba.nacos.common.remote.client   : [37dd19ac-e706-476c-8c26-95d72a8f4822] RpcClient init label, labels = {module=naming, source=sdk}
17:31:53:941  INFO 9708 --- [main] com.alibaba.nacos.common.remote.client   : [37dd19ac-e706-476c-8c26-95d72a8f4822] RpcClient init, ServerListFactory = com.alibaba.nacos.client.naming.core.ServerListManager
17:31:53:941  INFO 9708 --- [main] com.alibaba.nacos.common.remote.client   : [37dd19ac-e706-476c-8c26-95d72a8f4822] Registry connection listener to current client:com.alibaba.nacos.client.naming.remote.gprc.redo.NamingGrpcRedoService
17:31:53:941  INFO 9708 --- [main] com.alibaba.nacos.common.remote.client   : [37dd19ac-e706-476c-8c26-95d72a8f4822] Register server push request handler:com.alibaba.nacos.client.naming.remote.gprc.NamingPushRequestHandler
17:31:53:942  INFO 9708 --- [main] com.alibaba.nacos.common.remote.client   : [37dd19ac-e706-476c-8c26-95d72a8f4822] Try to connect to server on start up, server: {serverIp = '192.168.146.130', server main port = 8848}
17:31:55:470  INFO 9708 --- [main] com.alibaba.nacos.common.remote.client   : [37dd19ac-e706-476c-8c26-95d72a8f4822] Success to connect to server [192.168.146.130:8848] on start up, connectionId = 1719181914161_192.168.146.1_58879
17:31:55:470  INFO 9708 --- [com.alibaba.nacos.client.remote.worker] com.alibaba.nacos.common.remote.client   : [37dd19ac-e706-476c-8c26-95d72a8f4822] Notify connected event to listeners.
17:31:55:471  INFO 9708 --- [main] com.alibaba.nacos.common.remote.client   : [37dd19ac-e706-476c-8c26-95d72a8f4822] Register server push request handler:com.alibaba.nacos.common.remote.client.RpcClient$ConnectResetRequestHandler
17:31:55:471  INFO 9708 --- [main] com.alibaba.nacos.common.remote.client   : [37dd19ac-e706-476c-8c26-95d72a8f4822] Register server push request handler:com.alibaba.nacos.common.remote.client.RpcClient$$Lambda$975/0x00000008006a2840
17:31:55:531  INFO 9708 --- [main] o.s.b.w.embedded.tomcat.TomcatWebServer  : Tomcat started on port(s): 8082 (http) with context path ''
17:31:55:543  INFO 9708 --- [main] c.a.c.n.registry.NacosServiceRegistry    : nacos registry, DEFAULT_GROUP cart-service 192.168.145.1:8082 register finished
17:31:55:999  INFO 9708 --- [nacos-grpc-client-executor-9] com.alibaba.nacos.common.remote.client   : [37dd19ac-e706-476c-8c26-95d72a8f4822] Receive server push request, request = NotifySubscriberRequest, requestId = 4
17:31:56:003  INFO 9708 --- [nacos-grpc-client-executor-9] com.alibaba.nacos.common.remote.client   : [37dd19ac-e706-476c-8c26-95d72a8f4822] Ack server push request, request = NotifySubscriberRequest, requestId = 4
17:31:56:889  INFO 9708 --- [main] o.s.cloud.commons.util.InetUtils         : Cannot determine local hostname
17:31:56:889  INFO 9708 --- [main] d.s.w.p.DocumentationPluginsBootstrapper : Documentation plugins bootstrapped
17:31:56:892  INFO 9708 --- [main] d.s.w.p.DocumentationPluginsBootstrapper : Found 1 custom documentation plugin(s)
17:31:56:911  INFO 9708 --- [main] s.d.s.w.s.ApiListingReferenceScanner     : Scanning for api listing references
17:31:56:985  INFO 9708 --- [main] com.hmall.cart.CartApplication           : Started CartApplication in 9.947 seconds (JVM running for 10.791)
17:54:02:827  WARN 9708 --- [Thread-7] c.a.n.common.http.HttpClientBeanHolder   : [HttpClientBeanHolder] Start destroying common HttpClient
17:54:02:827  WARN 9708 --- [Thread-4] c.a.nacos.common.notify.NotifyCenter     : [NotifyCenter] Start destroying Publisher
17:54:02:827  WARN 9708 --- [Thread-4] c.a.nacos.common.notify.NotifyCenter     : [NotifyCenter] Destruction of the end
17:54:02:828  WARN 9708 --- [Thread-7] c.a.n.common.http.HttpClientBeanHolder   : [HttpClientBeanHolder] Destruction of the end
17:54:03:130  INFO 9708 --- [SpringApplicationShutdownHook] c.a.c.n.registry.NacosServiceRegistry    : De-registering from Nacos Server now...
17:54:03:134  INFO 9708 --- [SpringApplicationShutdownHook] c.a.c.n.registry.NacosServiceRegistry    : De-registration finished.
17:54:03:461  INFO 9708 --- [SpringApplicationShutdownHook] com.alibaba.nacos.common.remote.client   : Shutdown rpc client, set status to shutdown
17:54:03:461  INFO 9708 --- [SpringApplicationShutdownHook] com.alibaba.nacos.common.remote.client   : Shutdown client event executor java.util.concurrent.ScheduledThreadPoolExecutor@725bb7c6[Running, pool size = 2, active threads = 2, queued tasks = 0, completed tasks = 0]
17:54:03:462  INFO 9708 --- [SpringApplicationShutdownHook] com.alibaba.nacos.common.remote.client   : Close current connection 1719181914161_192.168.146.1_58879
17:54:03:464  INFO 9708 --- [nacos-grpc-client-executor-282] c.a.n.c.remote.client.grpc.GrpcClient    : [1719181914161_192.168.146.1_58879]Ignore complete event,isRunning:false,isAbandon=false
17:54:03:466  INFO 9708 --- [SpringApplicationShutdownHook] c.a.n.c.remote.client.grpc.GrpcClient    : Shutdown grpc executor java.util.concurrent.ThreadPoolExecutor@45f7ce1d[Running, pool size = 5, active threads = 0, queued tasks = 0, completed tasks = 283]
17:54:08:472  INFO 19232 --- [main] com.hmall.cart.CartApplication           : Starting CartApplication using Java 11.0.23 on YogaPro14s with PID 19232 (D:\IdeaProjects\hmall\cart-service\target\classes started by lzh91 in D:\IdeaProjects\hmall)
17:54:08:474 DEBUG 19232 --- [main] com.hmall.cart.CartApplication           : Running with Spring Boot v2.7.12, Spring v5.3.27
17:54:08:475  INFO 19232 --- [main] com.hmall.cart.CartApplication           : The following 1 profile is active: "local"
17:54:09:207  INFO 19232 --- [main] o.s.cloud.context.scope.GenericScope     : BeanFactory id=52798fef-5414-3887-b5b5-6934cebe4bac
17:54:09:457  INFO 19232 --- [main] o.s.b.w.embedded.tomcat.TomcatWebServer  : Tomcat initialized with port(s): 8082 (http)
17:54:09:465  INFO 19232 --- [main] o.apache.catalina.core.StandardService   : Starting service [Tomcat]
17:54:09:465  INFO 19232 --- [main] org.apache.catalina.core.StandardEngine  : Starting Servlet engine: [Apache Tomcat/9.0.75]
17:54:09:589  INFO 19232 --- [main] o.a.c.c.C.[Tomcat].[localhost].[/]       : Initializing Spring embedded WebApplicationContext
17:54:09:590  INFO 19232 --- [main] w.s.c.ServletWebServerApplicationContext : Root WebApplicationContext: initialization completed in 1086 ms
17:54:09:751  INFO 19232 --- [main] o.s.c.openfeign.FeignClientFactoryBean   : For 'item-service' URL not provided. Will try picking an instance via load-balancing.
17:54:12:168  INFO 19232 --- [main] o.s.cloud.commons.util.InetUtils         : Cannot determine local hostname
17:54:12:200  INFO 19232 --- [main] pertySourcedRequestMappingHandlerMapping : Mapped URL path [/v2/api-docs] onto method [springfox.documentation.swagger2.web.Swagger2ControllerWebMvc#getDocumentation(String, HttpServletRequest)]
17:54:13:637  INFO 19232 --- [main] o.s.cloud.commons.util.InetUtils         : Cannot determine local hostname
17:54:13:759  INFO 19232 --- [main] com.alibaba.nacos.common.remote.client   : [RpcClientFactory] create a new rpc client of b6d5096d-0553-400a-b965-c1d3a06b9528
17:54:13:789  INFO 19232 --- [main] org.reflections.Reflections              : Reflections took 16 ms to scan 1 urls, producing 3 keys and 6 values 
17:54:13:806  INFO 19232 --- [main] org.reflections.Reflections              : Reflections took 6 ms to scan 1 urls, producing 4 keys and 9 values 
17:54:13:814  INFO 19232 --- [main] org.reflections.Reflections              : Reflections took 6 ms to scan 1 urls, producing 3 keys and 10 values 
17:54:13:815  WARN 19232 --- [main] org.reflections.Reflections              : given scan urls are empty. set urls in the configuration
17:54:13:821  INFO 19232 --- [main] org.reflections.Reflections              : Reflections took 5 ms to scan 1 urls, producing 1 keys and 5 values 
17:54:13:827  INFO 19232 --- [main] org.reflections.Reflections              : Reflections took 5 ms to scan 1 urls, producing 1 keys and 7 values 
17:54:13:834  INFO 19232 --- [main] org.reflections.Reflections              : Reflections took 4 ms to scan 1 urls, producing 2 keys and 8 values 
17:54:13:836  WARN 19232 --- [main] org.reflections.Reflections              : given scan urls are empty. set urls in the configuration
17:54:13:837  INFO 19232 --- [main] com.alibaba.nacos.common.remote.client   : [b6d5096d-0553-400a-b965-c1d3a06b9528] RpcClient init label, labels = {module=naming, source=sdk}
17:54:13:839  INFO 19232 --- [main] com.alibaba.nacos.common.remote.client   : [b6d5096d-0553-400a-b965-c1d3a06b9528] RpcClient init, ServerListFactory = com.alibaba.nacos.client.naming.core.ServerListManager
17:54:13:839  INFO 19232 --- [main] com.alibaba.nacos.common.remote.client   : [b6d5096d-0553-400a-b965-c1d3a06b9528] Registry connection listener to current client:com.alibaba.nacos.client.naming.remote.gprc.redo.NamingGrpcRedoService
17:54:13:839  INFO 19232 --- [main] com.alibaba.nacos.common.remote.client   : [b6d5096d-0553-400a-b965-c1d3a06b9528] Register server push request handler:com.alibaba.nacos.client.naming.remote.gprc.NamingPushRequestHandler
17:54:13:841  INFO 19232 --- [main] com.alibaba.nacos.common.remote.client   : [b6d5096d-0553-400a-b965-c1d3a06b9528] Try to connect to server on start up, server: {serverIp = '192.168.146.130', server main port = 8848}
17:54:15:612  INFO 19232 --- [main] com.alibaba.nacos.common.remote.client   : [b6d5096d-0553-400a-b965-c1d3a06b9528] Success to connect to server [192.168.146.130:8848] on start up, connectionId = 1719183254136_192.168.146.1_59349
17:54:15:612  INFO 19232 --- [com.alibaba.nacos.client.remote.worker] com.alibaba.nacos.common.remote.client   : [b6d5096d-0553-400a-b965-c1d3a06b9528] Notify connected event to listeners.
17:54:15:613  INFO 19232 --- [main] com.alibaba.nacos.common.remote.client   : [b6d5096d-0553-400a-b965-c1d3a06b9528] Register server push request handler:com.alibaba.nacos.common.remote.client.RpcClient$ConnectResetRequestHandler
17:54:15:614  INFO 19232 --- [main] com.alibaba.nacos.common.remote.client   : [b6d5096d-0553-400a-b965-c1d3a06b9528] Register server push request handler:com.alibaba.nacos.common.remote.client.RpcClient$$Lambda$975/0x00000008006a2840
17:54:15:658  INFO 19232 --- [main] o.s.b.w.embedded.tomcat.TomcatWebServer  : Tomcat started on port(s): 8082 (http) with context path ''
17:54:15:670  INFO 19232 --- [main] c.a.c.n.registry.NacosServiceRegistry    : nacos registry, DEFAULT_GROUP cart-service 192.168.145.1:8082 register finished
17:54:16:201  INFO 19232 --- [nacos-grpc-client-executor-9] com.alibaba.nacos.common.remote.client   : [b6d5096d-0553-400a-b965-c1d3a06b9528] Receive server push request, request = NotifySubscriberRequest, requestId = 10
17:54:16:204  INFO 19232 --- [nacos-grpc-client-executor-9] com.alibaba.nacos.common.remote.client   : [b6d5096d-0553-400a-b965-c1d3a06b9528] Ack server push request, request = NotifySubscriberRequest, requestId = 10
17:54:17:114  INFO 19232 --- [main] o.s.cloud.commons.util.InetUtils         : Cannot determine local hostname
17:54:17:114  INFO 19232 --- [main] d.s.w.p.DocumentationPluginsBootstrapper : Documentation plugins bootstrapped
17:54:17:117  INFO 19232 --- [main] d.s.w.p.DocumentationPluginsBootstrapper : Found 1 custom documentation plugin(s)
17:54:17:142  INFO 19232 --- [main] s.d.s.w.s.ApiListingReferenceScanner     : Scanning for api listing references
17:54:17:226  INFO 19232 --- [main] com.hmall.cart.CartApplication           : Started CartApplication in 10.595 seconds (JVM running for 11.317)
17:56:04:587  INFO 19232 --- [http-nio-8082-exec-1] o.a.c.c.C.[Tomcat].[localhost].[/]       : Initializing Spring DispatcherServlet 'dispatcherServlet'
17:56:04:587  INFO 19232 --- [http-nio-8082-exec-1] o.s.web.servlet.DispatcherServlet        : Initializing Servlet 'dispatcherServlet'
17:56:04:589  INFO 19232 --- [http-nio-8082-exec-1] o.s.web.servlet.DispatcherServlet        : Completed initialization in 2 ms
17:56:04:671  INFO 19232 --- [http-nio-8082-exec-1] com.zaxxer.hikari.HikariDataSource       : HikariPool-1 - Starting...
17:56:04:897  INFO 19232 --- [http-nio-8082-exec-1] com.zaxxer.hikari.HikariDataSource       : HikariPool-1 - Start completed.
17:56:04:903 DEBUG 19232 --- [http-nio-8082-exec-1] c.h.cart.mapper.CartMapper.selectList    : ==>  Preparing: SELECT id,user_id,item_id,num,name,spec,price,image,create_time,update_time FROM cart WHERE (user_id = ?)
17:56:04:918 DEBUG 19232 --- [http-nio-8082-exec-1] c.h.cart.mapper.CartMapper.selectList    : ==> Parameters: 1(Long)
17:56:04:939 DEBUG 19232 --- [http-nio-8082-exec-1] c.h.cart.mapper.CartMapper.selectList    : <==      Total: 1
17:56:04:973 DEBUG 19232 --- [http-nio-8082-exec-1] com.hmall.api.client.ItemClient          : [ItemClient#queryItemByIds] ---> GET http://item-service/items?ids=100000006163 HTTP/1.1
17:56:04:973 DEBUG 19232 --- [http-nio-8082-exec-1] com.hmall.api.client.ItemClient          : [ItemClient#queryItemByIds] ---> END HTTP (0-byte body)
17:56:05:110 DEBUG 19232 --- [http-nio-8082-exec-1] com.hmall.api.client.ItemClient          : [ItemClient#queryItemByIds] <--- HTTP/1.1 200 (135ms)
17:56:05:111 DEBUG 19232 --- [http-nio-8082-exec-1] com.hmall.api.client.ItemClient          : [ItemClient#queryItemByIds] connection: keep-alive
17:56:05:111 DEBUG 19232 --- [http-nio-8082-exec-1] com.hmall.api.client.ItemClient          : [ItemClient#queryItemByIds] content-type: application/json
17:56:05:111 DEBUG 19232 --- [http-nio-8082-exec-1] com.hmall.api.client.ItemClient          : [ItemClient#queryItemByIds] date: Sun, 23 Jun 2024 22:56:05 GMT
17:56:05:111 DEBUG 19232 --- [http-nio-8082-exec-1] com.hmall.api.client.ItemClient          : [ItemClient#queryItemByIds] keep-alive: timeout=60
17:56:05:111 DEBUG 19232 --- [http-nio-8082-exec-1] com.hmall.api.client.ItemClient          : [ItemClient#queryItemByIds] transfer-encoding: chunked
17:56:05:111 DEBUG 19232 --- [http-nio-8082-exec-1] com.hmall.api.client.ItemClient          : [ItemClient#queryItemByIds] 
17:56:05:111 DEBUG 19232 --- [http-nio-8082-exec-1] com.hmall.api.client.ItemClient          : [ItemClient#queryItemByIds] [{"id":"100000006163","name":"巴布豆(BOBDOG)柔薄悦动婴儿拉拉裤XXL码80片(15kg以上)","price":67100,"stock":10000,"image":"https://m.360buyimg.com/mobilecms/s720x720_jfs/t23998/350/2363990466/222391/a6e9581d/5b7cba5bN0c18fb4f.jpg!q70.jpg.webp","category":"拉拉裤","brand":"巴布豆","spec":"{}","sold":11,"commentCount":33343434,"isAD":false,"status":2}]
17:56:05:111 DEBUG 19232 --- [http-nio-8082-exec-1] com.hmall.api.client.ItemClient          : [ItemClient#queryItemByIds] <--- END HTTP (371-byte body)
17:56:05:653  INFO 19232 --- [nacos-grpc-client-executor-36] com.alibaba.nacos.common.remote.client   : [b6d5096d-0553-400a-b965-c1d3a06b9528] Receive server push request, request = NotifySubscriberRequest, requestId = 15
17:56:05:654  INFO 19232 --- [nacos-grpc-client-executor-36] com.alibaba.nacos.common.remote.client   : [b6d5096d-0553-400a-b965-c1d3a06b9528] Ack server push request, request = NotifySubscriberRequest, requestId = 15
17:56:07:182 DEBUG 19232 --- [http-nio-8082-exec-3] c.h.cart.mapper.CartMapper.selectList    : ==>  Preparing: SELECT id,user_id,item_id,num,name,spec,price,image,create_time,update_time FROM cart WHERE (user_id = ?)
17:56:07:182 DEBUG 19232 --- [http-nio-8082-exec-3] c.h.cart.mapper.CartMapper.selectList    : ==> Parameters: 1(Long)
17:56:07:184 DEBUG 19232 --- [http-nio-8082-exec-3] c.h.cart.mapper.CartMapper.selectList    : <==      Total: 1
17:56:07:185 DEBUG 19232 --- [http-nio-8082-exec-3] com.hmall.api.client.ItemClient          : [ItemClient#queryItemByIds] ---> GET http://item-service/items?ids=100000006163 HTTP/1.1
17:56:07:185 DEBUG 19232 --- [http-nio-8082-exec-3] com.hmall.api.client.ItemClient          : [ItemClient#queryItemByIds] ---> END HTTP (0-byte body)
17:56:07:196 DEBUG 19232 --- [http-nio-8082-exec-3] com.hmall.api.client.ItemClient          : [ItemClient#queryItemByIds] <--- HTTP/1.1 200 (10ms)
17:56:07:196 DEBUG 19232 --- [http-nio-8082-exec-3] com.hmall.api.client.ItemClient          : [ItemClient#queryItemByIds] connection: keep-alive
17:56:07:196 DEBUG 19232 --- [http-nio-8082-exec-3] com.hmall.api.client.ItemClient          : [ItemClient#queryItemByIds] content-type: application/json
17:56:07:196 DEBUG 19232 --- [http-nio-8082-exec-3] com.hmall.api.client.ItemClient          : [ItemClient#queryItemByIds] date: Sun, 23 Jun 2024 22:56:07 GMT
17:56:07:196 DEBUG 19232 --- [http-nio-8082-exec-3] com.hmall.api.client.ItemClient          : [ItemClient#queryItemByIds] keep-alive: timeout=60
17:56:07:196 DEBUG 19232 --- [http-nio-8082-exec-3] com.hmall.api.client.ItemClient          : [ItemClient#queryItemByIds] transfer-encoding: chunked
17:56:07:196 DEBUG 19232 --- [http-nio-8082-exec-3] com.hmall.api.client.ItemClient          : [ItemClient#queryItemByIds] 
17:56:07:196 DEBUG 19232 --- [http-nio-8082-exec-3] com.hmall.api.client.ItemClient          : [ItemClient#queryItemByIds] [{"id":"100000006163","name":"巴布豆(BOBDOG)柔薄悦动婴儿拉拉裤XXL码80片(15kg以上)","price":67100,"stock":10000,"image":"https://m.360buyimg.com/mobilecms/s720x720_jfs/t23998/350/2363990466/222391/a6e9581d/5b7cba5bN0c18fb4f.jpg!q70.jpg.webp","category":"拉拉裤","brand":"巴布豆","spec":"{}","sold":11,"commentCount":33343434,"isAD":false,"status":2}]
17:56:07:196 DEBUG 19232 --- [http-nio-8082-exec-3] com.hmall.api.client.ItemClient          : [ItemClient#queryItemByIds] <--- END HTTP (371-byte body)
17:57:21:246 DEBUG 19232 --- [http-nio-8082-exec-4] c.h.cart.mapper.CartMapper.selectList    : ==>  Preparing: SELECT id,user_id,item_id,num,name,spec,price,image,create_time,update_time FROM cart WHERE (user_id = ?)
17:57:21:246 DEBUG 19232 --- [http-nio-8082-exec-4] c.h.cart.mapper.CartMapper.selectList    : ==> Parameters: 2(Long)
17:57:21:248 DEBUG 19232 --- [http-nio-8082-exec-4] c.h.cart.mapper.CartMapper.selectList    : <==      Total: 0
18:10:12:196 DEBUG 19232 --- [http-nio-8082-exec-6] c.h.cart.mapper.CartMapper.selectList    : ==>  Preparing: SELECT id,user_id,item_id,num,name,spec,price,image,create_time,update_time FROM cart WHERE (user_id = ?)
18:10:12:197 DEBUG 19232 --- [http-nio-8082-exec-6] c.h.cart.mapper.CartMapper.selectList    : ==> Parameters: 2(Long)
18:10:12:198 DEBUG 19232 --- [http-nio-8082-exec-6] c.h.cart.mapper.CartMapper.selectList    : <==      Total: 0
18:10:18:855 DEBUG 19232 --- [http-nio-8082-exec-7] c.h.cart.mapper.CartMapper.selectCount   : ==>  Preparing: SELECT COUNT( * ) FROM cart WHERE (user_id = ? AND item_id = ?)
18:10:18:856 DEBUG 19232 --- [http-nio-8082-exec-7] c.h.cart.mapper.CartMapper.selectCount   : ==> Parameters: 2(Long), 8533120(Long)
18:10:18:858 DEBUG 19232 --- [http-nio-8082-exec-7] c.h.cart.mapper.CartMapper.selectCount   : <==      Total: 1
18:10:18:859 DEBUG 19232 --- [http-nio-8082-exec-7] c.h.cart.mapper.CartMapper.selectCount   : ==>  Preparing: SELECT COUNT( * ) FROM cart WHERE (user_id = ?)
18:10:18:859 DEBUG 19232 --- [http-nio-8082-exec-7] c.h.cart.mapper.CartMapper.selectCount   : ==> Parameters: 2(Long)
18:10:18:861 DEBUG 19232 --- [http-nio-8082-exec-7] c.h.cart.mapper.CartMapper.selectCount   : <==      Total: 1
18:10:18:863 DEBUG 19232 --- [http-nio-8082-exec-7] com.hmall.cart.mapper.CartMapper.insert  : ==>  Preparing: INSERT INTO cart ( user_id, item_id, name, spec, price, image ) VALUES ( ?, ?, ?, ?, ?, ? )
18:10:18:864 DEBUG 19232 --- [http-nio-8082-exec-7] com.hmall.cart.mapper.CartMapper.insert  : ==> Parameters: 2(Long), 8533120(Long), 海尔 （Haier ）LQ65H31 65英寸 4K曲面人工智能全面屏超高清LED液晶电视(String), {}(String), 379500(Integer), https://m.360buyimg.com/mobilecms/s720x720_jfs/t1/2851/14/13998/101463/5bd9723cE81b2c299/1bfdf2d1628648e4.jpg!q70.jpg.webp(String)
18:10:18:900 DEBUG 19232 --- [http-nio-8082-exec-7] com.hmall.cart.mapper.CartMapper.insert  : <==    Updates: 1
18:10:18:948 DEBUG 19232 --- [http-nio-8082-exec-8] c.h.cart.mapper.CartMapper.selectList    : ==>  Preparing: SELECT id,user_id,item_id,num,name,spec,price,image,create_time,update_time FROM cart WHERE (user_id = ?)
18:10:18:950 DEBUG 19232 --- [http-nio-8082-exec-8] c.h.cart.mapper.CartMapper.selectList    : ==> Parameters: 2(Long)
18:10:18:953 DEBUG 19232 --- [http-nio-8082-exec-8] c.h.cart.mapper.CartMapper.selectList    : <==      Total: 1
18:10:18:954 DEBUG 19232 --- [http-nio-8082-exec-8] com.hmall.api.client.ItemClient          : [ItemClient#queryItemByIds] ---> GET http://item-service/items?ids=8533120 HTTP/1.1
18:10:18:954 DEBUG 19232 --- [http-nio-8082-exec-8] com.hmall.api.client.ItemClient          : [ItemClient#queryItemByIds] ---> END HTTP (0-byte body)
18:10:18:963 DEBUG 19232 --- [http-nio-8082-exec-8] com.hmall.api.client.ItemClient          : [ItemClient#queryItemByIds] <--- HTTP/1.1 200 (9ms)
18:10:18:964 DEBUG 19232 --- [http-nio-8082-exec-8] com.hmall.api.client.ItemClient          : [ItemClient#queryItemByIds] connection: keep-alive
18:10:18:964 DEBUG 19232 --- [http-nio-8082-exec-8] com.hmall.api.client.ItemClient          : [ItemClient#queryItemByIds] content-type: application/json
18:10:18:964 DEBUG 19232 --- [http-nio-8082-exec-8] com.hmall.api.client.ItemClient          : [ItemClient#queryItemByIds] date: Sun, 23 Jun 2024 23:10:18 GMT
18:10:18:964 DEBUG 19232 --- [http-nio-8082-exec-8] com.hmall.api.client.ItemClient          : [ItemClient#queryItemByIds] keep-alive: timeout=60
18:10:18:964 DEBUG 19232 --- [http-nio-8082-exec-8] com.hmall.api.client.ItemClient          : [ItemClient#queryItemByIds] transfer-encoding: chunked
18:10:18:964 DEBUG 19232 --- [http-nio-8082-exec-8] com.hmall.api.client.ItemClient          : [ItemClient#queryItemByIds] 
18:10:18:964 DEBUG 19232 --- [http-nio-8082-exec-8] com.hmall.api.client.ItemClient          : [ItemClient#queryItemByIds] [{"id":"8533120","name":"海尔 （Haier ）LQ65H31 65英寸 4K曲面人工智能全面屏超高清LED液晶电视","price":379500,"stock":10000,"image":"https://m.360buyimg.com/mobilecms/s720x720_jfs/t1/2851/14/13998/101463/5bd9723cE81b2c299/1bfdf2d1628648e4.jpg!q70.jpg.webp","category":"曲面电视","brand":"海尔","spec":"{}","sold":0,"commentCount":0,"isAD":false,"status":1}]
18:10:18:964 DEBUG 19232 --- [http-nio-8082-exec-8] com.hmall.api.client.ItemClient          : [ItemClient#queryItemByIds] <--- END HTTP (384-byte body)
18:10:27:737 DEBUG 19232 --- [http-nio-8082-exec-9] com.hmall.cart.mapper.CartMapper.delete  : ==>  Preparing: DELETE FROM cart WHERE (user_id = ? AND item_id IN (?))
18:10:27:738 DEBUG 19232 --- [http-nio-8082-exec-9] com.hmall.cart.mapper.CartMapper.delete  : ==> Parameters: 2(Long), 8533120(Long)
18:10:27:748 DEBUG 19232 --- [http-nio-8082-exec-9] com.hmall.cart.mapper.CartMapper.delete  : <==    Updates: 1
18:10:56:283 DEBUG 19232 --- [http-nio-8082-exec-10] c.h.cart.mapper.CartMapper.selectList    : ==>  Preparing: SELECT id,user_id,item_id,num,name,spec,price,image,create_time,update_time FROM cart WHERE (user_id = ?)
18:10:56:283 DEBUG 19232 --- [http-nio-8082-exec-10] c.h.cart.mapper.CartMapper.selectList    : ==> Parameters: 2(Long)
18:10:56:284 DEBUG 19232 --- [http-nio-8082-exec-10] c.h.cart.mapper.CartMapper.selectList    : <==      Total: 0
18:13:09:859  WARN 19232 --- [Thread-4] c.a.nacos.common.notify.NotifyCenter     : [NotifyCenter] Start destroying Publisher
18:13:09:859  WARN 19232 --- [Thread-7] c.a.n.common.http.HttpClientBeanHolder   : [HttpClientBeanHolder] Start destroying common HttpClient
18:13:09:859  WARN 19232 --- [Thread-4] c.a.nacos.common.notify.NotifyCenter     : [NotifyCenter] Destruction of the end
18:13:09:860  WARN 19232 --- [Thread-7] c.a.n.common.http.HttpClientBeanHolder   : [HttpClientBeanHolder] Destruction of the end
18:13:10:336  INFO 19232 --- [SpringApplicationShutdownHook] c.a.c.n.registry.NacosServiceRegistry    : De-registering from Nacos Server now...
18:13:10:340  INFO 19232 --- [SpringApplicationShutdownHook] c.a.c.n.registry.NacosServiceRegistry    : De-registration finished.
18:13:10:669  INFO 19232 --- [SpringApplicationShutdownHook] com.alibaba.nacos.common.remote.client   : Shutdown rpc client, set status to shutdown
18:13:10:669  INFO 19232 --- [SpringApplicationShutdownHook] com.alibaba.nacos.common.remote.client   : Shutdown client event executor java.util.concurrent.ScheduledThreadPoolExecutor@663bf150[Running, pool size = 2, active threads = 2, queued tasks = 0, completed tasks = 0]
18:13:10:669  INFO 19232 --- [SpringApplicationShutdownHook] com.alibaba.nacos.common.remote.client   : Close current connection 1719183254136_192.168.146.1_59349
18:13:10:672  INFO 19232 --- [nacos-grpc-client-executor-246] c.a.n.c.remote.client.grpc.GrpcClient    : [1719183254136_192.168.146.1_59349]Ignore complete event,isRunning:false,isAbandon=false
18:13:10:674  INFO 19232 --- [SpringApplicationShutdownHook] c.a.n.c.remote.client.grpc.GrpcClient    : Shutdown grpc executor java.util.concurrent.ThreadPoolExecutor@5120f93a[Running, pool size = 6, active threads = 0, queued tasks = 0, completed tasks = 247]
18:13:10:677  INFO 19232 --- [SpringApplicationShutdownHook] com.zaxxer.hikari.HikariDataSource       : HikariPool-1 - Shutdown initiated...
18:13:10:696  INFO 19232 --- [SpringApplicationShutdownHook] com.zaxxer.hikari.HikariDataSource       : HikariPool-1 - Shutdown completed.
21:05:54:219  INFO 7376 --- [main] com.hmall.cart.CartApplication           : The following 1 profile is active: "local"
21:05:55:105  INFO 7376 --- [main] o.s.cloud.context.scope.GenericScope     : BeanFactory id=9768e31f-b9e8-3e50-8ced-0637599f9b53
21:05:55:447  INFO 7376 --- [main] o.s.b.w.embedded.tomcat.TomcatWebServer  : Tomcat initialized with port(s): 8082 (http)
21:05:55:457  INFO 7376 --- [main] o.apache.catalina.core.StandardService   : Starting service [Tomcat]
21:05:55:457  INFO 7376 --- [main] org.apache.catalina.core.StandardEngine  : Starting Servlet engine: [Apache Tomcat/9.0.75]
21:05:55:618  INFO 7376 --- [main] o.a.c.c.C.[Tomcat].[localhost].[/]       : Initializing Spring embedded WebApplicationContext
21:05:55:618  INFO 7376 --- [main] w.s.c.ServletWebServerApplicationContext : Root WebApplicationContext: initialization completed in 1382 ms
21:05:55:907  INFO 7376 --- [main] o.s.c.openfeign.FeignClientFactoryBean   : For 'item-service' URL not provided. Will try picking an instance via load-balancing.
21:05:58:889  INFO 7376 --- [main] o.s.cloud.commons.util.InetUtils         : Cannot determine local hostname
21:05:58:910  INFO 7376 --- [main] pertySourcedRequestMappingHandlerMapping : Mapped URL path [/v2/api-docs] onto method [springfox.documentation.swagger2.web.Swagger2ControllerWebMvc#getDocumentation(String, HttpServletRequest)]
21:06:00:322  INFO 7376 --- [main] o.s.cloud.commons.util.InetUtils         : Cannot determine local hostname
21:06:00:474  INFO 7376 --- [main] com.alibaba.nacos.common.remote.client   : [RpcClientFactory] create a new rpc client of e1e8278d-84f5-4ea9-8db7-e2564c7cc952
21:06:00:474  INFO 7376 --- [main] com.alibaba.nacos.common.remote.client   : [e1e8278d-84f5-4ea9-8db7-e2564c7cc952] RpcClient init label, labels = {module=naming, source=sdk}
21:06:00:475  INFO 7376 --- [main] com.alibaba.nacos.common.remote.client   : [e1e8278d-84f5-4ea9-8db7-e2564c7cc952] RpcClient init, ServerListFactory = com.alibaba.nacos.client.naming.core.ServerListManager
21:06:00:475  INFO 7376 --- [main] com.alibaba.nacos.common.remote.client   : [e1e8278d-84f5-4ea9-8db7-e2564c7cc952] Registry connection listener to current client:com.alibaba.nacos.client.naming.remote.gprc.redo.NamingGrpcRedoService
21:06:00:477  INFO 7376 --- [main] com.alibaba.nacos.common.remote.client   : [e1e8278d-84f5-4ea9-8db7-e2564c7cc952] Register server push request handler:com.alibaba.nacos.client.naming.remote.gprc.NamingPushRequestHandler
21:06:00:477  INFO 7376 --- [main] com.alibaba.nacos.common.remote.client   : [e1e8278d-84f5-4ea9-8db7-e2564c7cc952] Try to connect to server on start up, server: {serverIp = '192.168.146.130', server main port = 8848}
21:06:00:595  INFO 7376 --- [main] com.alibaba.nacos.common.remote.client   : [e1e8278d-84f5-4ea9-8db7-e2564c7cc952] Success to connect to server [192.168.146.130:8848] on start up, connectionId = 1719194759085_192.168.146.1_61141
21:06:00:595  INFO 7376 --- [main] com.alibaba.nacos.common.remote.client   : [e1e8278d-84f5-4ea9-8db7-e2564c7cc952] Register server push request handler:com.alibaba.nacos.common.remote.client.RpcClient$ConnectResetRequestHandler
21:06:00:595  INFO 7376 --- [main] com.alibaba.nacos.common.remote.client   : [e1e8278d-84f5-4ea9-8db7-e2564c7cc952] Register server push request handler:com.alibaba.nacos.common.remote.client.RpcClient$$Lambda$474/0x000000080044f040
21:06:00:595  INFO 7376 --- [com.alibaba.nacos.client.remote.worker] com.alibaba.nacos.common.remote.client   : [e1e8278d-84f5-4ea9-8db7-e2564c7cc952] Notify connected event to listeners.
21:06:00:641  INFO 7376 --- [main] o.s.b.w.embedded.tomcat.TomcatWebServer  : Tomcat started on port(s): 8082 (http) with context path ''
21:06:00:652  INFO 7376 --- [main] c.a.c.n.registry.NacosServiceRegistry    : nacos registry, DEFAULT_GROUP cart-service 192.168.145.1:8082 register finished
21:06:01:148  INFO 7376 --- [nacos-grpc-client-executor-7] com.alibaba.nacos.common.remote.client   : [e1e8278d-84f5-4ea9-8db7-e2564c7cc952] Receive server push request, request = NotifySubscriberRequest, requestId = 2
21:06:01:151  INFO 7376 --- [nacos-grpc-client-executor-7] com.alibaba.nacos.common.remote.client   : [e1e8278d-84f5-4ea9-8db7-e2564c7cc952] Ack server push request, request = NotifySubscriberRequest, requestId = 2
21:06:02:162  INFO 7376 --- [main] o.s.cloud.commons.util.InetUtils         : Cannot determine local hostname
21:06:02:163  INFO 7376 --- [main] d.s.w.p.DocumentationPluginsBootstrapper : Documentation plugins bootstrapped
21:06:02:167  INFO 7376 --- [main] d.s.w.p.DocumentationPluginsBootstrapper : Found 1 custom documentation plugin(s)
21:06:02:189  INFO 7376 --- [main] s.d.s.w.s.ApiListingReferenceScanner     : Scanning for api listing references
21:06:02:269  INFO 7376 --- [main] com.hmall.cart.CartApplication           : Started CartApplication in 14.127 seconds (JVM running for 15.025)
21:06:02:275  INFO 7376 --- [main] c.a.c.n.refresh.NacosContextRefresher    : [Nacos Config] Listening config: dataId=cart-service, group=DEFAULT_GROUP
21:06:02:276  INFO 7376 --- [main] c.a.c.n.refresh.NacosContextRefresher    : [Nacos Config] Listening config: dataId=cart-service.yaml, group=DEFAULT_GROUP
21:06:02:276  INFO 7376 --- [main] c.a.c.n.refresh.NacosContextRefresher    : [Nacos Config] Listening config: dataId=cart-service-local.yaml, group=DEFAULT_GROUP
21:06:24:722  INFO 7376 --- [http-nio-8082-exec-1] o.a.c.c.C.[Tomcat].[localhost].[/]       : Initializing Spring DispatcherServlet 'dispatcherServlet'
21:06:24:723  INFO 7376 --- [http-nio-8082-exec-1] o.s.web.servlet.DispatcherServlet        : Initializing Servlet 'dispatcherServlet'
21:06:24:724  INFO 7376 --- [http-nio-8082-exec-1] o.s.web.servlet.DispatcherServlet        : Completed initialization in 1 ms
21:06:24:802  INFO 7376 --- [http-nio-8082-exec-1] com.zaxxer.hikari.HikariDataSource       : HikariPool-1 - Starting...
21:06:25:049  INFO 7376 --- [http-nio-8082-exec-1] com.zaxxer.hikari.HikariDataSource       : HikariPool-1 - Start completed.
21:06:25:055 DEBUG 7376 --- [http-nio-8082-exec-1] c.h.cart.mapper.CartMapper.selectList    : ==>  Preparing: SELECT id,user_id,item_id,num,name,spec,price,image,create_time,update_time FROM cart WHERE (user_id = ?)
21:06:25:073 DEBUG 7376 --- [http-nio-8082-exec-1] c.h.cart.mapper.CartMapper.selectList    : ==> Parameters: 1(Long)
21:06:25:097 DEBUG 7376 --- [http-nio-8082-exec-1] c.h.cart.mapper.CartMapper.selectList    : <==      Total: 1
21:06:25:140 DEBUG 7376 --- [http-nio-8082-exec-1] com.hmall.api.client.ItemClient          : [ItemClient#queryItemByIds] ---> GET http://item-service/items?ids=100000006163 HTTP/1.1
21:06:25:140 DEBUG 7376 --- [http-nio-8082-exec-1] com.hmall.api.client.ItemClient          : [ItemClient#queryItemByIds] user-info: 1
21:06:25:140 DEBUG 7376 --- [http-nio-8082-exec-1] com.hmall.api.client.ItemClient          : [ItemClient#queryItemByIds] ---> END HTTP (0-byte body)
21:06:25:747 DEBUG 7376 --- [http-nio-8082-exec-1] com.hmall.api.client.ItemClient          : [ItemClient#queryItemByIds] <--- HTTP/1.1 200 (606ms)
21:06:25:748 DEBUG 7376 --- [http-nio-8082-exec-1] com.hmall.api.client.ItemClient          : [ItemClient#queryItemByIds] connection: keep-alive
21:06:25:748 DEBUG 7376 --- [http-nio-8082-exec-1] com.hmall.api.client.ItemClient          : [ItemClient#queryItemByIds] content-type: application/json
21:06:25:748 DEBUG 7376 --- [http-nio-8082-exec-1] com.hmall.api.client.ItemClient          : [ItemClient#queryItemByIds] date: Mon, 24 Jun 2024 02:06:25 GMT
21:06:25:748 DEBUG 7376 --- [http-nio-8082-exec-1] com.hmall.api.client.ItemClient          : [ItemClient#queryItemByIds] keep-alive: timeout=60
21:06:25:748 DEBUG 7376 --- [http-nio-8082-exec-1] com.hmall.api.client.ItemClient          : [ItemClient#queryItemByIds] transfer-encoding: chunked
21:06:25:748 DEBUG 7376 --- [http-nio-8082-exec-1] com.hmall.api.client.ItemClient          : [ItemClient#queryItemByIds] 
21:06:25:749 DEBUG 7376 --- [http-nio-8082-exec-1] com.hmall.api.client.ItemClient          : [ItemClient#queryItemByIds] [{"id":"100000006163","name":"巴布豆(BOBDOG)柔薄悦动婴儿拉拉裤XXL码80片(15kg以上)","price":67100,"stock":10000,"image":"https://m.360buyimg.com/mobilecms/s720x720_jfs/t23998/350/2363990466/222391/a6e9581d/5b7cba5bN0c18fb4f.jpg!q70.jpg.webp","category":"拉拉裤","brand":"巴布豆","spec":"{}","sold":11,"commentCount":33343434,"isAD":false,"status":2}]
21:06:25:749 DEBUG 7376 --- [http-nio-8082-exec-1] com.hmall.api.client.ItemClient          : [ItemClient#queryItemByIds] <--- END HTTP (371-byte body)
21:06:25:781  INFO 7376 --- [nacos-grpc-client-executor-13] com.alibaba.nacos.common.remote.client   : [e1e8278d-84f5-4ea9-8db7-e2564c7cc952] Receive server push request, request = NotifySubscriberRequest, requestId = 8
21:06:25:782  INFO 7376 --- [nacos-grpc-client-executor-13] com.alibaba.nacos.common.remote.client   : [e1e8278d-84f5-4ea9-8db7-e2564c7cc952] Ack server push request, request = NotifySubscriberRequest, requestId = 8
21:06:25:868 DEBUG 7376 --- [http-nio-8082-exec-2] c.h.cart.mapper.CartMapper.selectList    : ==>  Preparing: SELECT id,user_id,item_id,num,name,spec,price,image,create_time,update_time FROM cart WHERE (user_id = ?)
21:06:25:868 DEBUG 7376 --- [http-nio-8082-exec-2] c.h.cart.mapper.CartMapper.selectList    : ==> Parameters: 1(Long)
21:06:25:870 DEBUG 7376 --- [http-nio-8082-exec-2] c.h.cart.mapper.CartMapper.selectList    : <==      Total: 1
21:06:25:871 DEBUG 7376 --- [http-nio-8082-exec-2] com.hmall.api.client.ItemClient          : [ItemClient#queryItemByIds] ---> GET http://item-service/items?ids=100000006163 HTTP/1.1
21:06:25:871 DEBUG 7376 --- [http-nio-8082-exec-2] com.hmall.api.client.ItemClient          : [ItemClient#queryItemByIds] user-info: 1
21:06:25:871 DEBUG 7376 --- [http-nio-8082-exec-2] com.hmall.api.client.ItemClient          : [ItemClient#queryItemByIds] ---> END HTTP (0-byte body)
21:06:25:884 DEBUG 7376 --- [http-nio-8082-exec-2] com.hmall.api.client.ItemClient          : [ItemClient#queryItemByIds] <--- HTTP/1.1 200 (12ms)
21:06:25:885 DEBUG 7376 --- [http-nio-8082-exec-2] com.hmall.api.client.ItemClient          : [ItemClient#queryItemByIds] connection: keep-alive
21:06:25:885 DEBUG 7376 --- [http-nio-8082-exec-2] com.hmall.api.client.ItemClient          : [ItemClient#queryItemByIds] content-type: application/json
21:06:25:885 DEBUG 7376 --- [http-nio-8082-exec-2] com.hmall.api.client.ItemClient          : [ItemClient#queryItemByIds] date: Mon, 24 Jun 2024 02:06:25 GMT
21:06:25:885 DEBUG 7376 --- [http-nio-8082-exec-2] com.hmall.api.client.ItemClient          : [ItemClient#queryItemByIds] keep-alive: timeout=60
21:06:25:885 DEBUG 7376 --- [http-nio-8082-exec-2] com.hmall.api.client.ItemClient          : [ItemClient#queryItemByIds] transfer-encoding: chunked
21:06:25:885 DEBUG 7376 --- [http-nio-8082-exec-2] com.hmall.api.client.ItemClient          : [ItemClient#queryItemByIds] 
21:06:25:885 DEBUG 7376 --- [http-nio-8082-exec-2] com.hmall.api.client.ItemClient          : [ItemClient#queryItemByIds] [{"id":"100000006163","name":"巴布豆(BOBDOG)柔薄悦动婴儿拉拉裤XXL码80片(15kg以上)","price":67100,"stock":10000,"image":"https://m.360buyimg.com/mobilecms/s720x720_jfs/t23998/350/2363990466/222391/a6e9581d/5b7cba5bN0c18fb4f.jpg!q70.jpg.webp","category":"拉拉裤","brand":"巴布豆","spec":"{}","sold":11,"commentCount":33343434,"isAD":false,"status":2}]
21:06:25:886 DEBUG 7376 --- [http-nio-8082-exec-2] com.hmall.api.client.ItemClient          : [ItemClient#queryItemByIds] <--- END HTTP (371-byte body)
21:06:37:077 DEBUG 7376 --- [http-nio-8082-exec-3] c.h.cart.mapper.CartMapper.updateById    : ==>  Preparing: UPDATE cart SET num=? WHERE id=?
21:06:37:077 DEBUG 7376 --- [http-nio-8082-exec-3] c.h.cart.mapper.CartMapper.updateById    : ==> Parameters: 2(Integer), 7(Long)
21:06:37:081 DEBUG 7376 --- [http-nio-8082-exec-3] c.h.cart.mapper.CartMapper.updateById    : <==    Updates: 1
21:06:37:095 DEBUG 7376 --- [http-nio-8082-exec-4] c.h.cart.mapper.CartMapper.selectList    : ==>  Preparing: SELECT id,user_id,item_id,num,name,spec,price,image,create_time,update_time FROM cart WHERE (user_id = ?)
21:06:37:096 DEBUG 7376 --- [http-nio-8082-exec-4] c.h.cart.mapper.CartMapper.selectList    : ==> Parameters: 1(Long)
21:06:37:098 DEBUG 7376 --- [http-nio-8082-exec-4] c.h.cart.mapper.CartMapper.selectList    : <==      Total: 1
21:06:37:099 DEBUG 7376 --- [http-nio-8082-exec-4] com.hmall.api.client.ItemClient          : [ItemClient#queryItemByIds] ---> GET http://item-service/items?ids=100000006163 HTTP/1.1
21:06:37:099 DEBUG 7376 --- [http-nio-8082-exec-4] com.hmall.api.client.ItemClient          : [ItemClient#queryItemByIds] user-info: 1
21:06:37:099 DEBUG 7376 --- [http-nio-8082-exec-4] com.hmall.api.client.ItemClient          : [ItemClient#queryItemByIds] ---> END HTTP (0-byte body)
21:06:37:106 DEBUG 7376 --- [http-nio-8082-exec-4] com.hmall.api.client.ItemClient          : [ItemClient#queryItemByIds] <--- HTTP/1.1 200 (8ms)
21:06:37:107 DEBUG 7376 --- [http-nio-8082-exec-4] com.hmall.api.client.ItemClient          : [ItemClient#queryItemByIds] connection: keep-alive
21:06:37:107 DEBUG 7376 --- [http-nio-8082-exec-4] com.hmall.api.client.ItemClient          : [ItemClient#queryItemByIds] content-type: application/json
21:06:37:107 DEBUG 7376 --- [http-nio-8082-exec-4] com.hmall.api.client.ItemClient          : [ItemClient#queryItemByIds] date: Mon, 24 Jun 2024 02:06:37 GMT
21:06:37:107 DEBUG 7376 --- [http-nio-8082-exec-4] com.hmall.api.client.ItemClient          : [ItemClient#queryItemByIds] keep-alive: timeout=60
21:06:37:107 DEBUG 7376 --- [http-nio-8082-exec-4] com.hmall.api.client.ItemClient          : [ItemClient#queryItemByIds] transfer-encoding: chunked
21:06:37:107 DEBUG 7376 --- [http-nio-8082-exec-4] com.hmall.api.client.ItemClient          : [ItemClient#queryItemByIds] 
21:06:37:107 DEBUG 7376 --- [http-nio-8082-exec-4] com.hmall.api.client.ItemClient          : [ItemClient#queryItemByIds] [{"id":"100000006163","name":"巴布豆(BOBDOG)柔薄悦动婴儿拉拉裤XXL码80片(15kg以上)","price":67100,"stock":10000,"image":"https://m.360buyimg.com/mobilecms/s720x720_jfs/t23998/350/2363990466/222391/a6e9581d/5b7cba5bN0c18fb4f.jpg!q70.jpg.webp","category":"拉拉裤","brand":"巴布豆","spec":"{}","sold":11,"commentCount":33343434,"isAD":false,"status":2}]
21:06:37:108 DEBUG 7376 --- [http-nio-8082-exec-4] com.hmall.api.client.ItemClient          : [ItemClient#queryItemByIds] <--- END HTTP (371-byte body)
21:06:37:947 DEBUG 7376 --- [http-nio-8082-exec-5] c.h.cart.mapper.CartMapper.updateById    : ==>  Preparing: UPDATE cart SET num=? WHERE id=?
21:06:37:947 DEBUG 7376 --- [http-nio-8082-exec-5] c.h.cart.mapper.CartMapper.updateById    : ==> Parameters: 1(Integer), 7(Long)
21:06:37:951 DEBUG 7376 --- [http-nio-8082-exec-5] c.h.cart.mapper.CartMapper.updateById    : <==    Updates: 1
21:06:37:966 DEBUG 7376 --- [http-nio-8082-exec-6] c.h.cart.mapper.CartMapper.selectList    : ==>  Preparing: SELECT id,user_id,item_id,num,name,spec,price,image,create_time,update_time FROM cart WHERE (user_id = ?)
21:06:37:966 DEBUG 7376 --- [http-nio-8082-exec-6] c.h.cart.mapper.CartMapper.selectList    : ==> Parameters: 1(Long)
21:06:37:968 DEBUG 7376 --- [http-nio-8082-exec-6] c.h.cart.mapper.CartMapper.selectList    : <==      Total: 1
21:06:37:969 DEBUG 7376 --- [http-nio-8082-exec-6] com.hmall.api.client.ItemClient          : [ItemClient#queryItemByIds] ---> GET http://item-service/items?ids=100000006163 HTTP/1.1
21:06:37:969 DEBUG 7376 --- [http-nio-8082-exec-6] com.hmall.api.client.ItemClient          : [ItemClient#queryItemByIds] user-info: 1
21:06:37:969 DEBUG 7376 --- [http-nio-8082-exec-6] com.hmall.api.client.ItemClient          : [ItemClient#queryItemByIds] ---> END HTTP (0-byte body)
21:06:37:977 DEBUG 7376 --- [http-nio-8082-exec-6] com.hmall.api.client.ItemClient          : [ItemClient#queryItemByIds] <--- HTTP/1.1 200 (7ms)
21:06:37:977 DEBUG 7376 --- [http-nio-8082-exec-6] com.hmall.api.client.ItemClient          : [ItemClient#queryItemByIds] connection: keep-alive
21:06:37:977 DEBUG 7376 --- [http-nio-8082-exec-6] com.hmall.api.client.ItemClient          : [ItemClient#queryItemByIds] content-type: application/json
21:06:37:977 DEBUG 7376 --- [http-nio-8082-exec-6] com.hmall.api.client.ItemClient          : [ItemClient#queryItemByIds] date: Mon, 24 Jun 2024 02:06:37 GMT
21:06:37:978 DEBUG 7376 --- [http-nio-8082-exec-6] com.hmall.api.client.ItemClient          : [ItemClient#queryItemByIds] keep-alive: timeout=60
21:06:37:978 DEBUG 7376 --- [http-nio-8082-exec-6] com.hmall.api.client.ItemClient          : [ItemClient#queryItemByIds] transfer-encoding: chunked
21:06:37:978 DEBUG 7376 --- [http-nio-8082-exec-6] com.hmall.api.client.ItemClient          : [ItemClient#queryItemByIds] 
21:06:37:978 DEBUG 7376 --- [http-nio-8082-exec-6] com.hmall.api.client.ItemClient          : [ItemClient#queryItemByIds] [{"id":"100000006163","name":"巴布豆(BOBDOG)柔薄悦动婴儿拉拉裤XXL码80片(15kg以上)","price":67100,"stock":10000,"image":"https://m.360buyimg.com/mobilecms/s720x720_jfs/t23998/350/2363990466/222391/a6e9581d/5b7cba5bN0c18fb4f.jpg!q70.jpg.webp","category":"拉拉裤","brand":"巴布豆","spec":"{}","sold":11,"commentCount":33343434,"isAD":false,"status":2}]
21:06:37:978 DEBUG 7376 --- [http-nio-8082-exec-6] com.hmall.api.client.ItemClient          : [ItemClient#queryItemByIds] <--- END HTTP (371-byte body)
21:06:48:878 DEBUG 7376 --- [http-nio-8082-exec-7] c.h.cart.mapper.CartMapper.selectList    : ==>  Preparing: SELECT id,user_id,item_id,num,name,spec,price,image,create_time,update_time FROM cart WHERE (user_id = ?)
21:06:48:879 DEBUG 7376 --- [http-nio-8082-exec-7] c.h.cart.mapper.CartMapper.selectList    : ==> Parameters: 1(Long)
21:06:48:881 DEBUG 7376 --- [http-nio-8082-exec-7] c.h.cart.mapper.CartMapper.selectList    : <==      Total: 1
21:06:48:881 DEBUG 7376 --- [http-nio-8082-exec-7] com.hmall.api.client.ItemClient          : [ItemClient#queryItemByIds] ---> GET http://item-service/items?ids=100000006163 HTTP/1.1
21:06:48:881 DEBUG 7376 --- [http-nio-8082-exec-7] com.hmall.api.client.ItemClient          : [ItemClient#queryItemByIds] user-info: 1
21:06:48:882 DEBUG 7376 --- [http-nio-8082-exec-7] com.hmall.api.client.ItemClient          : [ItemClient#queryItemByIds] ---> END HTTP (0-byte body)
21:06:48:888 DEBUG 7376 --- [http-nio-8082-exec-7] com.hmall.api.client.ItemClient          : [ItemClient#queryItemByIds] <--- HTTP/1.1 200 (7ms)
21:06:48:888 DEBUG 7376 --- [http-nio-8082-exec-7] com.hmall.api.client.ItemClient          : [ItemClient#queryItemByIds] connection: keep-alive
21:06:48:888 DEBUG 7376 --- [http-nio-8082-exec-7] com.hmall.api.client.ItemClient          : [ItemClient#queryItemByIds] content-type: application/json
21:06:48:890 DEBUG 7376 --- [http-nio-8082-exec-7] com.hmall.api.client.ItemClient          : [ItemClient#queryItemByIds] date: Mon, 24 Jun 2024 02:06:48 GMT
21:06:48:890 DEBUG 7376 --- [http-nio-8082-exec-7] com.hmall.api.client.ItemClient          : [ItemClient#queryItemByIds] keep-alive: timeout=60
21:06:48:890 DEBUG 7376 --- [http-nio-8082-exec-7] com.hmall.api.client.ItemClient          : [ItemClient#queryItemByIds] transfer-encoding: chunked
21:06:48:890 DEBUG 7376 --- [http-nio-8082-exec-7] com.hmall.api.client.ItemClient          : [ItemClient#queryItemByIds] 
21:06:48:890 DEBUG 7376 --- [http-nio-8082-exec-7] com.hmall.api.client.ItemClient          : [ItemClient#queryItemByIds] [{"id":"100000006163","name":"巴布豆(BOBDOG)柔薄悦动婴儿拉拉裤XXL码80片(15kg以上)","price":67100,"stock":10000,"image":"https://m.360buyimg.com/mobilecms/s720x720_jfs/t23998/350/2363990466/222391/a6e9581d/5b7cba5bN0c18fb4f.jpg!q70.jpg.webp","category":"拉拉裤","brand":"巴布豆","spec":"{}","sold":11,"commentCount":33343434,"isAD":false,"status":2}]
21:06:48:890 DEBUG 7376 --- [http-nio-8082-exec-7] com.hmall.api.client.ItemClient          : [ItemClient#queryItemByIds] <--- END HTTP (371-byte body)
21:06:51:990 DEBUG 7376 --- [http-nio-8082-exec-8] c.h.cart.mapper.CartMapper.selectList    : ==>  Preparing: SELECT id,user_id,item_id,num,name,spec,price,image,create_time,update_time FROM cart WHERE (user_id = ?)
21:06:51:990 DEBUG 7376 --- [http-nio-8082-exec-8] c.h.cart.mapper.CartMapper.selectList    : ==> Parameters: 1(Long)
21:06:51:993 DEBUG 7376 --- [http-nio-8082-exec-8] c.h.cart.mapper.CartMapper.selectList    : <==      Total: 1
21:06:51:995 DEBUG 7376 --- [http-nio-8082-exec-8] com.hmall.api.client.ItemClient          : [ItemClient#queryItemByIds] ---> GET http://item-service/items?ids=100000006163 HTTP/1.1
21:06:51:995 DEBUG 7376 --- [http-nio-8082-exec-8] com.hmall.api.client.ItemClient          : [ItemClient#queryItemByIds] user-info: 1
21:06:51:995 DEBUG 7376 --- [http-nio-8082-exec-8] com.hmall.api.client.ItemClient          : [ItemClient#queryItemByIds] ---> END HTTP (0-byte body)
21:06:52:005 DEBUG 7376 --- [http-nio-8082-exec-8] com.hmall.api.client.ItemClient          : [ItemClient#queryItemByIds] <--- HTTP/1.1 200 (10ms)
21:06:52:005 DEBUG 7376 --- [http-nio-8082-exec-8] com.hmall.api.client.ItemClient          : [ItemClient#queryItemByIds] connection: keep-alive
21:06:52:005 DEBUG 7376 --- [http-nio-8082-exec-8] com.hmall.api.client.ItemClient          : [ItemClient#queryItemByIds] content-type: application/json
21:06:52:006 DEBUG 7376 --- [http-nio-8082-exec-8] com.hmall.api.client.ItemClient          : [ItemClient#queryItemByIds] date: Mon, 24 Jun 2024 02:06:52 GMT
21:06:52:006 DEBUG 7376 --- [http-nio-8082-exec-8] com.hmall.api.client.ItemClient          : [ItemClient#queryItemByIds] keep-alive: timeout=60
21:06:52:006 DEBUG 7376 --- [http-nio-8082-exec-8] com.hmall.api.client.ItemClient          : [ItemClient#queryItemByIds] transfer-encoding: chunked
21:06:52:006 DEBUG 7376 --- [http-nio-8082-exec-8] com.hmall.api.client.ItemClient          : [ItemClient#queryItemByIds] 
21:06:52:006 DEBUG 7376 --- [http-nio-8082-exec-8] com.hmall.api.client.ItemClient          : [ItemClient#queryItemByIds] [{"id":"100000006163","name":"巴布豆(BOBDOG)柔薄悦动婴儿拉拉裤XXL码80片(15kg以上)","price":67100,"stock":10000,"image":"https://m.360buyimg.com/mobilecms/s720x720_jfs/t23998/350/2363990466/222391/a6e9581d/5b7cba5bN0c18fb4f.jpg!q70.jpg.webp","category":"拉拉裤","brand":"巴布豆","spec":"{}","sold":11,"commentCount":33343434,"isAD":false,"status":2}]
21:06:52:006 DEBUG 7376 --- [http-nio-8082-exec-8] com.hmall.api.client.ItemClient          : [ItemClient#queryItemByIds] <--- END HTTP (371-byte body)
21:06:56:703 DEBUG 7376 --- [http-nio-8082-exec-9] c.h.cart.mapper.CartMapper.selectCount   : ==>  Preparing: SELECT COUNT( * ) FROM cart WHERE (user_id = ? AND item_id = ?)
21:06:56:704 DEBUG 7376 --- [http-nio-8082-exec-9] c.h.cart.mapper.CartMapper.selectCount   : ==> Parameters: 1(Long), 40305713537(Long)
21:06:56:705 DEBUG 7376 --- [http-nio-8082-exec-9] c.h.cart.mapper.CartMapper.selectCount   : <==      Total: 1
21:06:56:708 DEBUG 7376 --- [http-nio-8082-exec-9] c.h.cart.mapper.CartMapper.selectCount   : ==>  Preparing: SELECT COUNT( * ) FROM cart WHERE (user_id = ?)
21:06:56:709 DEBUG 7376 --- [http-nio-8082-exec-9] c.h.cart.mapper.CartMapper.selectCount   : ==> Parameters: 1(Long)
21:06:56:710 DEBUG 7376 --- [http-nio-8082-exec-9] c.h.cart.mapper.CartMapper.selectCount   : <==      Total: 1
21:06:56:713 DEBUG 7376 --- [http-nio-8082-exec-9] com.hmall.cart.mapper.CartMapper.insert  : ==>  Preparing: INSERT INTO cart ( user_id, item_id, name, spec, price, image ) VALUES ( ?, ?, ?, ?, ?, ? )
21:06:56:714 DEBUG 7376 --- [http-nio-8082-exec-9] com.hmall.cart.mapper.CartMapper.insert  : ==> Parameters: 1(Long), 40305713537(Long), 【官方正品 品牌直营】奥古狮登小白鞋女秋季透气2018新款百搭韩版休闲鞋运动鞋女鞋厚底板鞋女 浅蓝【厚底】 41(String), {"颜色": "金色", "尺码": "41"}(String), 35400(Integer), https://m.360buyimg.com/mobilecms/s720x720_jfs/t1/14147/34/2890/275451/5c225484Ebd346404/e61513be4639ee2e.jpg!q70.jpg.webp(String)
21:06:56:717 DEBUG 7376 --- [http-nio-8082-exec-9] com.hmall.cart.mapper.CartMapper.insert  : <==    Updates: 1
21:06:56:772 DEBUG 7376 --- [http-nio-8082-exec-10] c.h.cart.mapper.CartMapper.selectList    : ==>  Preparing: SELECT id,user_id,item_id,num,name,spec,price,image,create_time,update_time FROM cart WHERE (user_id = ?)
21:06:56:773 DEBUG 7376 --- [http-nio-8082-exec-10] c.h.cart.mapper.CartMapper.selectList    : ==> Parameters: 1(Long)
21:06:56:776 DEBUG 7376 --- [http-nio-8082-exec-10] c.h.cart.mapper.CartMapper.selectList    : <==      Total: 2
21:06:56:777 DEBUG 7376 --- [http-nio-8082-exec-10] com.hmall.api.client.ItemClient          : [ItemClient#queryItemByIds] ---> GET http://item-service/items?ids=40305713537&ids=100000006163 HTTP/1.1
21:06:56:777 DEBUG 7376 --- [http-nio-8082-exec-10] com.hmall.api.client.ItemClient          : [ItemClient#queryItemByIds] user-info: 1
21:06:56:777 DEBUG 7376 --- [http-nio-8082-exec-10] com.hmall.api.client.ItemClient          : [ItemClient#queryItemByIds] ---> END HTTP (0-byte body)
21:06:56:788 DEBUG 7376 --- [http-nio-8082-exec-10] com.hmall.api.client.ItemClient          : [ItemClient#queryItemByIds] <--- HTTP/1.1 200 (10ms)
21:06:56:788 DEBUG 7376 --- [http-nio-8082-exec-10] com.hmall.api.client.ItemClient          : [ItemClient#queryItemByIds] connection: keep-alive
21:06:56:788 DEBUG 7376 --- [http-nio-8082-exec-10] com.hmall.api.client.ItemClient          : [ItemClient#queryItemByIds] content-type: application/json
21:06:56:789 DEBUG 7376 --- [http-nio-8082-exec-10] com.hmall.api.client.ItemClient          : [ItemClient#queryItemByIds] date: Mon, 24 Jun 2024 02:06:56 GMT
21:06:56:789 DEBUG 7376 --- [http-nio-8082-exec-10] com.hmall.api.client.ItemClient          : [ItemClient#queryItemByIds] keep-alive: timeout=60
21:06:56:789 DEBUG 7376 --- [http-nio-8082-exec-10] com.hmall.api.client.ItemClient          : [ItemClient#queryItemByIds] transfer-encoding: chunked
21:06:56:789 DEBUG 7376 --- [http-nio-8082-exec-10] com.hmall.api.client.ItemClient          : [ItemClient#queryItemByIds] 
21:06:56:789 DEBUG 7376 --- [http-nio-8082-exec-10] com.hmall.api.client.ItemClient          : [ItemClient#queryItemByIds] [{"id":"40305713537","name":"【官方正品 品牌直营】奥古狮登小白鞋女秋季透气2018新款百搭韩版休闲鞋运动鞋女鞋厚底板鞋女 浅蓝【厚底】 41","price":35400,"stock":10000,"image":"https://m.360buyimg.com/mobilecms/s720x720_jfs/t1/14147/34/2890/275451/5c225484Ebd346404/e61513be4639ee2e.jpg!q70.jpg.webp","category":"休闲鞋","brand":"奥古狮登","spec":"{\"颜色\": \"金色\", \"尺码\": \"41\"}","sold":0,"commentCount":0,"isAD":false,"status":1},{"id":"100000006163","name":"巴布豆(BOBDOG)柔薄悦动婴儿拉拉裤XXL码80片(15kg以上)","price":67100,"stock":10000,"image":"https://m.360buyimg.com/mobilecms/s720x720_jfs/t23998/350/2363990466/222391/a6e9581d/5b7cba5bN0c18fb4f.jpg!q70.jpg.webp","category":"拉拉裤","brand":"巴布豆","spec":"{}","sold":11,"commentCount":33343434,"isAD":false,"status":2}]
21:06:56:789 DEBUG 7376 --- [http-nio-8082-exec-10] com.hmall.api.client.ItemClient          : [ItemClient#queryItemByIds] <--- END HTTP (863-byte body)
21:06:58:602 DEBUG 7376 --- [http-nio-8082-exec-1] c.h.cart.mapper.CartMapper.updateById    : ==>  Preparing: UPDATE cart SET num=? WHERE id=?
21:06:58:603 DEBUG 7376 --- [http-nio-8082-exec-1] c.h.cart.mapper.CartMapper.updateById    : ==> Parameters: 2(Integer), 11(Long)
21:06:58:606 DEBUG 7376 --- [http-nio-8082-exec-1] c.h.cart.mapper.CartMapper.updateById    : <==    Updates: 1
21:06:58:619 DEBUG 7376 --- [http-nio-8082-exec-2] c.h.cart.mapper.CartMapper.selectList    : ==>  Preparing: SELECT id,user_id,item_id,num,name,spec,price,image,create_time,update_time FROM cart WHERE (user_id = ?)
21:06:58:621 DEBUG 7376 --- [http-nio-8082-exec-2] c.h.cart.mapper.CartMapper.selectList    : ==> Parameters: 1(Long)
21:06:58:622 DEBUG 7376 --- [http-nio-8082-exec-2] c.h.cart.mapper.CartMapper.selectList    : <==      Total: 2
21:06:58:624 DEBUG 7376 --- [http-nio-8082-exec-2] com.hmall.api.client.ItemClient          : [ItemClient#queryItemByIds] ---> GET http://item-service/items?ids=40305713537&ids=100000006163 HTTP/1.1
21:06:58:625 DEBUG 7376 --- [http-nio-8082-exec-2] com.hmall.api.client.ItemClient          : [ItemClient#queryItemByIds] user-info: 1
21:06:58:625 DEBUG 7376 --- [http-nio-8082-exec-2] com.hmall.api.client.ItemClient          : [ItemClient#queryItemByIds] ---> END HTTP (0-byte body)
21:06:58:632 DEBUG 7376 --- [http-nio-8082-exec-2] com.hmall.api.client.ItemClient          : [ItemClient#queryItemByIds] <--- HTTP/1.1 200 (7ms)
21:06:58:632 DEBUG 7376 --- [http-nio-8082-exec-2] com.hmall.api.client.ItemClient          : [ItemClient#queryItemByIds] connection: keep-alive
21:06:58:632 DEBUG 7376 --- [http-nio-8082-exec-2] com.hmall.api.client.ItemClient          : [ItemClient#queryItemByIds] content-type: application/json
21:06:58:632 DEBUG 7376 --- [http-nio-8082-exec-2] com.hmall.api.client.ItemClient          : [ItemClient#queryItemByIds] date: Mon, 24 Jun 2024 02:06:58 GMT
21:06:58:632 DEBUG 7376 --- [http-nio-8082-exec-2] com.hmall.api.client.ItemClient          : [ItemClient#queryItemByIds] keep-alive: timeout=60
21:06:58:632 DEBUG 7376 --- [http-nio-8082-exec-2] com.hmall.api.client.ItemClient          : [ItemClient#queryItemByIds] transfer-encoding: chunked
21:06:58:632 DEBUG 7376 --- [http-nio-8082-exec-2] com.hmall.api.client.ItemClient          : [ItemClient#queryItemByIds] 
21:06:58:632 DEBUG 7376 --- [http-nio-8082-exec-2] com.hmall.api.client.ItemClient          : [ItemClient#queryItemByIds] [{"id":"40305713537","name":"【官方正品 品牌直营】奥古狮登小白鞋女秋季透气2018新款百搭韩版休闲鞋运动鞋女鞋厚底板鞋女 浅蓝【厚底】 41","price":35400,"stock":10000,"image":"https://m.360buyimg.com/mobilecms/s720x720_jfs/t1/14147/34/2890/275451/5c225484Ebd346404/e61513be4639ee2e.jpg!q70.jpg.webp","category":"休闲鞋","brand":"奥古狮登","spec":"{\"颜色\": \"金色\", \"尺码\": \"41\"}","sold":0,"commentCount":0,"isAD":false,"status":1},{"id":"100000006163","name":"巴布豆(BOBDOG)柔薄悦动婴儿拉拉裤XXL码80片(15kg以上)","price":67100,"stock":10000,"image":"https://m.360buyimg.com/mobilecms/s720x720_jfs/t23998/350/2363990466/222391/a6e9581d/5b7cba5bN0c18fb4f.jpg!q70.jpg.webp","category":"拉拉裤","brand":"巴布豆","spec":"{}","sold":11,"commentCount":33343434,"isAD":false,"status":2}]
21:06:58:632 DEBUG 7376 --- [http-nio-8082-exec-2] com.hmall.api.client.ItemClient          : [ItemClient#queryItemByIds] <--- END HTTP (863-byte body)
21:07:00:076 DEBUG 7376 --- [http-nio-8082-exec-3] c.h.cart.mapper.CartMapper.updateById    : ==>  Preparing: UPDATE cart SET num=? WHERE id=?
21:07:00:077 DEBUG 7376 --- [http-nio-8082-exec-3] c.h.cart.mapper.CartMapper.updateById    : ==> Parameters: 2(Integer), 7(Long)
21:07:00:081 DEBUG 7376 --- [http-nio-8082-exec-3] c.h.cart.mapper.CartMapper.updateById    : <==    Updates: 1
21:07:00:092 DEBUG 7376 --- [http-nio-8082-exec-4] c.h.cart.mapper.CartMapper.selectList    : ==>  Preparing: SELECT id,user_id,item_id,num,name,spec,price,image,create_time,update_time FROM cart WHERE (user_id = ?)
21:07:00:093 DEBUG 7376 --- [http-nio-8082-exec-4] c.h.cart.mapper.CartMapper.selectList    : ==> Parameters: 1(Long)
21:07:00:095 DEBUG 7376 --- [http-nio-8082-exec-4] c.h.cart.mapper.CartMapper.selectList    : <==      Total: 2
21:07:00:097 DEBUG 7376 --- [http-nio-8082-exec-4] com.hmall.api.client.ItemClient          : [ItemClient#queryItemByIds] ---> GET http://item-service/items?ids=40305713537&ids=100000006163 HTTP/1.1
21:07:00:097 DEBUG 7376 --- [http-nio-8082-exec-4] com.hmall.api.client.ItemClient          : [ItemClient#queryItemByIds] user-info: 1
21:07:00:097 DEBUG 7376 --- [http-nio-8082-exec-4] com.hmall.api.client.ItemClient          : [ItemClient#queryItemByIds] ---> END HTTP (0-byte body)
21:07:00:105 DEBUG 7376 --- [http-nio-8082-exec-4] com.hmall.api.client.ItemClient          : [ItemClient#queryItemByIds] <--- HTTP/1.1 200 (6ms)
21:07:00:105 DEBUG 7376 --- [http-nio-8082-exec-4] com.hmall.api.client.ItemClient          : [ItemClient#queryItemByIds] connection: keep-alive
21:07:00:105 DEBUG 7376 --- [http-nio-8082-exec-4] com.hmall.api.client.ItemClient          : [ItemClient#queryItemByIds] content-type: application/json
21:07:00:105 DEBUG 7376 --- [http-nio-8082-exec-4] com.hmall.api.client.ItemClient          : [ItemClient#queryItemByIds] date: Mon, 24 Jun 2024 02:07:00 GMT
21:07:00:105 DEBUG 7376 --- [http-nio-8082-exec-4] com.hmall.api.client.ItemClient          : [ItemClient#queryItemByIds] keep-alive: timeout=60
21:07:00:105 DEBUG 7376 --- [http-nio-8082-exec-4] com.hmall.api.client.ItemClient          : [ItemClient#queryItemByIds] transfer-encoding: chunked
21:07:00:105 DEBUG 7376 --- [http-nio-8082-exec-4] com.hmall.api.client.ItemClient          : [ItemClient#queryItemByIds] 
21:07:00:105 DEBUG 7376 --- [http-nio-8082-exec-4] com.hmall.api.client.ItemClient          : [ItemClient#queryItemByIds] [{"id":"40305713537","name":"【官方正品 品牌直营】奥古狮登小白鞋女秋季透气2018新款百搭韩版休闲鞋运动鞋女鞋厚底板鞋女 浅蓝【厚底】 41","price":35400,"stock":10000,"image":"https://m.360buyimg.com/mobilecms/s720x720_jfs/t1/14147/34/2890/275451/5c225484Ebd346404/e61513be4639ee2e.jpg!q70.jpg.webp","category":"休闲鞋","brand":"奥古狮登","spec":"{\"颜色\": \"金色\", \"尺码\": \"41\"}","sold":0,"commentCount":0,"isAD":false,"status":1},{"id":"100000006163","name":"巴布豆(BOBDOG)柔薄悦动婴儿拉拉裤XXL码80片(15kg以上)","price":67100,"stock":10000,"image":"https://m.360buyimg.com/mobilecms/s720x720_jfs/t23998/350/2363990466/222391/a6e9581d/5b7cba5bN0c18fb4f.jpg!q70.jpg.webp","category":"拉拉裤","brand":"巴布豆","spec":"{}","sold":11,"commentCount":33343434,"isAD":false,"status":2}]
21:07:00:105 DEBUG 7376 --- [http-nio-8082-exec-4] com.hmall.api.client.ItemClient          : [ItemClient#queryItemByIds] <--- END HTTP (863-byte body)
21:14:20:599  WARN 7376 --- [Thread-1] c.a.n.common.http.HttpClientBeanHolder   : [HttpClientBeanHolder] Start destroying common HttpClient
21:14:20:599  WARN 7376 --- [Thread-5] c.a.nacos.common.notify.NotifyCenter     : [NotifyCenter] Start destroying Publisher
21:14:20:599  WARN 7376 --- [Thread-5] c.a.nacos.common.notify.NotifyCenter     : [NotifyCenter] Destruction of the end
21:14:20:599  WARN 7376 --- [Thread-1] c.a.n.common.http.HttpClientBeanHolder   : [HttpClientBeanHolder] Destruction of the end
21:14:21:048  INFO 7376 --- [SpringApplicationShutdownHook] c.a.c.n.registry.NacosServiceRegistry    : De-registering from Nacos Server now...
21:14:21:053  INFO 7376 --- [SpringApplicationShutdownHook] c.a.c.n.registry.NacosServiceRegistry    : De-registration finished.
21:14:21:373  INFO 7376 --- [SpringApplicationShutdownHook] com.alibaba.nacos.common.remote.client   : Shutdown rpc client, set status to shutdown
21:14:21:373  INFO 7376 --- [SpringApplicationShutdownHook] com.alibaba.nacos.common.remote.client   : Shutdown client event executor java.util.concurrent.ScheduledThreadPoolExecutor@20471a[Running, pool size = 2, active threads = 2, queued tasks = 0, completed tasks = 0]
21:14:21:373  INFO 7376 --- [SpringApplicationShutdownHook] com.alibaba.nacos.common.remote.client   : Close current connection 1719194759085_192.168.146.1_61141
21:14:21:375  INFO 7376 --- [nacos-grpc-client-executor-114] c.a.n.c.remote.client.grpc.GrpcClient    : [1719194759085_192.168.146.1_61141]Ignore complete event,isRunning:false,isAbandon=false
21:14:21:378  INFO 7376 --- [SpringApplicationShutdownHook] c.a.n.c.remote.client.grpc.GrpcClient    : Shutdown grpc executor java.util.concurrent.ThreadPoolExecutor@32bf23b1[Running, pool size = 5, active threads = 0, queued tasks = 0, completed tasks = 115]
21:14:21:381  INFO 7376 --- [SpringApplicationShutdownHook] com.zaxxer.hikari.HikariDataSource       : HikariPool-1 - Shutdown initiated...
21:14:21:397  INFO 7376 --- [SpringApplicationShutdownHook] com.zaxxer.hikari.HikariDataSource       : HikariPool-1 - Shutdown completed.
