18:09:27:942  INFO 15580 --- [main] com.hmall.trade.TradeApplication         : Starting TradeApplication using Java 11.0.23 on YogaPro14s with PID 15580 (D:\IdeaProjects\hmall\trade-service\target\classes started by lzh91 in D:\IdeaProjects\hmall)
18:09:27:946 DEBUG 15580 --- [main] com.hmall.trade.TradeApplication         : Running with Spring Boot v2.7.12, Spring v5.3.27
18:09:27:947  INFO 15580 --- [main] com.hmall.trade.TradeApplication         : The following 1 profile is active: "local"
18:09:28:742  INFO 15580 --- [main] o.s.cloud.context.scope.GenericScope     : BeanFactory id=92be036e-57eb-3da6-885f-15ea435367f7
18:09:28:977  INFO 15580 --- [main] o.s.b.w.embedded.tomcat.TomcatWebServer  : Tomcat initialized with port(s): 8085 (http)
18:09:28:984  INFO 15580 --- [main] o.apache.catalina.core.StandardService   : Starting service [Tomcat]
18:09:28:984  INFO 15580 --- [main] org.apache.catalina.core.StandardEngine  : Starting Servlet engine: [Apache Tomcat/9.0.75]
18:09:29:089  INFO 15580 --- [main] o.a.c.c.C.[Tomcat].[localhost].[/]       : Initializing Spring embedded WebApplicationContext
18:09:29:089  INFO 15580 --- [main] w.s.c.ServletWebServerApplicationContext : Root WebApplicationContext: initialization completed in 1100 ms
18:09:29:228  INFO 15580 --- [main] o.s.c.openfeign.FeignClientFactoryBean   : For 'item-service' URL not provided. Will try picking an instance via load-balancing.
18:09:30:027  INFO 15580 --- [main] o.s.c.openfeign.FeignClientFactoryBean   : For 'cart-service' URL not provided. Will try picking an instance via load-balancing.
18:09:31:877  INFO 15580 --- [main] o.s.cloud.commons.util.InetUtils         : Cannot determine local hostname
18:09:31:899  INFO 15580 --- [main] pertySourcedRequestMappingHandlerMapping : Mapped URL path [/v2/api-docs] onto method [springfox.documentation.swagger2.web.Swagger2ControllerWebMvc#getDocumentation(String, HttpServletRequest)]
18:09:33:359  INFO 15580 --- [main] o.s.cloud.commons.util.InetUtils         : Cannot determine local hostname
18:09:33:482  INFO 15580 --- [main] com.alibaba.nacos.common.remote.client   : [RpcClientFactory] create a new rpc client of 1f50641b-0340-4eb9-8043-d4135729b83f
18:09:33:514  INFO 15580 --- [main] org.reflections.Reflections              : Reflections took 17 ms to scan 1 urls, producing 3 keys and 6 values 
18:09:33:534  INFO 15580 --- [main] org.reflections.Reflections              : Reflections took 7 ms to scan 1 urls, producing 4 keys and 9 values 
18:09:33:541  INFO 15580 --- [main] org.reflections.Reflections              : Reflections took 5 ms to scan 1 urls, producing 3 keys and 10 values 
18:09:33:543  WARN 15580 --- [main] org.reflections.Reflections              : given scan urls are empty. set urls in the configuration
18:09:33:548  INFO 15580 --- [main] org.reflections.Reflections              : Reflections took 4 ms to scan 1 urls, producing 1 keys and 5 values 
18:09:33:555  INFO 15580 --- [main] org.reflections.Reflections              : Reflections took 5 ms to scan 1 urls, producing 1 keys and 7 values 
18:09:33:563  INFO 15580 --- [main] org.reflections.Reflections              : Reflections took 6 ms to scan 1 urls, producing 2 keys and 8 values 
18:09:33:564  WARN 15580 --- [main] org.reflections.Reflections              : given scan urls are empty. set urls in the configuration
18:09:33:566  INFO 15580 --- [main] com.alibaba.nacos.common.remote.client   : [1f50641b-0340-4eb9-8043-d4135729b83f] RpcClient init label, labels = {module=naming, source=sdk}
18:09:33:569  INFO 15580 --- [main] com.alibaba.nacos.common.remote.client   : [1f50641b-0340-4eb9-8043-d4135729b83f] RpcClient init, ServerListFactory = com.alibaba.nacos.client.naming.core.ServerListManager
18:09:33:570  INFO 15580 --- [main] com.alibaba.nacos.common.remote.client   : [1f50641b-0340-4eb9-8043-d4135729b83f] Registry connection listener to current client:com.alibaba.nacos.client.naming.remote.gprc.redo.NamingGrpcRedoService
18:09:33:570  INFO 15580 --- [main] com.alibaba.nacos.common.remote.client   : [1f50641b-0340-4eb9-8043-d4135729b83f] Register server push request handler:com.alibaba.nacos.client.naming.remote.gprc.NamingPushRequestHandler
18:09:33:572  INFO 15580 --- [main] com.alibaba.nacos.common.remote.client   : [1f50641b-0340-4eb9-8043-d4135729b83f] Try to connect to server on start up, server: {serverIp = '192.168.146.130', server main port = 8848}
18:09:35:155  INFO 15580 --- [main] com.alibaba.nacos.common.remote.client   : [1f50641b-0340-4eb9-8043-d4135729b83f] Success to connect to server [192.168.146.130:8848] on start up, connectionId = 1719184173529_192.168.146.1_59917
18:09:35:156  INFO 15580 --- [com.alibaba.nacos.client.remote.worker] com.alibaba.nacos.common.remote.client   : [1f50641b-0340-4eb9-8043-d4135729b83f] Notify connected event to listeners.
18:09:35:157  INFO 15580 --- [main] com.alibaba.nacos.common.remote.client   : [1f50641b-0340-4eb9-8043-d4135729b83f] Register server push request handler:com.alibaba.nacos.common.remote.client.RpcClient$ConnectResetRequestHandler
18:09:35:157  INFO 15580 --- [main] com.alibaba.nacos.common.remote.client   : [1f50641b-0340-4eb9-8043-d4135729b83f] Register server push request handler:com.alibaba.nacos.common.remote.client.RpcClient$$Lambda$972/0x00000008006a2c40
18:09:35:254  INFO 15580 --- [main] o.s.b.w.embedded.tomcat.TomcatWebServer  : Tomcat started on port(s): 8085 (http) with context path ''
18:09:35:266  INFO 15580 --- [main] c.a.c.n.registry.NacosServiceRegistry    : nacos registry, DEFAULT_GROUP trade-service 192.168.145.1:8085 register finished
18:09:35:706  INFO 15580 --- [nacos-grpc-client-executor-9] com.alibaba.nacos.common.remote.client   : [1f50641b-0340-4eb9-8043-d4135729b83f] Receive server push request, request = NotifySubscriberRequest, requestId = 17
18:09:35:710  INFO 15580 --- [nacos-grpc-client-executor-9] com.alibaba.nacos.common.remote.client   : [1f50641b-0340-4eb9-8043-d4135729b83f] Ack server push request, request = NotifySubscriberRequest, requestId = 17
18:09:36:821  INFO 15580 --- [main] o.s.cloud.commons.util.InetUtils         : Cannot determine local hostname
18:09:36:822  INFO 15580 --- [main] d.s.w.p.DocumentationPluginsBootstrapper : Documentation plugins bootstrapped
18:09:36:824  INFO 15580 --- [main] d.s.w.p.DocumentationPluginsBootstrapper : Found 1 custom documentation plugin(s)
18:09:36:840  INFO 15580 --- [main] s.d.s.w.s.ApiListingReferenceScanner     : Scanning for api listing references
18:09:36:911  INFO 15580 --- [main] com.hmall.trade.TradeApplication         : Started TradeApplication in 10.735 seconds (JVM running for 11.559)
18:10:27:237  INFO 15580 --- [http-nio-8085-exec-1] o.a.c.c.C.[Tomcat].[localhost].[/]       : Initializing Spring DispatcherServlet 'dispatcherServlet'
18:10:27:238  INFO 15580 --- [http-nio-8085-exec-1] o.s.web.servlet.DispatcherServlet        : Initializing Servlet 'dispatcherServlet'
18:10:27:238  INFO 15580 --- [http-nio-8085-exec-1] o.s.web.servlet.DispatcherServlet        : Completed initialization in 0 ms
18:10:27:279  INFO 15580 --- [http-nio-8085-exec-1] com.zaxxer.hikari.HikariDataSource       : HikariPool-1 - Starting...
18:10:27:480  INFO 15580 --- [http-nio-8085-exec-1] com.zaxxer.hikari.HikariDataSource       : HikariPool-1 - Start completed.
18:10:27:495 DEBUG 15580 --- [http-nio-8085-exec-1] com.hmall.api.client.ItemClient          : [ItemClient#queryItemByIds] ---> GET http://item-service/items?ids=8533120 HTTP/1.1
18:10:27:495 DEBUG 15580 --- [http-nio-8085-exec-1] com.hmall.api.client.ItemClient          : [ItemClient#queryItemByIds] user-info: 2
18:10:27:496 DEBUG 15580 --- [http-nio-8085-exec-1] com.hmall.api.client.ItemClient          : [ItemClient#queryItemByIds] ---> END HTTP (0-byte body)
18:10:27:582 DEBUG 15580 --- [http-nio-8085-exec-1] com.hmall.api.client.ItemClient          : [ItemClient#queryItemByIds] <--- HTTP/1.1 200 (85ms)
18:10:27:582 DEBUG 15580 --- [http-nio-8085-exec-1] com.hmall.api.client.ItemClient          : [ItemClient#queryItemByIds] connection: keep-alive
18:10:27:582 DEBUG 15580 --- [http-nio-8085-exec-1] com.hmall.api.client.ItemClient          : [ItemClient#queryItemByIds] content-type: application/json
18:10:27:582 DEBUG 15580 --- [http-nio-8085-exec-1] com.hmall.api.client.ItemClient          : [ItemClient#queryItemByIds] date: Sun, 23 Jun 2024 23:10:27 GMT
18:10:27:582 DEBUG 15580 --- [http-nio-8085-exec-1] com.hmall.api.client.ItemClient          : [ItemClient#queryItemByIds] keep-alive: timeout=60
18:10:27:582 DEBUG 15580 --- [http-nio-8085-exec-1] com.hmall.api.client.ItemClient          : [ItemClient#queryItemByIds] transfer-encoding: chunked
18:10:27:582 DEBUG 15580 --- [http-nio-8085-exec-1] com.hmall.api.client.ItemClient          : [ItemClient#queryItemByIds] 
18:10:27:582 DEBUG 15580 --- [http-nio-8085-exec-1] com.hmall.api.client.ItemClient          : [ItemClient#queryItemByIds] [{"id":"8533120","name":"海尔 （Haier ）LQ65H31 65英寸 4K曲面人工智能全面屏超高清LED液晶电视","price":379500,"stock":10000,"image":"https://m.360buyimg.com/mobilecms/s720x720_jfs/t1/2851/14/13998/101463/5bd9723cE81b2c299/1bfdf2d1628648e4.jpg!q70.jpg.webp","category":"曲面电视","brand":"海尔","spec":"{}","sold":0,"commentCount":0,"isAD":false,"status":1}]
18:10:27:584 DEBUG 15580 --- [http-nio-8085-exec-1] com.hmall.api.client.ItemClient          : [ItemClient#queryItemByIds] <--- END HTTP (384-byte body)
18:10:27:633 DEBUG 15580 --- [http-nio-8085-exec-1] c.hmall.trade.mapper.OrderMapper.insert  : ==>  Preparing: INSERT INTO `order` ( id, total_fee, payment_type, user_id, status ) VALUES ( ?, ?, ?, ?, ? )
18:10:27:657 DEBUG 15580 --- [http-nio-8085-exec-1] c.hmall.trade.mapper.OrderMapper.insert  : ==> Parameters: 1805015593128996866(Long), 379500(Integer), 3(Integer), 2(Long), 1(Integer)
18:10:27:663 DEBUG 15580 --- [http-nio-8085-exec-1] c.hmall.trade.mapper.OrderMapper.insert  : <==    Updates: 1
18:10:27:675 DEBUG 15580 --- [http-nio-8085-exec-1] c.h.t.mapper.OrderDetailMapper.insert    : ==>  Preparing: INSERT INTO order_detail ( order_id, item_id, num, name, spec, price, image ) VALUES ( ?, ?, ?, ?, ?, ?, ? )
18:10:27:676 DEBUG 15580 --- [http-nio-8085-exec-1] c.h.t.mapper.OrderDetailMapper.insert    : ==> Parameters: 1805015593128996866(Long), 8533120(Long), 1(Integer), 海尔 （Haier ）LQ65H31 65英寸 4K曲面人工智能全面屏超高清LED液晶电视(String), {}(String), 379500(Integer), https://m.360buyimg.com/mobilecms/s720x720_jfs/t1/2851/14/13998/101463/5bd9723cE81b2c299/1bfdf2d1628648e4.jpg!q70.jpg.webp(String)
18:10:27:703 DEBUG 15580 --- [http-nio-8085-exec-1] com.hmall.api.client.CartClient          : [CartClient#deleteCartItemByIds] ---> DELETE http://cart-service/carts?ids=8533120 HTTP/1.1
18:10:27:704 DEBUG 15580 --- [http-nio-8085-exec-1] com.hmall.api.client.CartClient          : [CartClient#deleteCartItemByIds] user-info: 2
18:10:27:704 DEBUG 15580 --- [http-nio-8085-exec-1] com.hmall.api.client.CartClient          : [CartClient#deleteCartItemByIds] ---> END HTTP (0-byte body)
18:10:27:749 DEBUG 15580 --- [http-nio-8085-exec-1] com.hmall.api.client.CartClient          : [CartClient#deleteCartItemByIds] <--- HTTP/1.1 200 (45ms)
18:10:27:750 DEBUG 15580 --- [http-nio-8085-exec-1] com.hmall.api.client.CartClient          : [CartClient#deleteCartItemByIds] connection: keep-alive
18:10:27:750 DEBUG 15580 --- [http-nio-8085-exec-1] com.hmall.api.client.CartClient          : [CartClient#deleteCartItemByIds] content-length: 0
18:10:27:750 DEBUG 15580 --- [http-nio-8085-exec-1] com.hmall.api.client.CartClient          : [CartClient#deleteCartItemByIds] date: Sun, 23 Jun 2024 23:10:27 GMT
18:10:27:750 DEBUG 15580 --- [http-nio-8085-exec-1] com.hmall.api.client.CartClient          : [CartClient#deleteCartItemByIds] keep-alive: timeout=60
18:10:27:750 DEBUG 15580 --- [http-nio-8085-exec-1] com.hmall.api.client.CartClient          : [CartClient#deleteCartItemByIds] 
18:10:27:750 DEBUG 15580 --- [http-nio-8085-exec-1] com.hmall.api.client.CartClient          : [CartClient#deleteCartItemByIds] <--- END HTTP (0-byte body)
18:10:27:760 DEBUG 15580 --- [http-nio-8085-exec-1] com.hmall.api.client.ItemClient          : [ItemClient#deductStock] ---> PUT http://item-service/items/stock/deduct HTTP/1.1
18:10:27:760 DEBUG 15580 --- [http-nio-8085-exec-1] com.hmall.api.client.ItemClient          : [ItemClient#deductStock] Content-Length: 30
18:10:27:761 DEBUG 15580 --- [http-nio-8085-exec-1] com.hmall.api.client.ItemClient          : [ItemClient#deductStock] Content-Type: application/json
18:10:27:761 DEBUG 15580 --- [http-nio-8085-exec-1] com.hmall.api.client.ItemClient          : [ItemClient#deductStock] user-info: 2
18:10:27:761 DEBUG 15580 --- [http-nio-8085-exec-1] com.hmall.api.client.ItemClient          : [ItemClient#deductStock] 
18:10:27:761 DEBUG 15580 --- [http-nio-8085-exec-1] com.hmall.api.client.ItemClient          : [ItemClient#deductStock] [{"itemId":"8533120","num":1}]
18:10:27:761 DEBUG 15580 --- [http-nio-8085-exec-1] com.hmall.api.client.ItemClient          : [ItemClient#deductStock] ---> END HTTP (30-byte body)
18:10:27:793 DEBUG 15580 --- [http-nio-8085-exec-1] com.hmall.api.client.ItemClient          : [ItemClient#deductStock] <--- HTTP/1.1 200 (32ms)
18:10:27:793 DEBUG 15580 --- [http-nio-8085-exec-1] com.hmall.api.client.ItemClient          : [ItemClient#deductStock] connection: keep-alive
18:10:27:794 DEBUG 15580 --- [http-nio-8085-exec-1] com.hmall.api.client.ItemClient          : [ItemClient#deductStock] content-length: 0
18:10:27:794 DEBUG 15580 --- [http-nio-8085-exec-1] com.hmall.api.client.ItemClient          : [ItemClient#deductStock] date: Sun, 23 Jun 2024 23:10:27 GMT
18:10:27:794 DEBUG 15580 --- [http-nio-8085-exec-1] com.hmall.api.client.ItemClient          : [ItemClient#deductStock] keep-alive: timeout=60
18:10:27:794 DEBUG 15580 --- [http-nio-8085-exec-1] com.hmall.api.client.ItemClient          : [ItemClient#deductStock] 
18:10:27:794 DEBUG 15580 --- [http-nio-8085-exec-1] com.hmall.api.client.ItemClient          : [ItemClient#deductStock] <--- END HTTP (0-byte body)
18:10:27:907 DEBUG 15580 --- [http-nio-8085-exec-2] c.h.trade.mapper.OrderMapper.selectById  : ==>  Preparing: SELECT id,total_fee,payment_type,user_id,status,create_time,pay_time,consign_time,end_time,close_time,comment_time,update_time FROM `order` WHERE id=?
18:10:27:908 DEBUG 15580 --- [http-nio-8085-exec-2] c.h.trade.mapper.OrderMapper.selectById  : ==> Parameters: 1805015593128996866(Long)
18:10:27:928 DEBUG 15580 --- [http-nio-8085-exec-2] c.h.trade.mapper.OrderMapper.selectById  : <==      Total: 1
18:10:28:060  INFO 15580 --- [nacos-grpc-client-executor-22] com.alibaba.nacos.common.remote.client   : [1f50641b-0340-4eb9-8043-d4135729b83f] Receive server push request, request = NotifySubscriberRequest, requestId = 20
18:10:28:060  INFO 15580 --- [nacos-grpc-client-executor-22] com.alibaba.nacos.common.remote.client   : [1f50641b-0340-4eb9-8043-d4135729b83f] Ack server push request, request = NotifySubscriberRequest, requestId = 20
18:10:28:260  INFO 15580 --- [nacos-grpc-client-executor-23] com.alibaba.nacos.common.remote.client   : [1f50641b-0340-4eb9-8043-d4135729b83f] Receive server push request, request = NotifySubscriberRequest, requestId = 21
18:10:28:260  INFO 15580 --- [nacos-grpc-client-executor-23] com.alibaba.nacos.common.remote.client   : [1f50641b-0340-4eb9-8043-d4135729b83f] Ack server push request, request = NotifySubscriberRequest, requestId = 21
18:13:09:804  WARN 15580 --- [Thread-7] c.a.n.common.http.HttpClientBeanHolder   : [HttpClientBeanHolder] Start destroying common HttpClient
18:13:09:805  WARN 15580 --- [Thread-4] c.a.nacos.common.notify.NotifyCenter     : [NotifyCenter] Start destroying Publisher
18:13:09:805  WARN 15580 --- [Thread-4] c.a.nacos.common.notify.NotifyCenter     : [NotifyCenter] Destruction of the end
18:13:09:805  WARN 15580 --- [Thread-7] c.a.n.common.http.HttpClientBeanHolder   : [HttpClientBeanHolder] Destruction of the end
18:13:10:292  INFO 15580 --- [SpringApplicationShutdownHook] c.a.c.n.registry.NacosServiceRegistry    : De-registering from Nacos Server now...
18:13:10:297  INFO 15580 --- [SpringApplicationShutdownHook] c.a.c.n.registry.NacosServiceRegistry    : De-registration finished.
18:13:10:624  INFO 15580 --- [SpringApplicationShutdownHook] com.alibaba.nacos.common.remote.client   : Shutdown rpc client, set status to shutdown
18:13:10:624  INFO 15580 --- [SpringApplicationShutdownHook] com.alibaba.nacos.common.remote.client   : Shutdown client event executor java.util.concurrent.ScheduledThreadPoolExecutor@5377171a[Running, pool size = 2, active threads = 2, queued tasks = 0, completed tasks = 0]
18:13:10:624  INFO 15580 --- [SpringApplicationShutdownHook] com.alibaba.nacos.common.remote.client   : Close current connection 1719184173529_192.168.146.1_59917
18:13:10:626  INFO 15580 --- [nacos-grpc-client-executor-62] c.a.n.c.remote.client.grpc.GrpcClient    : [1719184173529_192.168.146.1_59917]Ignore complete event,isRunning:false,isAbandon=false
18:13:10:628  INFO 15580 --- [SpringApplicationShutdownHook] c.a.n.c.remote.client.grpc.GrpcClient    : Shutdown grpc executor java.util.concurrent.ThreadPoolExecutor@2d041204[Running, pool size = 5, active threads = 0, queued tasks = 0, completed tasks = 63]
18:13:10:631  INFO 15580 --- [SpringApplicationShutdownHook] com.zaxxer.hikari.HikariDataSource       : HikariPool-1 - Shutdown initiated...
18:13:10:646  INFO 15580 --- [SpringApplicationShutdownHook] com.zaxxer.hikari.HikariDataSource       : HikariPool-1 - Shutdown completed.
