13:07:30:353  INFO 7924 --- [main] com.hmall.item.ItemApplication           : Starting ItemApplication using Java 11.0.23 on YogaPro14s with PID 7924 (D:\IdeaProjects\hmall\item-service\target\classes started by lzh91 in D:\IdeaProjects\hmall)
13:07:30:362 DEBUG 7924 --- [main] com.hmall.item.ItemApplication           : Running with Spring Boot v2.7.12, Spring v5.3.27
13:07:30:363  INFO 7924 --- [main] com.hmall.item.ItemApplication           : The following 1 profile is active: "local"
13:07:30:948  INFO 7924 --- [main] o.s.cloud.context.scope.GenericScope     : BeanFactory id=bbf78ce3-4479-3868-93b9-1c956f7b226c
13:07:31:167  INFO 7924 --- [main] o.s.b.w.embedded.tomcat.TomcatWebServer  : Tomcat initialized with port(s): 8081 (http)
13:07:31:174  INFO 7924 --- [main] o.apache.catalina.core.StandardService   : Starting service [Tomcat]
13:07:31:175  INFO 7924 --- [main] org.apache.catalina.core.StandardEngine  : Starting Servlet engine: [Apache Tomcat/9.0.75]
13:07:31:262  INFO 7924 --- [main] o.a.c.c.C.[Tomcat].[localhost].[/]       : Initializing Spring embedded WebApplicationContext
13:07:31:262  INFO 7924 --- [main] w.s.c.ServletWebServerApplicationContext : Root WebApplicationContext: initialization completed in 871 ms
13:07:33:648  INFO 7924 --- [main] o.s.cloud.commons.util.InetUtils         : Cannot determine local hostname
13:07:33:670  INFO 7924 --- [main] pertySourcedRequestMappingHandlerMapping : Mapped URL path [/v2/api-docs] onto method [springfox.documentation.swagger2.web.Swagger2ControllerWebMvc#getDocumentation(String, HttpServletRequest)]
13:07:35:103  INFO 7924 --- [main] o.s.cloud.commons.util.InetUtils         : Cannot determine local hostname
13:07:35:188  INFO 7924 --- [main] com.alibaba.nacos.common.remote.client   : [RpcClientFactory] create a new rpc client of 678c570f-908f-4d86-a4bd-966ed92319ff
13:07:35:218  INFO 7924 --- [main] org.reflections.Reflections              : Reflections took 17 ms to scan 1 urls, producing 3 keys and 6 values 
13:07:35:244  INFO 7924 --- [main] org.reflections.Reflections              : Reflections took 15 ms to scan 1 urls, producing 4 keys and 9 values 
13:07:35:250  INFO 7924 --- [main] org.reflections.Reflections              : Reflections took 4 ms to scan 1 urls, producing 3 keys and 10 values 
13:07:35:253  WARN 7924 --- [main] org.reflections.Reflections              : given scan urls are empty. set urls in the configuration
13:07:35:257  INFO 7924 --- [main] org.reflections.Reflections              : Reflections took 4 ms to scan 1 urls, producing 1 keys and 5 values 
13:07:35:264  INFO 7924 --- [main] org.reflections.Reflections              : Reflections took 5 ms to scan 1 urls, producing 1 keys and 7 values 
13:07:35:270  INFO 7924 --- [main] org.reflections.Reflections              : Reflections took 4 ms to scan 1 urls, producing 2 keys and 8 values 
13:07:35:272  WARN 7924 --- [main] org.reflections.Reflections              : given scan urls are empty. set urls in the configuration
13:07:35:273  INFO 7924 --- [main] com.alibaba.nacos.common.remote.client   : [678c570f-908f-4d86-a4bd-966ed92319ff] RpcClient init label, labels = {module=naming, source=sdk}
13:07:35:274  INFO 7924 --- [main] com.alibaba.nacos.common.remote.client   : [678c570f-908f-4d86-a4bd-966ed92319ff] RpcClient init, ServerListFactory = com.alibaba.nacos.client.naming.core.ServerListManager
13:07:35:274  INFO 7924 --- [main] com.alibaba.nacos.common.remote.client   : [678c570f-908f-4d86-a4bd-966ed92319ff] Registry connection listener to current client:com.alibaba.nacos.client.naming.remote.gprc.redo.NamingGrpcRedoService
13:07:35:275  INFO 7924 --- [main] com.alibaba.nacos.common.remote.client   : [678c570f-908f-4d86-a4bd-966ed92319ff] Register server push request handler:com.alibaba.nacos.client.naming.remote.gprc.NamingPushRequestHandler
13:07:35:276  INFO 7924 --- [main] com.alibaba.nacos.common.remote.client   : [678c570f-908f-4d86-a4bd-966ed92319ff] Try to connect to server on start up, server: {serverIp = '192.168.146.130', server main port = 8848}
13:07:36:733  INFO 7924 --- [main] com.alibaba.nacos.common.remote.client   : [678c570f-908f-4d86-a4bd-966ed92319ff] Success to connect to server [192.168.146.130:8848] on start up, connectionId = 1719166055910_192.168.146.1_58012
13:07:36:734  INFO 7924 --- [com.alibaba.nacos.client.remote.worker] com.alibaba.nacos.common.remote.client   : [678c570f-908f-4d86-a4bd-966ed92319ff] Notify connected event to listeners.
13:07:36:734  INFO 7924 --- [main] com.alibaba.nacos.common.remote.client   : [678c570f-908f-4d86-a4bd-966ed92319ff] Register server push request handler:com.alibaba.nacos.common.remote.client.RpcClient$ConnectResetRequestHandler
13:07:36:736  INFO 7924 --- [main] com.alibaba.nacos.common.remote.client   : [678c570f-908f-4d86-a4bd-966ed92319ff] Register server push request handler:com.alibaba.nacos.common.remote.client.RpcClient$$Lambda$900/0x0000000800780040
13:07:36:784  INFO 7924 --- [main] o.s.b.w.embedded.tomcat.TomcatWebServer  : Tomcat started on port(s): 8081 (http) with context path ''
13:07:36:796  INFO 7924 --- [main] c.a.c.n.registry.NacosServiceRegistry    : nacos registry, DEFAULT_GROUP item-service 192.168.145.1:8081 register finished
13:07:37:298  INFO 7924 --- [nacos-grpc-client-executor-9] com.alibaba.nacos.common.remote.client   : [678c570f-908f-4d86-a4bd-966ed92319ff] Receive server push request, request = NotifySubscriberRequest, requestId = 3
13:07:37:301  INFO 7924 --- [nacos-grpc-client-executor-9] com.alibaba.nacos.common.remote.client   : [678c570f-908f-4d86-a4bd-966ed92319ff] Ack server push request, request = NotifySubscriberRequest, requestId = 3
13:07:38:186  INFO 7924 --- [main] o.s.cloud.commons.util.InetUtils         : Cannot determine local hostname
13:07:38:186  INFO 7924 --- [main] d.s.w.p.DocumentationPluginsBootstrapper : Documentation plugins bootstrapped
13:07:38:188  INFO 7924 --- [main] d.s.w.p.DocumentationPluginsBootstrapper : Found 1 custom documentation plugin(s)
13:07:38:206  INFO 7924 --- [main] s.d.s.w.s.ApiListingReferenceScanner     : Scanning for api listing references
13:07:38:293  INFO 7924 --- [main] com.hmall.item.ItemApplication           : Started ItemApplication in 9.741 seconds (JVM running for 10.724)
13:07:48:763  INFO 7924 --- [http-nio-8081-exec-1] o.a.c.c.C.[Tomcat].[localhost].[/]       : Initializing Spring DispatcherServlet 'dispatcherServlet'
13:07:48:763  INFO 7924 --- [http-nio-8081-exec-1] o.s.web.servlet.DispatcherServlet        : Initializing Servlet 'dispatcherServlet'
13:07:48:764  INFO 7924 --- [http-nio-8081-exec-1] o.s.web.servlet.DispatcherServlet        : Completed initialization in 1 ms
13:07:53:437  INFO 7924 --- [http-nio-8081-exec-3] com.zaxxer.hikari.HikariDataSource       : HikariPool-1 - Starting...
13:07:53:641  INFO 7924 --- [http-nio-8081-exec-3] com.zaxxer.hikari.HikariDataSource       : HikariPool-1 - Start completed.
13:07:53:647 DEBUG 7924 --- [http-nio-8081-exec-3] c.h.i.m.ItemMapper.selectPage_mpCount    : ==>  Preparing: SELECT COUNT(*) FROM item
13:07:53:660 DEBUG 7924 --- [http-nio-8081-exec-3] c.h.i.m.ItemMapper.selectPage_mpCount    : ==> Parameters: 
13:07:53:860 DEBUG 7924 --- [http-nio-8081-exec-3] c.h.i.m.ItemMapper.selectPage_mpCount    : <==      Total: 1
13:07:53:872 DEBUG 7924 --- [http-nio-8081-exec-3] c.h.item.mapper.ItemMapper.selectPage    : ==>  Preparing: SELECT id, name, price, stock, image, category, brand, spec, sold, comment_count, isAD, status, create_time, update_time, creater, updater FROM item ORDER BY update_time DESC LIMIT ?
13:07:53:872 DEBUG 7924 --- [http-nio-8081-exec-3] c.h.item.mapper.ItemMapper.selectPage    : ==> Parameters: 20(Long)
13:07:53:895 DEBUG 7924 --- [http-nio-8081-exec-3] c.h.item.mapper.ItemMapper.selectPage    : <==      Total: 20
13:10:22:921  WARN 7924 --- [Thread-7] c.a.n.common.http.HttpClientBeanHolder   : [HttpClientBeanHolder] Start destroying common HttpClient
13:10:22:921  WARN 7924 --- [Thread-4] c.a.nacos.common.notify.NotifyCenter     : [NotifyCenter] Start destroying Publisher
13:10:22:922  WARN 7924 --- [Thread-4] c.a.nacos.common.notify.NotifyCenter     : [NotifyCenter] Destruction of the end
13:10:22:922  WARN 7924 --- [Thread-7] c.a.n.common.http.HttpClientBeanHolder   : [HttpClientBeanHolder] Destruction of the end
13:10:23:197  INFO 7924 --- [SpringApplicationShutdownHook] c.a.c.n.registry.NacosServiceRegistry    : De-registering from Nacos Server now...
13:10:23:205  INFO 7924 --- [SpringApplicationShutdownHook] c.a.c.n.registry.NacosServiceRegistry    : De-registration finished.
13:10:23:536  INFO 7924 --- [SpringApplicationShutdownHook] com.alibaba.nacos.common.remote.client   : Shutdown rpc client, set status to shutdown
13:10:23:536  INFO 7924 --- [SpringApplicationShutdownHook] com.alibaba.nacos.common.remote.client   : Shutdown client event executor java.util.concurrent.ScheduledThreadPoolExecutor@79f1a985[Running, pool size = 2, active threads = 2, queued tasks = 0, completed tasks = 0]
13:10:23:536  INFO 7924 --- [SpringApplicationShutdownHook] com.alibaba.nacos.common.remote.client   : Close current connection 1719166055910_192.168.146.1_58012
13:10:23:540  INFO 7924 --- [SpringApplicationShutdownHook] c.a.n.c.remote.client.grpc.GrpcClient    : Shutdown grpc executor java.util.concurrent.ThreadPoolExecutor@5cc5b057[Running, pool size = 4, active threads = 0, queued tasks = 0, completed tasks = 48]
13:10:23:543  INFO 7924 --- [SpringApplicationShutdownHook] com.zaxxer.hikari.HikariDataSource       : HikariPool-1 - Shutdown initiated...
13:10:23:575  INFO 7924 --- [SpringApplicationShutdownHook] com.zaxxer.hikari.HikariDataSource       : HikariPool-1 - Shutdown completed.
13:10:29:437  INFO 18340 --- [main] com.hmall.item.ItemApplication           : Starting ItemApplication using Java 11.0.23 on YogaPro14s with PID 18340 (D:\IdeaProjects\hmall\item-service\target\classes started by lzh91 in D:\IdeaProjects\hmall)
13:10:29:439 DEBUG 18340 --- [main] com.hmall.item.ItemApplication           : Running with Spring Boot v2.7.12, Spring v5.3.27
13:10:29:439  INFO 18340 --- [main] com.hmall.item.ItemApplication           : The following 1 profile is active: "local"
13:10:29:984  INFO 18340 --- [main] o.s.cloud.context.scope.GenericScope     : BeanFactory id=27b5db73-bd4c-396c-a5d5-6435867d3e11
13:10:30:235  INFO 18340 --- [main] o.s.b.w.embedded.tomcat.TomcatWebServer  : Tomcat initialized with port(s): 8081 (http)
13:10:30:241  INFO 18340 --- [main] o.apache.catalina.core.StandardService   : Starting service [Tomcat]
13:10:30:241  INFO 18340 --- [main] org.apache.catalina.core.StandardEngine  : Starting Servlet engine: [Apache Tomcat/9.0.75]
13:10:30:331  INFO 18340 --- [main] o.a.c.c.C.[Tomcat].[localhost].[/]       : Initializing Spring embedded WebApplicationContext
13:10:30:331  INFO 18340 --- [main] w.s.c.ServletWebServerApplicationContext : Root WebApplicationContext: initialization completed in 871 ms
13:10:32:679  INFO 18340 --- [main] o.s.cloud.commons.util.InetUtils         : Cannot determine local hostname
13:10:32:700  INFO 18340 --- [main] pertySourcedRequestMappingHandlerMapping : Mapped URL path [/v2/api-docs] onto method [springfox.documentation.swagger2.web.Swagger2ControllerWebMvc#getDocumentation(String, HttpServletRequest)]
13:10:34:114  INFO 18340 --- [main] o.s.cloud.commons.util.InetUtils         : Cannot determine local hostname
13:10:34:198  INFO 18340 --- [main] com.alibaba.nacos.common.remote.client   : [RpcClientFactory] create a new rpc client of 9d1242d4-5162-4960-881c-d693d808c84d
13:10:34:222  INFO 18340 --- [main] org.reflections.Reflections              : Reflections took 13 ms to scan 1 urls, producing 3 keys and 6 values 
13:10:34:238  INFO 18340 --- [main] org.reflections.Reflections              : Reflections took 7 ms to scan 1 urls, producing 4 keys and 9 values 
13:10:34:245  INFO 18340 --- [main] org.reflections.Reflections              : Reflections took 6 ms to scan 1 urls, producing 3 keys and 10 values 
13:10:34:247  WARN 18340 --- [main] org.reflections.Reflections              : given scan urls are empty. set urls in the configuration
13:10:34:254  INFO 18340 --- [main] org.reflections.Reflections              : Reflections took 6 ms to scan 1 urls, producing 1 keys and 5 values 
13:10:34:263  INFO 18340 --- [main] org.reflections.Reflections              : Reflections took 8 ms to scan 1 urls, producing 1 keys and 7 values 
13:10:34:272  INFO 18340 --- [main] org.reflections.Reflections              : Reflections took 7 ms to scan 1 urls, producing 2 keys and 8 values 
13:10:34:273  WARN 18340 --- [main] org.reflections.Reflections              : given scan urls are empty. set urls in the configuration
13:10:34:275  INFO 18340 --- [main] com.alibaba.nacos.common.remote.client   : [9d1242d4-5162-4960-881c-d693d808c84d] RpcClient init label, labels = {module=naming, source=sdk}
13:10:34:276  INFO 18340 --- [main] com.alibaba.nacos.common.remote.client   : [9d1242d4-5162-4960-881c-d693d808c84d] RpcClient init, ServerListFactory = com.alibaba.nacos.client.naming.core.ServerListManager
13:10:34:276  INFO 18340 --- [main] com.alibaba.nacos.common.remote.client   : [9d1242d4-5162-4960-881c-d693d808c84d] Registry connection listener to current client:com.alibaba.nacos.client.naming.remote.gprc.redo.NamingGrpcRedoService
13:10:34:276  INFO 18340 --- [main] com.alibaba.nacos.common.remote.client   : [9d1242d4-5162-4960-881c-d693d808c84d] Register server push request handler:com.alibaba.nacos.client.naming.remote.gprc.NamingPushRequestHandler
13:10:34:277  INFO 18340 --- [main] com.alibaba.nacos.common.remote.client   : [9d1242d4-5162-4960-881c-d693d808c84d] Try to connect to server on start up, server: {serverIp = '192.168.146.130', server main port = 8848}
13:10:35:634  INFO 18340 --- [main] com.alibaba.nacos.common.remote.client   : [9d1242d4-5162-4960-881c-d693d808c84d] Success to connect to server [192.168.146.130:8848] on start up, connectionId = 1719166234789_192.168.146.1_58506
13:10:35:635  INFO 18340 --- [main] com.alibaba.nacos.common.remote.client   : [9d1242d4-5162-4960-881c-d693d808c84d] Register server push request handler:com.alibaba.nacos.common.remote.client.RpcClient$ConnectResetRequestHandler
13:10:35:635  INFO 18340 --- [com.alibaba.nacos.client.remote.worker] com.alibaba.nacos.common.remote.client   : [9d1242d4-5162-4960-881c-d693d808c84d] Notify connected event to listeners.
13:10:35:636  INFO 18340 --- [main] com.alibaba.nacos.common.remote.client   : [9d1242d4-5162-4960-881c-d693d808c84d] Register server push request handler:com.alibaba.nacos.common.remote.client.RpcClient$$Lambda$900/0x0000000800780040
13:10:35:682  INFO 18340 --- [main] o.s.b.w.embedded.tomcat.TomcatWebServer  : Tomcat started on port(s): 8081 (http) with context path ''
13:10:35:694  INFO 18340 --- [main] c.a.c.n.registry.NacosServiceRegistry    : nacos registry, DEFAULT_GROUP item-service 192.168.145.1:8081 register finished
13:10:36:264  INFO 18340 --- [nacos-grpc-client-executor-8] com.alibaba.nacos.common.remote.client   : [9d1242d4-5162-4960-881c-d693d808c84d] Receive server push request, request = NotifySubscriberRequest, requestId = 4
13:10:36:268  INFO 18340 --- [nacos-grpc-client-executor-8] com.alibaba.nacos.common.remote.client   : [9d1242d4-5162-4960-881c-d693d808c84d] Ack server push request, request = NotifySubscriberRequest, requestId = 4
13:10:37:035  INFO 18340 --- [main] o.s.cloud.commons.util.InetUtils         : Cannot determine local hostname
13:10:37:036  INFO 18340 --- [main] d.s.w.p.DocumentationPluginsBootstrapper : Documentation plugins bootstrapped
13:10:37:038  INFO 18340 --- [main] d.s.w.p.DocumentationPluginsBootstrapper : Found 1 custom documentation plugin(s)
13:10:37:056  INFO 18340 --- [main] s.d.s.w.s.ApiListingReferenceScanner     : Scanning for api listing references
13:10:37:138  INFO 18340 --- [main] com.hmall.item.ItemApplication           : Started ItemApplication in 9.386 seconds (JVM running for 10.113)
13:10:41:766  INFO 18340 --- [http-nio-8081-exec-1] o.a.c.c.C.[Tomcat].[localhost].[/]       : Initializing Spring DispatcherServlet 'dispatcherServlet'
13:10:41:767  INFO 18340 --- [http-nio-8081-exec-1] o.s.web.servlet.DispatcherServlet        : Initializing Servlet 'dispatcherServlet'
13:10:41:767  INFO 18340 --- [http-nio-8081-exec-1] o.s.web.servlet.DispatcherServlet        : Completed initialization in 0 ms
13:10:41:866  INFO 18340 --- [http-nio-8081-exec-1] com.zaxxer.hikari.HikariDataSource       : HikariPool-1 - Starting...
13:10:42:078  INFO 18340 --- [http-nio-8081-exec-1] com.zaxxer.hikari.HikariDataSource       : HikariPool-1 - Start completed.
13:10:42:082 DEBUG 18340 --- [http-nio-8081-exec-1] c.h.i.m.ItemMapper.selectPage_mpCount    : ==>  Preparing: SELECT COUNT(*) FROM item WHERE (status = ?)
13:10:42:097 DEBUG 18340 --- [http-nio-8081-exec-1] c.h.i.m.ItemMapper.selectPage_mpCount    : ==> Parameters: 1(Integer)
13:10:42:132 DEBUG 18340 --- [http-nio-8081-exec-1] c.h.i.m.ItemMapper.selectPage_mpCount    : <==      Total: 1
13:10:42:141 DEBUG 18340 --- [http-nio-8081-exec-1] c.h.item.mapper.ItemMapper.selectPage    : ==>  Preparing: SELECT id, name, price, stock, image, category, brand, spec, sold, comment_count, isAD, status, create_time, update_time, creater, updater FROM item WHERE (status = ?) ORDER BY update_time DESC LIMIT ?
13:10:42:141 DEBUG 18340 --- [http-nio-8081-exec-1] c.h.item.mapper.ItemMapper.selectPage    : ==> Parameters: 1(Integer), 20(Long)
13:10:42:164 DEBUG 18340 --- [http-nio-8081-exec-1] c.h.item.mapper.ItemMapper.selectPage    : <==      Total: 20
13:10:58:104 DEBUG 18340 --- [http-nio-8081-exec-2] c.h.i.m.ItemMapper.selectPage_mpCount    : ==>  Preparing: SELECT COUNT(*) FROM item WHERE (status = ?)
13:10:58:105 DEBUG 18340 --- [http-nio-8081-exec-2] c.h.i.m.ItemMapper.selectPage_mpCount    : ==> Parameters: 1(Integer)
13:10:58:131 DEBUG 18340 --- [http-nio-8081-exec-2] c.h.i.m.ItemMapper.selectPage_mpCount    : <==      Total: 1
13:10:58:133 DEBUG 18340 --- [http-nio-8081-exec-2] c.h.item.mapper.ItemMapper.selectPage    : ==>  Preparing: SELECT id, name, price, stock, image, category, brand, spec, sold, comment_count, isAD, status, create_time, update_time, creater, updater FROM item WHERE (status = ?) ORDER BY update_time DESC LIMIT ?
13:10:58:133 DEBUG 18340 --- [http-nio-8081-exec-2] c.h.item.mapper.ItemMapper.selectPage    : ==> Parameters: 1(Integer), 20(Long)
13:10:58:138 DEBUG 18340 --- [http-nio-8081-exec-2] c.h.item.mapper.ItemMapper.selectPage    : <==      Total: 20
13:11:09:229  WARN 18340 --- [http-nio-8081-exec-3] .w.s.m.s.DefaultHandlerExceptionResolver : Resolved [org.springframework.web.method.annotation.MethodArgumentTypeMismatchException: Failed to convert value of type 'java.lang.String' to required type 'java.lang.Long'; nested exception is java.lang.NumberFormatException: For input string: "list"]
13:11:40:293  WARN 18340 --- [http-nio-8081-exec-10] .w.s.m.s.DefaultHandlerExceptionResolver : Resolved [org.springframework.web.bind.MissingServletRequestParameterException: Required request parameter 'ids' for method parameter type List is not present]
13:11:48:940 DEBUG 18340 --- [http-nio-8081-exec-7] c.h.i.m.ItemMapper.selectPage_mpCount    : ==>  Preparing: SELECT COUNT(*) FROM item
13:11:48:940 DEBUG 18340 --- [http-nio-8081-exec-7] c.h.i.m.ItemMapper.selectPage_mpCount    : ==> Parameters: 
13:11:49:025 DEBUG 18340 --- [http-nio-8081-exec-7] c.h.i.m.ItemMapper.selectPage_mpCount    : <==      Total: 1
13:11:49:026 DEBUG 18340 --- [http-nio-8081-exec-7] c.h.item.mapper.ItemMapper.selectPage    : ==>  Preparing: SELECT id, name, price, stock, image, category, brand, spec, sold, comment_count, isAD, status, create_time, update_time, creater, updater FROM item ORDER BY update_time DESC LIMIT ?
13:11:49:026 DEBUG 18340 --- [http-nio-8081-exec-7] c.h.item.mapper.ItemMapper.selectPage    : ==> Parameters: 20(Long)
13:11:49:031 DEBUG 18340 --- [http-nio-8081-exec-7] c.h.item.mapper.ItemMapper.selectPage    : <==      Total: 20
13:19:43:269 DEBUG 18340 --- [http-nio-8081-exec-9] c.h.i.m.ItemMapper.selectPage_mpCount    : ==>  Preparing: SELECT COUNT(*) FROM item WHERE (status = ?)
13:19:43:270 DEBUG 18340 --- [http-nio-8081-exec-9] c.h.i.m.ItemMapper.selectPage_mpCount    : ==> Parameters: 1(Integer)
13:19:43:305 DEBUG 18340 --- [http-nio-8081-exec-9] c.h.i.m.ItemMapper.selectPage_mpCount    : <==      Total: 1
13:19:43:308 DEBUG 18340 --- [http-nio-8081-exec-9] c.h.item.mapper.ItemMapper.selectPage    : ==>  Preparing: SELECT id, name, price, stock, image, category, brand, spec, sold, comment_count, isAD, status, create_time, update_time, creater, updater FROM item WHERE (status = ?) ORDER BY update_time DESC LIMIT ?
13:19:43:308 DEBUG 18340 --- [http-nio-8081-exec-9] c.h.item.mapper.ItemMapper.selectPage    : ==> Parameters: 1(Integer), 20(Long)
13:19:43:314 DEBUG 18340 --- [http-nio-8081-exec-9] c.h.item.mapper.ItemMapper.selectPage    : <==      Total: 20
13:20:40:630 DEBUG 18340 --- [http-nio-8081-exec-5] c.h.i.m.ItemMapper.selectPage_mpCount    : ==>  Preparing: SELECT COUNT(*) FROM item WHERE (status = ?)
13:20:40:630 DEBUG 18340 --- [http-nio-8081-exec-5] c.h.i.m.ItemMapper.selectPage_mpCount    : ==> Parameters: 1(Integer)
13:20:40:660 DEBUG 18340 --- [http-nio-8081-exec-5] c.h.i.m.ItemMapper.selectPage_mpCount    : <==      Total: 1
13:20:40:661 DEBUG 18340 --- [http-nio-8081-exec-5] c.h.item.mapper.ItemMapper.selectPage    : ==>  Preparing: SELECT id, name, price, stock, image, category, brand, spec, sold, comment_count, isAD, status, create_time, update_time, creater, updater FROM item WHERE (status = ?) ORDER BY update_time DESC LIMIT ?
13:20:40:661 DEBUG 18340 --- [http-nio-8081-exec-5] c.h.item.mapper.ItemMapper.selectPage    : ==> Parameters: 1(Integer), 20(Long)
13:20:40:667 DEBUG 18340 --- [http-nio-8081-exec-5] c.h.item.mapper.ItemMapper.selectPage    : <==      Total: 20
15:45:25:502  WARN 18340 --- [Thread-4] c.a.nacos.common.notify.NotifyCenter     : [NotifyCenter] Start destroying Publisher
15:45:25:502  WARN 18340 --- [Thread-7] c.a.n.common.http.HttpClientBeanHolder   : [HttpClientBeanHolder] Start destroying common HttpClient
15:45:25:502  WARN 18340 --- [Thread-4] c.a.nacos.common.notify.NotifyCenter     : [NotifyCenter] Destruction of the end
15:45:25:503  WARN 18340 --- [Thread-7] c.a.n.common.http.HttpClientBeanHolder   : [HttpClientBeanHolder] Destruction of the end
15:45:25:847  INFO 18340 --- [SpringApplicationShutdownHook] c.a.c.n.registry.NacosServiceRegistry    : De-registering from Nacos Server now...
15:45:25:853  INFO 18340 --- [SpringApplicationShutdownHook] c.a.c.n.registry.NacosServiceRegistry    : De-registration finished.
15:45:26:184  INFO 18340 --- [SpringApplicationShutdownHook] com.alibaba.nacos.common.remote.client   : Shutdown rpc client, set status to shutdown
15:45:26:184  INFO 18340 --- [SpringApplicationShutdownHook] com.alibaba.nacos.common.remote.client   : Shutdown client event executor java.util.concurrent.ScheduledThreadPoolExecutor@57ba1941[Running, pool size = 2, active threads = 2, queued tasks = 0, completed tasks = 0]
15:45:26:185  INFO 18340 --- [SpringApplicationShutdownHook] com.alibaba.nacos.common.remote.client   : Close current connection 1719166234789_192.168.146.1_58506
15:45:26:187  INFO 18340 --- [nacos-grpc-client-executor-1871] c.a.n.c.remote.client.grpc.GrpcClient    : [1719166234789_192.168.146.1_58506]Ignore complete event,isRunning:false,isAbandon=false
15:45:26:189  INFO 18340 --- [SpringApplicationShutdownHook] c.a.n.c.remote.client.grpc.GrpcClient    : Shutdown grpc executor java.util.concurrent.ThreadPoolExecutor@47b9efe3[Running, pool size = 5, active threads = 0, queued tasks = 0, completed tasks = 1872]
15:45:26:194  INFO 18340 --- [SpringApplicationShutdownHook] com.zaxxer.hikari.HikariDataSource       : HikariPool-1 - Shutdown initiated...
15:45:26:210  INFO 18340 --- [SpringApplicationShutdownHook] com.zaxxer.hikari.HikariDataSource       : HikariPool-1 - Shutdown completed.
17:31:45:765  INFO 23492 --- [main] com.hmall.item.ItemApplication           : Starting ItemApplication using Java 11.0.23 on YogaPro14s with PID 23492 (D:\IdeaProjects\hmall\item-service\target\classes started by lzh91 in D:\IdeaProjects\hmall)
17:31:45:768 DEBUG 23492 --- [main] com.hmall.item.ItemApplication           : Running with Spring Boot v2.7.12, Spring v5.3.27
17:31:45:768  INFO 23492 --- [main] com.hmall.item.ItemApplication           : The following 1 profile is active: "local"
17:31:46:490  INFO 23492 --- [main] o.s.cloud.context.scope.GenericScope     : BeanFactory id=27b5db73-bd4c-396c-a5d5-6435867d3e11
17:31:46:757  INFO 23492 --- [main] o.s.b.w.embedded.tomcat.TomcatWebServer  : Tomcat initialized with port(s): 8081 (http)
17:31:46:769  INFO 23492 --- [main] o.apache.catalina.core.StandardService   : Starting service [Tomcat]
17:31:46:770  INFO 23492 --- [main] org.apache.catalina.core.StandardEngine  : Starting Servlet engine: [Apache Tomcat/9.0.75]
17:31:46:878  INFO 23492 --- [main] o.a.c.c.C.[Tomcat].[localhost].[/]       : Initializing Spring embedded WebApplicationContext
17:31:46:878  INFO 23492 --- [main] w.s.c.ServletWebServerApplicationContext : Root WebApplicationContext: initialization completed in 1082 ms
17:31:49:356  INFO 23492 --- [main] o.s.cloud.commons.util.InetUtils         : Cannot determine local hostname
17:31:49:376  INFO 23492 --- [main] pertySourcedRequestMappingHandlerMapping : Mapped URL path [/v2/api-docs] onto method [springfox.documentation.swagger2.web.Swagger2ControllerWebMvc#getDocumentation(String, HttpServletRequest)]
17:31:50:754  INFO 23492 --- [main] o.s.cloud.commons.util.InetUtils         : Cannot determine local hostname
17:31:50:840  INFO 23492 --- [main] com.alibaba.nacos.common.remote.client   : [RpcClientFactory] create a new rpc client of 184aee80-e16e-4f39-99ad-56f82cacd522
17:31:50:869  INFO 23492 --- [main] org.reflections.Reflections              : Reflections took 17 ms to scan 1 urls, producing 3 keys and 6 values 
17:31:50:885  INFO 23492 --- [main] org.reflections.Reflections              : Reflections took 7 ms to scan 1 urls, producing 4 keys and 9 values 
17:31:50:896  INFO 23492 --- [main] org.reflections.Reflections              : Reflections took 8 ms to scan 1 urls, producing 3 keys and 10 values 
17:31:50:900  WARN 23492 --- [main] org.reflections.Reflections              : given scan urls are empty. set urls in the configuration
17:31:50:923  INFO 23492 --- [main] org.reflections.Reflections              : Reflections took 23 ms to scan 1 urls, producing 1 keys and 5 values 
17:31:50:942  INFO 23492 --- [main] org.reflections.Reflections              : Reflections took 16 ms to scan 1 urls, producing 1 keys and 7 values 
17:31:50:960  INFO 23492 --- [main] org.reflections.Reflections              : Reflections took 15 ms to scan 1 urls, producing 2 keys and 8 values 
17:31:50:963  WARN 23492 --- [main] org.reflections.Reflections              : given scan urls are empty. set urls in the configuration
17:31:50:963  INFO 23492 --- [main] com.alibaba.nacos.common.remote.client   : [184aee80-e16e-4f39-99ad-56f82cacd522] RpcClient init label, labels = {module=naming, source=sdk}
17:31:50:965  INFO 23492 --- [main] com.alibaba.nacos.common.remote.client   : [184aee80-e16e-4f39-99ad-56f82cacd522] RpcClient init, ServerListFactory = com.alibaba.nacos.client.naming.core.ServerListManager
17:31:50:966  INFO 23492 --- [main] com.alibaba.nacos.common.remote.client   : [184aee80-e16e-4f39-99ad-56f82cacd522] Registry connection listener to current client:com.alibaba.nacos.client.naming.remote.gprc.redo.NamingGrpcRedoService
17:31:50:966  INFO 23492 --- [main] com.alibaba.nacos.common.remote.client   : [184aee80-e16e-4f39-99ad-56f82cacd522] Register server push request handler:com.alibaba.nacos.client.naming.remote.gprc.NamingPushRequestHandler
17:31:50:968  INFO 23492 --- [main] com.alibaba.nacos.common.remote.client   : [184aee80-e16e-4f39-99ad-56f82cacd522] Try to connect to server on start up, server: {serverIp = '192.168.146.130', server main port = 8848}
17:31:52:276  INFO 23492 --- [main] com.alibaba.nacos.common.remote.client   : [184aee80-e16e-4f39-99ad-56f82cacd522] Success to connect to server [192.168.146.130:8848] on start up, connectionId = 1719181910982_192.168.146.1_58806
17:31:52:277  INFO 23492 --- [com.alibaba.nacos.client.remote.worker] com.alibaba.nacos.common.remote.client   : [184aee80-e16e-4f39-99ad-56f82cacd522] Notify connected event to listeners.
17:31:52:277  INFO 23492 --- [main] com.alibaba.nacos.common.remote.client   : [184aee80-e16e-4f39-99ad-56f82cacd522] Register server push request handler:com.alibaba.nacos.common.remote.client.RpcClient$ConnectResetRequestHandler
17:31:52:278  INFO 23492 --- [main] com.alibaba.nacos.common.remote.client   : [184aee80-e16e-4f39-99ad-56f82cacd522] Register server push request handler:com.alibaba.nacos.common.remote.client.RpcClient$$Lambda$900/0x0000000800781840
17:31:52:329  INFO 23492 --- [main] o.s.b.w.embedded.tomcat.TomcatWebServer  : Tomcat started on port(s): 8081 (http) with context path ''
17:31:52:340  INFO 23492 --- [main] c.a.c.n.registry.NacosServiceRegistry    : nacos registry, DEFAULT_GROUP item-service 192.168.145.1:8081 register finished
17:31:52:885  INFO 23492 --- [nacos-grpc-client-executor-7] com.alibaba.nacos.common.remote.client   : [184aee80-e16e-4f39-99ad-56f82cacd522] Receive server push request, request = NotifySubscriberRequest, requestId = 3
17:31:52:892  INFO 23492 --- [nacos-grpc-client-executor-7] com.alibaba.nacos.common.remote.client   : [184aee80-e16e-4f39-99ad-56f82cacd522] Ack server push request, request = NotifySubscriberRequest, requestId = 3
17:31:53:743  INFO 23492 --- [main] o.s.cloud.commons.util.InetUtils         : Cannot determine local hostname
17:31:53:743  INFO 23492 --- [main] d.s.w.p.DocumentationPluginsBootstrapper : Documentation plugins bootstrapped
17:31:53:747  INFO 23492 --- [main] d.s.w.p.DocumentationPluginsBootstrapper : Found 1 custom documentation plugin(s)
17:31:53:764  INFO 23492 --- [main] s.d.s.w.s.ApiListingReferenceScanner     : Scanning for api listing references
17:31:53:855  INFO 23492 --- [main] com.hmall.item.ItemApplication           : Started ItemApplication in 9.824 seconds (JVM running for 10.641)
17:34:52:136  INFO 23492 --- [http-nio-8081-exec-1] o.a.c.c.C.[Tomcat].[localhost].[/]       : Initializing Spring DispatcherServlet 'dispatcherServlet'
17:34:52:136  INFO 23492 --- [http-nio-8081-exec-1] o.s.web.servlet.DispatcherServlet        : Initializing Servlet 'dispatcherServlet'
17:34:52:137  INFO 23492 --- [http-nio-8081-exec-1] o.s.web.servlet.DispatcherServlet        : Completed initialization in 1 ms
17:34:52:228  INFO 23492 --- [http-nio-8081-exec-1] com.zaxxer.hikari.HikariDataSource       : HikariPool-1 - Starting...
17:34:52:518  INFO 23492 --- [http-nio-8081-exec-1] com.zaxxer.hikari.HikariDataSource       : HikariPool-1 - Start completed.
17:34:52:524 DEBUG 23492 --- [http-nio-8081-exec-1] c.h.i.m.ItemMapper.selectPage_mpCount    : ==>  Preparing: SELECT COUNT(*) FROM item
17:34:52:536 DEBUG 23492 --- [http-nio-8081-exec-1] c.h.i.m.ItemMapper.selectPage_mpCount    : ==> Parameters: 
17:34:52:624 DEBUG 23492 --- [http-nio-8081-exec-1] c.h.i.m.ItemMapper.selectPage_mpCount    : <==      Total: 1
17:34:52:636 DEBUG 23492 --- [http-nio-8081-exec-1] c.h.item.mapper.ItemMapper.selectPage    : ==>  Preparing: SELECT id, name, price, stock, image, category, brand, spec, sold, comment_count, isAD, status, create_time, update_time, creater, updater FROM item ORDER BY update_time DESC LIMIT ?
17:34:52:636 DEBUG 23492 --- [http-nio-8081-exec-1] c.h.item.mapper.ItemMapper.selectPage    : ==> Parameters: 20(Long)
17:34:52:673 DEBUG 23492 --- [http-nio-8081-exec-1] c.h.item.mapper.ItemMapper.selectPage    : <==      Total: 20
17:36:04:277 DEBUG 23492 --- [http-nio-8081-exec-3] c.h.i.m.ItemMapper.selectPage_mpCount    : ==>  Preparing: SELECT COUNT(*) FROM item
17:36:04:277 DEBUG 23492 --- [http-nio-8081-exec-3] c.h.i.m.ItemMapper.selectPage_mpCount    : ==> Parameters: 
17:36:04:295 DEBUG 23492 --- [http-nio-8081-exec-3] c.h.i.m.ItemMapper.selectPage_mpCount    : <==      Total: 1
17:36:04:297 DEBUG 23492 --- [http-nio-8081-exec-3] c.h.item.mapper.ItemMapper.selectPage    : ==>  Preparing: SELECT id, name, price, stock, image, category, brand, spec, sold, comment_count, isAD, status, create_time, update_time, creater, updater FROM item ORDER BY update_time DESC LIMIT ?
17:36:04:297 DEBUG 23492 --- [http-nio-8081-exec-3] c.h.item.mapper.ItemMapper.selectPage    : ==> Parameters: 20(Long)
17:36:04:301 DEBUG 23492 --- [http-nio-8081-exec-3] c.h.item.mapper.ItemMapper.selectPage    : <==      Total: 20
17:56:05:091 DEBUG 23492 --- [http-nio-8081-exec-5] c.h.i.mapper.ItemMapper.selectBatchIds   : ==>  Preparing: SELECT id,name,price,stock,image,category,brand,spec,sold,comment_count,isAD,status,create_time,update_time,creater,updater FROM item WHERE id IN ( ? )
17:56:05:092 DEBUG 23492 --- [http-nio-8081-exec-5] c.h.i.mapper.ItemMapper.selectBatchIds   : ==> Parameters: 100000006163(Long)
17:56:05:103 DEBUG 23492 --- [http-nio-8081-exec-5] c.h.i.mapper.ItemMapper.selectBatchIds   : <==      Total: 1
17:56:07:191 DEBUG 23492 --- [http-nio-8081-exec-6] c.h.i.mapper.ItemMapper.selectBatchIds   : ==>  Preparing: SELECT id,name,price,stock,image,category,brand,spec,sold,comment_count,isAD,status,create_time,update_time,creater,updater FROM item WHERE id IN ( ? )
17:56:07:192 DEBUG 23492 --- [http-nio-8081-exec-6] c.h.i.mapper.ItemMapper.selectBatchIds   : ==> Parameters: 100000006163(Long)
17:56:07:194 DEBUG 23492 --- [http-nio-8081-exec-6] c.h.i.mapper.ItemMapper.selectBatchIds   : <==      Total: 1
17:57:23:292 DEBUG 23492 --- [http-nio-8081-exec-8] c.h.i.m.ItemMapper.selectPage_mpCount    : ==>  Preparing: SELECT COUNT(*) FROM item WHERE (status = ?)
17:57:23:294 DEBUG 23492 --- [http-nio-8081-exec-8] c.h.i.m.ItemMapper.selectPage_mpCount    : ==> Parameters: 1(Integer)
17:57:23:319 DEBUG 23492 --- [http-nio-8081-exec-8] c.h.i.m.ItemMapper.selectPage_mpCount    : <==      Total: 1
17:57:23:320 DEBUG 23492 --- [http-nio-8081-exec-8] c.h.item.mapper.ItemMapper.selectPage    : ==>  Preparing: SELECT id, name, price, stock, image, category, brand, spec, sold, comment_count, isAD, status, create_time, update_time, creater, updater FROM item WHERE (status = ?) ORDER BY update_time DESC LIMIT ?
17:57:23:321 DEBUG 23492 --- [http-nio-8081-exec-8] c.h.item.mapper.ItemMapper.selectPage    : ==> Parameters: 1(Integer), 20(Long)
17:57:23:333 DEBUG 23492 --- [http-nio-8081-exec-8] c.h.item.mapper.ItemMapper.selectPage    : <==      Total: 20
18:10:17:167 DEBUG 23492 --- [http-nio-8081-exec-10] c.h.i.m.ItemMapper.selectPage_mpCount    : ==>  Preparing: SELECT COUNT(*) FROM item WHERE (status = ?)
18:10:17:167 DEBUG 23492 --- [http-nio-8081-exec-10] c.h.i.m.ItemMapper.selectPage_mpCount    : ==> Parameters: 1(Integer)
18:10:17:183 DEBUG 23492 --- [http-nio-8081-exec-10] c.h.i.m.ItemMapper.selectPage_mpCount    : <==      Total: 1
18:10:17:186 DEBUG 23492 --- [http-nio-8081-exec-10] c.h.item.mapper.ItemMapper.selectPage    : ==>  Preparing: SELECT id, name, price, stock, image, category, brand, spec, sold, comment_count, isAD, status, create_time, update_time, creater, updater FROM item WHERE (status = ?) ORDER BY update_time DESC LIMIT ?
18:10:17:186 DEBUG 23492 --- [http-nio-8081-exec-10] c.h.item.mapper.ItemMapper.selectPage    : ==> Parameters: 1(Integer), 20(Long)
18:10:17:190 DEBUG 23492 --- [http-nio-8081-exec-10] c.h.item.mapper.ItemMapper.selectPage    : <==      Total: 20
18:10:18:960 DEBUG 23492 --- [http-nio-8081-exec-1] c.h.i.mapper.ItemMapper.selectBatchIds   : ==>  Preparing: SELECT id,name,price,stock,image,category,brand,spec,sold,comment_count,isAD,status,create_time,update_time,creater,updater FROM item WHERE id IN ( ? )
18:10:18:960 DEBUG 23492 --- [http-nio-8081-exec-1] c.h.i.mapper.ItemMapper.selectBatchIds   : ==> Parameters: 8533120(Long)
18:10:18:962 DEBUG 23492 --- [http-nio-8081-exec-1] c.h.i.mapper.ItemMapper.selectBatchIds   : <==      Total: 1
18:10:27:574 DEBUG 23492 --- [http-nio-8081-exec-2] c.h.i.mapper.ItemMapper.selectBatchIds   : ==>  Preparing: SELECT id,name,price,stock,image,category,brand,spec,sold,comment_count,isAD,status,create_time,update_time,creater,updater FROM item WHERE id IN ( ? )
18:10:27:574 DEBUG 23492 --- [http-nio-8081-exec-2] c.h.i.mapper.ItemMapper.selectBatchIds   : ==> Parameters: 8533120(Long)
18:10:27:576 DEBUG 23492 --- [http-nio-8081-exec-2] c.h.i.mapper.ItemMapper.selectBatchIds   : <==      Total: 1
18:10:27:775  WARN 23492 --- [http-nio-8081-exec-3] c.h.item.service.impl.ItemServiceImpl    : SqlSession [org.apache.ibatis.session.defaults.DefaultSqlSession@350cc0c] was not registered for synchronization because DataSource is not transactional
18:10:27:776 DEBUG 23492 --- [http-nio-8081-exec-3] c.h.item.mapper.ItemMapper.updateStock   : ==>  Preparing: UPDATE item SET stock = stock - ? WHERE id = ?
18:10:27:776 DEBUG 23492 --- [http-nio-8081-exec-3] c.h.item.mapper.ItemMapper.updateStock   : ==> Parameters: 1(Integer), 8533120(Long)
18:10:57:752 DEBUG 23492 --- [http-nio-8081-exec-4] c.h.i.m.ItemMapper.selectPage_mpCount    : ==>  Preparing: SELECT COUNT(*) FROM item WHERE (status = ?)
18:10:57:752 DEBUG 23492 --- [http-nio-8081-exec-4] c.h.i.m.ItemMapper.selectPage_mpCount    : ==> Parameters: 1(Integer)
18:10:57:773 DEBUG 23492 --- [http-nio-8081-exec-4] c.h.i.m.ItemMapper.selectPage_mpCount    : <==      Total: 1
18:10:57:775 DEBUG 23492 --- [http-nio-8081-exec-4] c.h.item.mapper.ItemMapper.selectPage    : ==>  Preparing: SELECT id, name, price, stock, image, category, brand, spec, sold, comment_count, isAD, status, create_time, update_time, creater, updater FROM item WHERE (status = ?) ORDER BY update_time DESC LIMIT ?
18:10:57:776 DEBUG 23492 --- [http-nio-8081-exec-4] c.h.item.mapper.ItemMapper.selectPage    : ==> Parameters: 1(Integer), 20(Long)
18:10:57:781 DEBUG 23492 --- [http-nio-8081-exec-4] c.h.item.mapper.ItemMapper.selectPage    : <==      Total: 20
18:13:09:884  WARN 23492 --- [Thread-4] c.a.nacos.common.notify.NotifyCenter     : [NotifyCenter] Start destroying Publisher
18:13:09:884  WARN 23492 --- [Thread-7] c.a.n.common.http.HttpClientBeanHolder   : [HttpClientBeanHolder] Start destroying common HttpClient
18:13:09:884  WARN 23492 --- [Thread-4] c.a.nacos.common.notify.NotifyCenter     : [NotifyCenter] Destruction of the end
18:13:09:886  WARN 23492 --- [Thread-7] c.a.n.common.http.HttpClientBeanHolder   : [HttpClientBeanHolder] Destruction of the end
18:13:10:352  INFO 23492 --- [SpringApplicationShutdownHook] c.a.c.n.registry.NacosServiceRegistry    : De-registering from Nacos Server now...
18:13:10:355  INFO 23492 --- [SpringApplicationShutdownHook] c.a.c.n.registry.NacosServiceRegistry    : De-registration finished.
18:13:10:685  INFO 23492 --- [SpringApplicationShutdownHook] com.alibaba.nacos.common.remote.client   : Shutdown rpc client, set status to shutdown
18:13:10:685  INFO 23492 --- [SpringApplicationShutdownHook] com.alibaba.nacos.common.remote.client   : Shutdown client event executor java.util.concurrent.ScheduledThreadPoolExecutor@3b310872[Running, pool size = 2, active threads = 2, queued tasks = 0, completed tasks = 0]
18:13:10:685  INFO 23492 --- [SpringApplicationShutdownHook] com.alibaba.nacos.common.remote.client   : Close current connection 1719181910982_192.168.146.1_58806
18:13:10:687  INFO 23492 --- [nacos-grpc-client-executor-511] c.a.n.c.remote.client.grpc.GrpcClient    : [1719181910982_192.168.146.1_58806]Ignore complete event,isRunning:false,isAbandon=false
18:13:10:690  INFO 23492 --- [SpringApplicationShutdownHook] c.a.n.c.remote.client.grpc.GrpcClient    : Shutdown grpc executor java.util.concurrent.ThreadPoolExecutor@58094a56[Running, pool size = 5, active threads = 0, queued tasks = 0, completed tasks = 512]
18:13:10:695  INFO 23492 --- [SpringApplicationShutdownHook] com.zaxxer.hikari.HikariDataSource       : HikariPool-1 - Shutdown initiated...
18:13:10:709  INFO 23492 --- [SpringApplicationShutdownHook] com.zaxxer.hikari.HikariDataSource       : HikariPool-1 - Shutdown completed.
21:05:59:355  INFO 21320 --- [main] com.hmall.item.ItemApplication           : Starting ItemApplication using Java 11.0.23 on YogaPro14s with PID 21320 (D:\IdeaProjects\hmall\item-service\target\classes started by lzh91 in D:\IdeaProjects\hmall)
21:05:59:358 DEBUG 21320 --- [main] com.hmall.item.ItemApplication           : Running with Spring Boot v2.7.12, Spring v5.3.27
21:05:59:358  INFO 21320 --- [main] com.hmall.item.ItemApplication           : The following 1 profile is active: "local"
21:06:00:146  INFO 21320 --- [main] o.s.cloud.context.scope.GenericScope     : BeanFactory id=139afd3b-c67d-306d-98bb-39c936d0f819
21:06:00:480  INFO 21320 --- [main] o.s.b.w.embedded.tomcat.TomcatWebServer  : Tomcat initialized with port(s): 8081 (http)
21:06:00:488  INFO 21320 --- [main] o.apache.catalina.core.StandardService   : Starting service [Tomcat]
21:06:00:489  INFO 21320 --- [main] org.apache.catalina.core.StandardEngine  : Starting Servlet engine: [Apache Tomcat/9.0.75]
21:06:00:594  INFO 21320 --- [main] o.a.c.c.C.[Tomcat].[localhost].[/]       : Initializing Spring embedded WebApplicationContext
21:06:00:594  INFO 21320 --- [main] w.s.c.ServletWebServerApplicationContext : Root WebApplicationContext: initialization completed in 1207 ms
21:06:03:566  INFO 21320 --- [main] o.s.cloud.commons.util.InetUtils         : Cannot determine local hostname
21:06:03:590  INFO 21320 --- [main] pertySourcedRequestMappingHandlerMapping : Mapped URL path [/v2/api-docs] onto method [springfox.documentation.swagger2.web.Swagger2ControllerWebMvc#getDocumentation(String, HttpServletRequest)]
21:06:05:023  INFO 21320 --- [main] o.s.cloud.commons.util.InetUtils         : Cannot determine local hostname
21:06:05:203  INFO 21320 --- [main] com.alibaba.nacos.common.remote.client   : [RpcClientFactory] create a new rpc client of 42f21744-44f6-4219-aedd-d637adf3f5f7
21:06:05:274  INFO 21320 --- [main] org.reflections.Reflections              : Reflections took 42 ms to scan 1 urls, producing 3 keys and 6 values 
21:06:05:312  INFO 21320 --- [main] org.reflections.Reflections              : Reflections took 20 ms to scan 1 urls, producing 4 keys and 9 values 
21:06:05:333  INFO 21320 --- [main] org.reflections.Reflections              : Reflections took 15 ms to scan 1 urls, producing 3 keys and 10 values 
21:06:05:336  WARN 21320 --- [main] org.reflections.Reflections              : given scan urls are empty. set urls in the configuration
21:06:05:353  INFO 21320 --- [main] org.reflections.Reflections              : Reflections took 16 ms to scan 1 urls, producing 1 keys and 5 values 
21:06:05:377  INFO 21320 --- [main] org.reflections.Reflections              : Reflections took 20 ms to scan 1 urls, producing 1 keys and 7 values 
21:06:05:396  INFO 21320 --- [main] org.reflections.Reflections              : Reflections took 15 ms to scan 1 urls, producing 2 keys and 8 values 
21:06:05:400  WARN 21320 --- [main] org.reflections.Reflections              : given scan urls are empty. set urls in the configuration
21:06:05:402  INFO 21320 --- [main] com.alibaba.nacos.common.remote.client   : [42f21744-44f6-4219-aedd-d637adf3f5f7] RpcClient init label, labels = {module=naming, source=sdk}
21:06:05:405  INFO 21320 --- [main] com.alibaba.nacos.common.remote.client   : [42f21744-44f6-4219-aedd-d637adf3f5f7] RpcClient init, ServerListFactory = com.alibaba.nacos.client.naming.core.ServerListManager
21:06:05:405  INFO 21320 --- [main] com.alibaba.nacos.common.remote.client   : [42f21744-44f6-4219-aedd-d637adf3f5f7] Registry connection listener to current client:com.alibaba.nacos.client.naming.remote.gprc.redo.NamingGrpcRedoService
21:06:05:406  INFO 21320 --- [main] com.alibaba.nacos.common.remote.client   : [42f21744-44f6-4219-aedd-d637adf3f5f7] Register server push request handler:com.alibaba.nacos.client.naming.remote.gprc.NamingPushRequestHandler
21:06:05:410  INFO 21320 --- [main] com.alibaba.nacos.common.remote.client   : [42f21744-44f6-4219-aedd-d637adf3f5f7] Try to connect to server on start up, server: {serverIp = '192.168.146.130', server main port = 8848}
21:06:07:872  INFO 21320 --- [main] com.alibaba.nacos.common.remote.client   : [42f21744-44f6-4219-aedd-d637adf3f5f7] Success to connect to server [192.168.146.130:8848] on start up, connectionId = 1719194766253_192.168.146.1_61253
21:06:07:873  INFO 21320 --- [com.alibaba.nacos.client.remote.worker] com.alibaba.nacos.common.remote.client   : [42f21744-44f6-4219-aedd-d637adf3f5f7] Notify connected event to listeners.
21:06:07:874  INFO 21320 --- [main] com.alibaba.nacos.common.remote.client   : [42f21744-44f6-4219-aedd-d637adf3f5f7] Register server push request handler:com.alibaba.nacos.common.remote.client.RpcClient$ConnectResetRequestHandler
21:06:07:875  INFO 21320 --- [main] com.alibaba.nacos.common.remote.client   : [42f21744-44f6-4219-aedd-d637adf3f5f7] Register server push request handler:com.alibaba.nacos.common.remote.client.RpcClient$$Lambda$900/0x00000008006af040
21:06:07:926  INFO 21320 --- [main] o.s.b.w.embedded.tomcat.TomcatWebServer  : Tomcat started on port(s): 8081 (http) with context path ''
21:06:07:938  INFO 21320 --- [main] c.a.c.n.registry.NacosServiceRegistry    : nacos registry, DEFAULT_GROUP item-service 192.168.145.1:8081 register finished
21:06:08:494  INFO 21320 --- [nacos-grpc-client-executor-9] com.alibaba.nacos.common.remote.client   : [42f21744-44f6-4219-aedd-d637adf3f5f7] Receive server push request, request = NotifySubscriberRequest, requestId = 5
21:06:08:498  INFO 21320 --- [nacos-grpc-client-executor-9] com.alibaba.nacos.common.remote.client   : [42f21744-44f6-4219-aedd-d637adf3f5f7] Ack server push request, request = NotifySubscriberRequest, requestId = 5
21:06:09:371  INFO 21320 --- [main] o.s.cloud.commons.util.InetUtils         : Cannot determine local hostname
21:06:09:371  INFO 21320 --- [main] d.s.w.p.DocumentationPluginsBootstrapper : Documentation plugins bootstrapped
21:06:09:374  INFO 21320 --- [main] d.s.w.p.DocumentationPluginsBootstrapper : Found 1 custom documentation plugin(s)
21:06:09:397  INFO 21320 --- [main] s.d.s.w.s.ApiListingReferenceScanner     : Scanning for api listing references
21:06:09:501  INFO 21320 --- [main] com.hmall.item.ItemApplication           : Started ItemApplication in 12.097 seconds (JVM running for 13.175)
21:06:25:329  INFO 21320 --- [http-nio-8081-exec-1] o.a.c.c.C.[Tomcat].[localhost].[/]       : Initializing Spring DispatcherServlet 'dispatcherServlet'
21:06:25:329  INFO 21320 --- [http-nio-8081-exec-1] o.s.web.servlet.DispatcherServlet        : Initializing Servlet 'dispatcherServlet'
21:06:25:330  INFO 21320 --- [http-nio-8081-exec-1] o.s.web.servlet.DispatcherServlet        : Completed initialization in 1 ms
21:06:25:388  INFO 21320 --- [http-nio-8081-exec-1] com.zaxxer.hikari.HikariDataSource       : HikariPool-1 - Starting...
21:06:25:611  INFO 21320 --- [http-nio-8081-exec-1] com.zaxxer.hikari.HikariDataSource       : HikariPool-1 - Start completed.
21:06:25:616 DEBUG 21320 --- [http-nio-8081-exec-1] c.h.i.mapper.ItemMapper.selectBatchIds   : ==>  Preparing: SELECT id,name,price,stock,image,category,brand,spec,sold,comment_count,isAD,status,create_time,update_time,creater,updater FROM item WHERE id IN ( ? )
21:06:25:627 DEBUG 21320 --- [http-nio-8081-exec-1] c.h.i.mapper.ItemMapper.selectBatchIds   : ==> Parameters: 100000006163(Long)
21:06:25:686 DEBUG 21320 --- [http-nio-8081-exec-1] c.h.i.mapper.ItemMapper.selectBatchIds   : <==      Total: 1
21:06:25:879 DEBUG 21320 --- [http-nio-8081-exec-2] c.h.i.mapper.ItemMapper.selectBatchIds   : ==>  Preparing: SELECT id,name,price,stock,image,category,brand,spec,sold,comment_count,isAD,status,create_time,update_time,creater,updater FROM item WHERE id IN ( ? )
21:06:25:879 DEBUG 21320 --- [http-nio-8081-exec-2] c.h.i.mapper.ItemMapper.selectBatchIds   : ==> Parameters: 100000006163(Long)
21:06:25:882 DEBUG 21320 --- [http-nio-8081-exec-2] c.h.i.mapper.ItemMapper.selectBatchIds   : <==      Total: 1
21:06:37:102 DEBUG 21320 --- [http-nio-8081-exec-4] c.h.i.mapper.ItemMapper.selectBatchIds   : ==>  Preparing: SELECT id,name,price,stock,image,category,brand,spec,sold,comment_count,isAD,status,create_time,update_time,creater,updater FROM item WHERE id IN ( ? )
21:06:37:103 DEBUG 21320 --- [http-nio-8081-exec-4] c.h.i.mapper.ItemMapper.selectBatchIds   : ==> Parameters: 100000006163(Long)
21:06:37:105 DEBUG 21320 --- [http-nio-8081-exec-4] c.h.i.mapper.ItemMapper.selectBatchIds   : <==      Total: 1
21:06:37:972 DEBUG 21320 --- [http-nio-8081-exec-3] c.h.i.mapper.ItemMapper.selectBatchIds   : ==>  Preparing: SELECT id,name,price,stock,image,category,brand,spec,sold,comment_count,isAD,status,create_time,update_time,creater,updater FROM item WHERE id IN ( ? )
21:06:37:972 DEBUG 21320 --- [http-nio-8081-exec-3] c.h.i.mapper.ItemMapper.selectBatchIds   : ==> Parameters: 100000006163(Long)
21:06:37:975 DEBUG 21320 --- [http-nio-8081-exec-3] c.h.i.mapper.ItemMapper.selectBatchIds   : <==      Total: 1
21:06:48:885 DEBUG 21320 --- [http-nio-8081-exec-6] c.h.i.mapper.ItemMapper.selectBatchIds   : ==>  Preparing: SELECT id,name,price,stock,image,category,brand,spec,sold,comment_count,isAD,status,create_time,update_time,creater,updater FROM item WHERE id IN ( ? )
21:06:48:886 DEBUG 21320 --- [http-nio-8081-exec-6] c.h.i.mapper.ItemMapper.selectBatchIds   : ==> Parameters: 100000006163(Long)
21:06:48:887 DEBUG 21320 --- [http-nio-8081-exec-6] c.h.i.mapper.ItemMapper.selectBatchIds   : <==      Total: 1
21:06:51:998 DEBUG 21320 --- [http-nio-8081-exec-5] c.h.i.mapper.ItemMapper.selectBatchIds   : ==>  Preparing: SELECT id,name,price,stock,image,category,brand,spec,sold,comment_count,isAD,status,create_time,update_time,creater,updater FROM item WHERE id IN ( ? )
21:06:51:998 DEBUG 21320 --- [http-nio-8081-exec-5] c.h.i.mapper.ItemMapper.selectBatchIds   : ==> Parameters: 100000006163(Long)
21:06:52:002 DEBUG 21320 --- [http-nio-8081-exec-5] c.h.i.mapper.ItemMapper.selectBatchIds   : <==      Total: 1
21:06:55:013 DEBUG 21320 --- [http-nio-8081-exec-7] c.h.i.m.ItemMapper.selectPage_mpCount    : ==>  Preparing: SELECT COUNT(*) FROM item WHERE (status = ?)
21:06:55:015 DEBUG 21320 --- [http-nio-8081-exec-7] c.h.i.m.ItemMapper.selectPage_mpCount    : ==> Parameters: 1(Integer)
21:06:55:092 DEBUG 21320 --- [http-nio-8081-exec-7] c.h.i.m.ItemMapper.selectPage_mpCount    : <==      Total: 1
21:06:55:099 DEBUG 21320 --- [http-nio-8081-exec-7] c.h.item.mapper.ItemMapper.selectPage    : ==>  Preparing: SELECT id, name, price, stock, image, category, brand, spec, sold, comment_count, isAD, status, create_time, update_time, creater, updater FROM item WHERE (status = ?) ORDER BY update_time DESC LIMIT ?
21:06:55:099 DEBUG 21320 --- [http-nio-8081-exec-7] c.h.item.mapper.ItemMapper.selectPage    : ==> Parameters: 1(Integer), 20(Long)
21:06:55:128 DEBUG 21320 --- [http-nio-8081-exec-7] c.h.item.mapper.ItemMapper.selectPage    : <==      Total: 20
21:06:56:781 DEBUG 21320 --- [http-nio-8081-exec-8] c.h.i.mapper.ItemMapper.selectBatchIds   : ==>  Preparing: SELECT id,name,price,stock,image,category,brand,spec,sold,comment_count,isAD,status,create_time,update_time,creater,updater FROM item WHERE id IN ( ? , ? )
21:06:56:782 DEBUG 21320 --- [http-nio-8081-exec-8] c.h.i.mapper.ItemMapper.selectBatchIds   : ==> Parameters: 40305713537(Long), 100000006163(Long)
21:06:56:785 DEBUG 21320 --- [http-nio-8081-exec-8] c.h.i.mapper.ItemMapper.selectBatchIds   : <==      Total: 2
21:06:58:628 DEBUG 21320 --- [http-nio-8081-exec-9] c.h.i.mapper.ItemMapper.selectBatchIds   : ==>  Preparing: SELECT id,name,price,stock,image,category,brand,spec,sold,comment_count,isAD,status,create_time,update_time,creater,updater FROM item WHERE id IN ( ? , ? )
21:06:58:628 DEBUG 21320 --- [http-nio-8081-exec-9] c.h.i.mapper.ItemMapper.selectBatchIds   : ==> Parameters: 40305713537(Long), 100000006163(Long)
21:06:58:629 DEBUG 21320 --- [http-nio-8081-exec-9] c.h.i.mapper.ItemMapper.selectBatchIds   : <==      Total: 2
21:07:00:101 DEBUG 21320 --- [http-nio-8081-exec-10] c.h.i.mapper.ItemMapper.selectBatchIds   : ==>  Preparing: SELECT id,name,price,stock,image,category,brand,spec,sold,comment_count,isAD,status,create_time,update_time,creater,updater FROM item WHERE id IN ( ? , ? )
21:07:00:101 DEBUG 21320 --- [http-nio-8081-exec-10] c.h.i.mapper.ItemMapper.selectBatchIds   : ==> Parameters: 40305713537(Long), 100000006163(Long)
21:07:00:102 DEBUG 21320 --- [http-nio-8081-exec-10] c.h.i.mapper.ItemMapper.selectBatchIds   : <==      Total: 2
21:14:20:547  WARN 21320 --- [Thread-4] c.a.nacos.common.notify.NotifyCenter     : [NotifyCenter] Start destroying Publisher
21:14:20:547  WARN 21320 --- [Thread-7] c.a.n.common.http.HttpClientBeanHolder   : [HttpClientBeanHolder] Start destroying common HttpClient
21:14:20:548  WARN 21320 --- [Thread-4] c.a.nacos.common.notify.NotifyCenter     : [NotifyCenter] Destruction of the end
21:14:20:548  WARN 21320 --- [Thread-7] c.a.n.common.http.HttpClientBeanHolder   : [HttpClientBeanHolder] Destruction of the end
21:14:20:994  INFO 21320 --- [SpringApplicationShutdownHook] c.a.c.n.registry.NacosServiceRegistry    : De-registering from Nacos Server now...
21:14:21:002  INFO 21320 --- [SpringApplicationShutdownHook] c.a.c.n.registry.NacosServiceRegistry    : De-registration finished.
21:14:21:328  INFO 21320 --- [SpringApplicationShutdownHook] com.alibaba.nacos.common.remote.client   : Shutdown rpc client, set status to shutdown
21:14:21:328  INFO 21320 --- [SpringApplicationShutdownHook] com.alibaba.nacos.common.remote.client   : Shutdown client event executor java.util.concurrent.ScheduledThreadPoolExecutor@4ebc405f[Running, pool size = 2, active threads = 2, queued tasks = 0, completed tasks = 0]
21:14:21:328  INFO 21320 --- [SpringApplicationShutdownHook] com.alibaba.nacos.common.remote.client   : Close current connection 1719194766253_192.168.146.1_61253
21:14:21:329  INFO 21320 --- [nacos-grpc-client-executor-113] c.a.n.c.remote.client.grpc.GrpcClient    : [1719194766253_192.168.146.1_61253]Ignore complete event,isRunning:false,isAbandon=false
21:14:21:332  INFO 21320 --- [SpringApplicationShutdownHook] c.a.n.c.remote.client.grpc.GrpcClient    : Shutdown grpc executor java.util.concurrent.ThreadPoolExecutor@5702fc60[Running, pool size = 4, active threads = 0, queued tasks = 0, completed tasks = 114]
21:14:21:336  INFO 21320 --- [SpringApplicationShutdownHook] com.zaxxer.hikari.HikariDataSource       : HikariPool-1 - Shutdown initiated...
21:14:21:363  INFO 21320 --- [SpringApplicationShutdownHook] com.zaxxer.hikari.HikariDataSource       : HikariPool-1 - Shutdown completed.
