13:20:07:899  INFO 24836 --- [main] com.hmall.user.UserApplication           : Starting UserApplication using Java 11.0.23 on YogaPro14s with PID 24836 (D:\IdeaProjects\hmall\user-service\target\classes started by lzh91 in D:\IdeaProjects\hmall)
13:20:07:904 DEBUG 24836 --- [main] com.hmall.user.UserApplication           : Running with Spring Boot v2.7.12, Spring v5.3.27
13:20:07:904  INFO 24836 --- [main] com.hmall.user.UserApplication           : The following 1 profile is active: "local"
13:20:08:665  INFO 24836 --- [main] o.s.cloud.context.scope.GenericScope     : BeanFactory id=a7a1de6f-2291-3240-b3d3-c7a565b04b23
13:20:08:927  INFO 24836 --- [main] o.s.b.w.embedded.tomcat.TomcatWebServer  : Tomcat initialized with port(s): 8084 (http)
13:20:08:934  INFO 24836 --- [main] o.apache.catalina.core.StandardService   : Starting service [Tomcat]
13:20:08:934  INFO 24836 --- [main] org.apache.catalina.core.StandardEngine  : Starting Servlet engine: [Apache Tomcat/9.0.75]
13:20:09:048  INFO 24836 --- [main] o.a.c.c.C.[Tomcat].[localhost].[/]       : Initializing Spring embedded WebApplicationContext
13:20:09:048  INFO 24836 --- [main] w.s.c.ServletWebServerApplicationContext : Root WebApplicationContext: initialization completed in 1114 ms
13:20:11:872  INFO 24836 --- [main] o.s.cloud.commons.util.InetUtils         : Cannot determine local hostname
13:20:11:900  INFO 24836 --- [main] pertySourcedRequestMappingHandlerMapping : Mapped URL path [/v2/api-docs] onto method [springfox.documentation.swagger2.web.Swagger2ControllerWebMvc#getDocumentation(String, HttpServletRequest)]
13:20:13:515  INFO 24836 --- [main] o.s.cloud.commons.util.InetUtils         : Cannot determine local hostname
13:20:13:638  INFO 24836 --- [main] com.alibaba.nacos.common.remote.client   : [RpcClientFactory] create a new rpc client of 43b5d76f-0b81-41f6-91ae-6ddc12906e6c
13:20:13:669  INFO 24836 --- [main] org.reflections.Reflections              : Reflections took 16 ms to scan 1 urls, producing 3 keys and 6 values 
13:20:13:687  INFO 24836 --- [main] org.reflections.Reflections              : Reflections took 8 ms to scan 1 urls, producing 4 keys and 9 values 
13:20:13:697  INFO 24836 --- [main] org.reflections.Reflections              : Reflections took 8 ms to scan 1 urls, producing 3 keys and 10 values 
13:20:13:700  WARN 24836 --- [main] org.reflections.Reflections              : given scan urls are empty. set urls in the configuration
13:20:13:706  INFO 24836 --- [main] org.reflections.Reflections              : Reflections took 5 ms to scan 1 urls, producing 1 keys and 5 values 
13:20:13:715  INFO 24836 --- [main] org.reflections.Reflections              : Reflections took 6 ms to scan 1 urls, producing 1 keys and 7 values 
13:20:13:733  INFO 24836 --- [main] org.reflections.Reflections              : Reflections took 16 ms to scan 1 urls, producing 2 keys and 8 values 
13:20:13:735  WARN 24836 --- [main] org.reflections.Reflections              : given scan urls are empty. set urls in the configuration
13:20:13:736  INFO 24836 --- [main] com.alibaba.nacos.common.remote.client   : [43b5d76f-0b81-41f6-91ae-6ddc12906e6c] RpcClient init label, labels = {module=naming, source=sdk}
13:20:13:737  INFO 24836 --- [main] com.alibaba.nacos.common.remote.client   : [43b5d76f-0b81-41f6-91ae-6ddc12906e6c] RpcClient init, ServerListFactory = com.alibaba.nacos.client.naming.core.ServerListManager
13:20:13:737  INFO 24836 --- [main] com.alibaba.nacos.common.remote.client   : [43b5d76f-0b81-41f6-91ae-6ddc12906e6c] Registry connection listener to current client:com.alibaba.nacos.client.naming.remote.gprc.redo.NamingGrpcRedoService
13:20:13:738  INFO 24836 --- [main] com.alibaba.nacos.common.remote.client   : [43b5d76f-0b81-41f6-91ae-6ddc12906e6c] Register server push request handler:com.alibaba.nacos.client.naming.remote.gprc.NamingPushRequestHandler
13:20:13:739  INFO 24836 --- [main] com.alibaba.nacos.common.remote.client   : [43b5d76f-0b81-41f6-91ae-6ddc12906e6c] Try to connect to server on start up, server: {serverIp = '192.168.146.130', server main port = 8848}
13:20:15:170  INFO 24836 --- [main] com.alibaba.nacos.common.remote.client   : [43b5d76f-0b81-41f6-91ae-6ddc12906e6c] Success to connect to server [192.168.146.130:8848] on start up, connectionId = 1719166814243_192.168.146.1_58774
13:20:15:170  INFO 24836 --- [com.alibaba.nacos.client.remote.worker] com.alibaba.nacos.common.remote.client   : [43b5d76f-0b81-41f6-91ae-6ddc12906e6c] Notify connected event to listeners.
13:20:15:171  INFO 24836 --- [main] com.alibaba.nacos.common.remote.client   : [43b5d76f-0b81-41f6-91ae-6ddc12906e6c] Register server push request handler:com.alibaba.nacos.common.remote.client.RpcClient$ConnectResetRequestHandler
13:20:15:171  INFO 24836 --- [main] com.alibaba.nacos.common.remote.client   : [43b5d76f-0b81-41f6-91ae-6ddc12906e6c] Register server push request handler:com.alibaba.nacos.common.remote.client.RpcClient$$Lambda$954/0x0000000800745c40
13:20:15:210  INFO 24836 --- [main] o.s.b.w.embedded.tomcat.TomcatWebServer  : Tomcat started on port(s): 8084 (http) with context path ''
13:20:15:221  INFO 24836 --- [main] c.a.c.n.registry.NacosServiceRegistry    : nacos registry, DEFAULT_GROUP user-service 192.168.145.1:8084 register finished
13:20:15:700  INFO 24836 --- [nacos-grpc-client-executor-9] com.alibaba.nacos.common.remote.client   : [43b5d76f-0b81-41f6-91ae-6ddc12906e6c] Receive server push request, request = NotifySubscriberRequest, requestId = 6
13:20:15:703  INFO 24836 --- [nacos-grpc-client-executor-9] com.alibaba.nacos.common.remote.client   : [43b5d76f-0b81-41f6-91ae-6ddc12906e6c] Ack server push request, request = NotifySubscriberRequest, requestId = 6
13:20:16:629  INFO 24836 --- [main] o.s.cloud.commons.util.InetUtils         : Cannot determine local hostname
13:20:16:629  INFO 24836 --- [main] d.s.w.p.DocumentationPluginsBootstrapper : Documentation plugins bootstrapped
13:20:16:632  INFO 24836 --- [main] d.s.w.p.DocumentationPluginsBootstrapper : Found 1 custom documentation plugin(s)
13:20:16:646  INFO 24836 --- [main] s.d.s.w.s.ApiListingReferenceScanner     : Scanning for api listing references
13:20:16:725  INFO 24836 --- [main] com.hmall.user.UserApplication           : Started UserApplication in 10.583 seconds (JVM running for 11.386)
13:20:33:347  INFO 24836 --- [http-nio-8084-exec-1] o.a.c.c.C.[Tomcat].[localhost].[/]       : Initializing Spring DispatcherServlet 'dispatcherServlet'
13:20:33:347  INFO 24836 --- [http-nio-8084-exec-1] o.s.web.servlet.DispatcherServlet        : Initializing Servlet 'dispatcherServlet'
13:20:33:348  INFO 24836 --- [http-nio-8084-exec-1] o.s.web.servlet.DispatcherServlet        : Completed initialization in 0 ms
13:20:33:464  INFO 24836 --- [http-nio-8084-exec-1] com.zaxxer.hikari.HikariDataSource       : HikariPool-1 - Starting...
13:20:33:660  INFO 24836 --- [http-nio-8084-exec-1] com.zaxxer.hikari.HikariDataSource       : HikariPool-1 - Start completed.
13:20:33:665 DEBUG 24836 --- [http-nio-8084-exec-1] c.h.user.mapper.UserMapper.selectOne     : ==>  Preparing: SELECT id,username,password,phone,create_time,update_time,status,balance FROM user WHERE (username = ?)
13:20:33:678 DEBUG 24836 --- [http-nio-8084-exec-1] c.h.user.mapper.UserMapper.selectOne     : ==> Parameters: jack(String)
13:20:33:707 DEBUG 24836 --- [http-nio-8084-exec-1] c.h.user.mapper.UserMapper.selectOne     : <==      Total: 1
13:20:33:788 ERROR 24836 --- [http-nio-8084-exec-1] o.a.c.c.C.[.[.[/].[dispatcherServlet]    : Servlet.service() for servlet [dispatcherServlet] in context with path [] threw exception [Request processing failed; nested exception is com.hmall.common.exception.BadRequestException: 用户名或密码错误] with root cause

com.hmall.common.exception.BadRequestException: 用户名或密码错误
	at com.hmall.user.service.impl.UserServiceImpl.login(UserServiceImpl.java:54) ~[classes/:na]
	at com.hmall.user.service.impl.UserServiceImpl$$FastClassBySpringCGLIB$$da72bc39.invoke(<generated>) ~[classes/:na]
	at org.springframework.cglib.proxy.MethodProxy.invoke(MethodProxy.java:218) ~[spring-core-5.3.27.jar:5.3.27]
	at org.springframework.aop.framework.CglibAopProxy.invokeMethod(CglibAopProxy.java:386) ~[spring-aop-5.3.27.jar:5.3.27]
	at org.springframework.aop.framework.CglibAopProxy.access$000(CglibAopProxy.java:85) ~[spring-aop-5.3.27.jar:5.3.27]
	at org.springframework.aop.framework.CglibAopProxy$DynamicAdvisedInterceptor.intercept(CglibAopProxy.java:704) ~[spring-aop-5.3.27.jar:5.3.27]
	at com.hmall.user.service.impl.UserServiceImpl$$EnhancerBySpringCGLIB$$49179632.login(<generated>) ~[classes/:na]
	at com.hmall.user.controller.UserController.login(UserController.java:25) ~[classes/:na]
	at java.base/jdk.internal.reflect.NativeMethodAccessorImpl.invoke0(Native Method) ~[na:na]
	at java.base/jdk.internal.reflect.NativeMethodAccessorImpl.invoke(NativeMethodAccessorImpl.java:62) ~[na:na]
	at java.base/jdk.internal.reflect.DelegatingMethodAccessorImpl.invoke(DelegatingMethodAccessorImpl.java:43) ~[na:na]
	at java.base/java.lang.reflect.Method.invoke(Method.java:566) ~[na:na]
	at org.springframework.web.method.support.InvocableHandlerMethod.doInvoke(InvocableHandlerMethod.java:205) ~[spring-web-5.3.27.jar:5.3.27]
	at org.springframework.web.method.support.InvocableHandlerMethod.invokeForRequest(InvocableHandlerMethod.java:150) ~[spring-web-5.3.27.jar:5.3.27]
	at org.springframework.web.servlet.mvc.method.annotation.ServletInvocableHandlerMethod.invokeAndHandle(ServletInvocableHandlerMethod.java:117) ~[spring-webmvc-5.3.27.jar:5.3.27]
	at org.springframework.web.servlet.mvc.method.annotation.RequestMappingHandlerAdapter.invokeHandlerMethod(RequestMappingHandlerAdapter.java:895) ~[spring-webmvc-5.3.27.jar:5.3.27]
	at org.springframework.web.servlet.mvc.method.annotation.RequestMappingHandlerAdapter.handleInternal(RequestMappingHandlerAdapter.java:808) ~[spring-webmvc-5.3.27.jar:5.3.27]
	at org.springframework.web.servlet.mvc.method.AbstractHandlerMethodAdapter.handle(AbstractHandlerMethodAdapter.java:87) ~[spring-webmvc-5.3.27.jar:5.3.27]
	at org.springframework.web.servlet.DispatcherServlet.doDispatch(DispatcherServlet.java:1072) ~[spring-webmvc-5.3.27.jar:5.3.27]
	at org.springframework.web.servlet.DispatcherServlet.doService(DispatcherServlet.java:965) ~[spring-webmvc-5.3.27.jar:5.3.27]
	at org.springframework.web.servlet.FrameworkServlet.processRequest(FrameworkServlet.java:1006) ~[spring-webmvc-5.3.27.jar:5.3.27]
	at org.springframework.web.servlet.FrameworkServlet.doPost(FrameworkServlet.java:909) ~[spring-webmvc-5.3.27.jar:5.3.27]
	at javax.servlet.http.HttpServlet.service(HttpServlet.java:555) ~[tomcat-embed-core-9.0.75.jar:4.0.FR]
	at org.springframework.web.servlet.FrameworkServlet.service(FrameworkServlet.java:883) ~[spring-webmvc-5.3.27.jar:5.3.27]
	at javax.servlet.http.HttpServlet.service(HttpServlet.java:623) ~[tomcat-embed-core-9.0.75.jar:4.0.FR]
	at org.apache.catalina.core.ApplicationFilterChain.internalDoFilter(ApplicationFilterChain.java:209) ~[tomcat-embed-core-9.0.75.jar:9.0.75]
	at org.apache.catalina.core.ApplicationFilterChain.doFilter(ApplicationFilterChain.java:153) ~[tomcat-embed-core-9.0.75.jar:9.0.75]
	at org.apache.tomcat.websocket.server.WsFilter.doFilter(WsFilter.java:51) ~[tomcat-embed-websocket-9.0.75.jar:9.0.75]
	at org.apache.catalina.core.ApplicationFilterChain.internalDoFilter(ApplicationFilterChain.java:178) ~[tomcat-embed-core-9.0.75.jar:9.0.75]
	at org.apache.catalina.core.ApplicationFilterChain.doFilter(ApplicationFilterChain.java:153) ~[tomcat-embed-core-9.0.75.jar:9.0.75]
	at org.springframework.web.filter.RequestContextFilter.doFilterInternal(RequestContextFilter.java:100) ~[spring-web-5.3.27.jar:5.3.27]
	at org.springframework.web.filter.OncePerRequestFilter.doFilter(OncePerRequestFilter.java:117) ~[spring-web-5.3.27.jar:5.3.27]
	at org.apache.catalina.core.ApplicationFilterChain.internalDoFilter(ApplicationFilterChain.java:178) ~[tomcat-embed-core-9.0.75.jar:9.0.75]
	at org.apache.catalina.core.ApplicationFilterChain.doFilter(ApplicationFilterChain.java:153) ~[tomcat-embed-core-9.0.75.jar:9.0.75]
	at org.springframework.web.filter.FormContentFilter.doFilterInternal(FormContentFilter.java:93) ~[spring-web-5.3.27.jar:5.3.27]
	at org.springframework.web.filter.OncePerRequestFilter.doFilter(OncePerRequestFilter.java:117) ~[spring-web-5.3.27.jar:5.3.27]
	at org.apache.catalina.core.ApplicationFilterChain.internalDoFilter(ApplicationFilterChain.java:178) ~[tomcat-embed-core-9.0.75.jar:9.0.75]
	at org.apache.catalina.core.ApplicationFilterChain.doFilter(ApplicationFilterChain.java:153) ~[tomcat-embed-core-9.0.75.jar:9.0.75]
	at org.springframework.web.filter.CharacterEncodingFilter.doFilterInternal(CharacterEncodingFilter.java:201) ~[spring-web-5.3.27.jar:5.3.27]
	at org.springframework.web.filter.OncePerRequestFilter.doFilter(OncePerRequestFilter.java:117) ~[spring-web-5.3.27.jar:5.3.27]
	at org.apache.catalina.core.ApplicationFilterChain.internalDoFilter(ApplicationFilterChain.java:178) ~[tomcat-embed-core-9.0.75.jar:9.0.75]
	at org.apache.catalina.core.ApplicationFilterChain.doFilter(ApplicationFilterChain.java:153) ~[tomcat-embed-core-9.0.75.jar:9.0.75]
	at org.apache.catalina.core.StandardWrapperValve.invoke(StandardWrapperValve.java:167) ~[tomcat-embed-core-9.0.75.jar:9.0.75]
	at org.apache.catalina.core.StandardContextValve.invoke(StandardContextValve.java:90) ~[tomcat-embed-core-9.0.75.jar:9.0.75]
	at org.apache.catalina.authenticator.AuthenticatorBase.invoke(AuthenticatorBase.java:481) ~[tomcat-embed-core-9.0.75.jar:9.0.75]
	at org.apache.catalina.core.StandardHostValve.invoke(StandardHostValve.java:130) ~[tomcat-embed-core-9.0.75.jar:9.0.75]
	at org.apache.catalina.valves.ErrorReportValve.invoke(ErrorReportValve.java:93) ~[tomcat-embed-core-9.0.75.jar:9.0.75]
	at org.apache.catalina.core.StandardEngineValve.invoke(StandardEngineValve.java:74) ~[tomcat-embed-core-9.0.75.jar:9.0.75]
	at org.apache.catalina.connector.CoyoteAdapter.service(CoyoteAdapter.java:343) ~[tomcat-embed-core-9.0.75.jar:9.0.75]
	at org.apache.coyote.http11.Http11Processor.service(Http11Processor.java:390) ~[tomcat-embed-core-9.0.75.jar:9.0.75]
	at org.apache.coyote.AbstractProcessorLight.process(AbstractProcessorLight.java:63) ~[tomcat-embed-core-9.0.75.jar:9.0.75]
	at org.apache.coyote.AbstractProtocol$ConnectionHandler.process(AbstractProtocol.java:926) ~[tomcat-embed-core-9.0.75.jar:9.0.75]
	at org.apache.tomcat.util.net.NioEndpoint$SocketProcessor.doRun(NioEndpoint.java:1791) ~[tomcat-embed-core-9.0.75.jar:9.0.75]
	at org.apache.tomcat.util.net.SocketProcessorBase.run(SocketProcessorBase.java:52) ~[tomcat-embed-core-9.0.75.jar:9.0.75]
	at org.apache.tomcat.util.threads.ThreadPoolExecutor.runWorker(ThreadPoolExecutor.java:1191) ~[tomcat-embed-core-9.0.75.jar:9.0.75]
	at org.apache.tomcat.util.threads.ThreadPoolExecutor$Worker.run(ThreadPoolExecutor.java:659) ~[tomcat-embed-core-9.0.75.jar:9.0.75]
	at org.apache.tomcat.util.threads.TaskThread$WrappingRunnable.run(TaskThread.java:61) ~[tomcat-embed-core-9.0.75.jar:9.0.75]
	at java.base/java.lang.Thread.run(Thread.java:834) ~[na:na]

13:20:40:460 DEBUG 24836 --- [http-nio-8084-exec-2] c.h.user.mapper.UserMapper.selectOne     : ==>  Preparing: SELECT id,username,password,phone,create_time,update_time,status,balance FROM user WHERE (username = ?)
13:20:40:460 DEBUG 24836 --- [http-nio-8084-exec-2] c.h.user.mapper.UserMapper.selectOne     : ==> Parameters: jack(String)
13:20:40:462 DEBUG 24836 --- [http-nio-8084-exec-2] c.h.user.mapper.UserMapper.selectOne     : <==      Total: 1
15:45:25:477  WARN 24836 --- [Thread-7] c.a.n.common.http.HttpClientBeanHolder   : [HttpClientBeanHolder] Start destroying common HttpClient
15:45:25:477  WARN 24836 --- [Thread-4] c.a.nacos.common.notify.NotifyCenter     : [NotifyCenter] Start destroying Publisher
15:45:25:479  WARN 24836 --- [Thread-4] c.a.nacos.common.notify.NotifyCenter     : [NotifyCenter] Destruction of the end
15:45:25:479  WARN 24836 --- [Thread-7] c.a.n.common.http.HttpClientBeanHolder   : [HttpClientBeanHolder] Destruction of the end
15:45:25:817  INFO 24836 --- [SpringApplicationShutdownHook] c.a.c.n.registry.NacosServiceRegistry    : De-registering from Nacos Server now...
15:45:25:822  INFO 24836 --- [SpringApplicationShutdownHook] c.a.c.n.registry.NacosServiceRegistry    : De-registration finished.
15:45:26:139  INFO 24836 --- [SpringApplicationShutdownHook] com.alibaba.nacos.common.remote.client   : Shutdown rpc client, set status to shutdown
15:45:26:140  INFO 24836 --- [SpringApplicationShutdownHook] com.alibaba.nacos.common.remote.client   : Shutdown client event executor java.util.concurrent.ScheduledThreadPoolExecutor@42933e7b[Running, pool size = 2, active threads = 2, queued tasks = 0, completed tasks = 0]
15:45:26:140  INFO 24836 --- [SpringApplicationShutdownHook] com.alibaba.nacos.common.remote.client   : Close current connection 1719166814243_192.168.146.1_58774
15:45:26:142  INFO 24836 --- [nacos-grpc-client-executor-1760] c.a.n.c.remote.client.grpc.GrpcClient    : [1719166814243_192.168.146.1_58774]Ignore complete event,isRunning:false,isAbandon=false
15:45:26:143  INFO 24836 --- [SpringApplicationShutdownHook] c.a.n.c.remote.client.grpc.GrpcClient    : Shutdown grpc executor java.util.concurrent.ThreadPoolExecutor@37e6fb37[Running, pool size = 5, active threads = 0, queued tasks = 0, completed tasks = 1761]
15:45:26:147  INFO 24836 --- [SpringApplicationShutdownHook] com.zaxxer.hikari.HikariDataSource       : HikariPool-1 - Shutdown initiated...
15:45:26:160  INFO 24836 --- [SpringApplicationShutdownHook] com.zaxxer.hikari.HikariDataSource       : HikariPool-1 - Shutdown completed.
17:55:50:525  INFO 14164 --- [main] com.hmall.user.UserApplication           : Starting UserApplication using Java 11.0.23 on YogaPro14s with PID 14164 (D:\IdeaProjects\hmall\user-service\target\classes started by lzh91 in D:\IdeaProjects\hmall)
17:55:50:531 DEBUG 14164 --- [main] com.hmall.user.UserApplication           : Running with Spring Boot v2.7.12, Spring v5.3.27
17:55:50:531  INFO 14164 --- [main] com.hmall.user.UserApplication           : The following 1 profile is active: "local"
17:55:51:325  INFO 14164 --- [main] o.s.cloud.context.scope.GenericScope     : BeanFactory id=5f6aa3e1-144a-3ac6-b5e2-cb2c437e03ce
17:55:51:563  INFO 14164 --- [main] o.s.b.w.embedded.tomcat.TomcatWebServer  : Tomcat initialized with port(s): 8084 (http)
17:55:51:569  INFO 14164 --- [main] o.apache.catalina.core.StandardService   : Starting service [Tomcat]
17:55:51:569  INFO 14164 --- [main] org.apache.catalina.core.StandardEngine  : Starting Servlet engine: [Apache Tomcat/9.0.75]
17:55:51:680  INFO 14164 --- [main] o.a.c.c.C.[Tomcat].[localhost].[/]       : Initializing Spring embedded WebApplicationContext
17:55:51:680  INFO 14164 --- [main] w.s.c.ServletWebServerApplicationContext : Root WebApplicationContext: initialization completed in 1118 ms
17:55:54:396  INFO 14164 --- [main] o.s.cloud.commons.util.InetUtils         : Cannot determine local hostname
17:55:54:417  INFO 14164 --- [main] pertySourcedRequestMappingHandlerMapping : Mapped URL path [/v2/api-docs] onto method [springfox.documentation.swagger2.web.Swagger2ControllerWebMvc#getDocumentation(String, HttpServletRequest)]
17:55:55:840  INFO 14164 --- [main] o.s.cloud.commons.util.InetUtils         : Cannot determine local hostname
17:55:55:968  INFO 14164 --- [main] com.alibaba.nacos.common.remote.client   : [RpcClientFactory] create a new rpc client of a443ca4f-69d9-433c-afeb-0d33ea31bb93
17:55:55:997  INFO 14164 --- [main] org.reflections.Reflections              : Reflections took 15 ms to scan 1 urls, producing 3 keys and 6 values 
17:55:56:015  INFO 14164 --- [main] org.reflections.Reflections              : Reflections took 4 ms to scan 1 urls, producing 4 keys and 9 values 
17:55:56:021  INFO 14164 --- [main] org.reflections.Reflections              : Reflections took 5 ms to scan 1 urls, producing 3 keys and 10 values 
17:55:56:023  WARN 14164 --- [main] org.reflections.Reflections              : given scan urls are empty. set urls in the configuration
17:55:56:028  INFO 14164 --- [main] org.reflections.Reflections              : Reflections took 4 ms to scan 1 urls, producing 1 keys and 5 values 
17:55:56:034  INFO 14164 --- [main] org.reflections.Reflections              : Reflections took 4 ms to scan 1 urls, producing 1 keys and 7 values 
17:55:56:042  INFO 14164 --- [main] org.reflections.Reflections              : Reflections took 5 ms to scan 1 urls, producing 2 keys and 8 values 
17:55:56:045  WARN 14164 --- [main] org.reflections.Reflections              : given scan urls are empty. set urls in the configuration
17:55:56:046  INFO 14164 --- [main] com.alibaba.nacos.common.remote.client   : [a443ca4f-69d9-433c-afeb-0d33ea31bb93] RpcClient init label, labels = {module=naming, source=sdk}
17:55:56:048  INFO 14164 --- [main] com.alibaba.nacos.common.remote.client   : [a443ca4f-69d9-433c-afeb-0d33ea31bb93] RpcClient init, ServerListFactory = com.alibaba.nacos.client.naming.core.ServerListManager
17:55:56:048  INFO 14164 --- [main] com.alibaba.nacos.common.remote.client   : [a443ca4f-69d9-433c-afeb-0d33ea31bb93] Registry connection listener to current client:com.alibaba.nacos.client.naming.remote.gprc.redo.NamingGrpcRedoService
17:55:56:048  INFO 14164 --- [main] com.alibaba.nacos.common.remote.client   : [a443ca4f-69d9-433c-afeb-0d33ea31bb93] Register server push request handler:com.alibaba.nacos.client.naming.remote.gprc.NamingPushRequestHandler
17:55:56:049  INFO 14164 --- [main] com.alibaba.nacos.common.remote.client   : [a443ca4f-69d9-433c-afeb-0d33ea31bb93] Try to connect to server on start up, server: {serverIp = '192.168.146.130', server main port = 8848}
17:55:57:469  INFO 14164 --- [main] com.alibaba.nacos.common.remote.client   : [a443ca4f-69d9-433c-afeb-0d33ea31bb93] Success to connect to server [192.168.146.130:8848] on start up, connectionId = 1719183355979_192.168.146.1_59562
17:55:57:471  INFO 14164 --- [com.alibaba.nacos.client.remote.worker] com.alibaba.nacos.common.remote.client   : [a443ca4f-69d9-433c-afeb-0d33ea31bb93] Notify connected event to listeners.
17:55:57:471  INFO 14164 --- [main] com.alibaba.nacos.common.remote.client   : [a443ca4f-69d9-433c-afeb-0d33ea31bb93] Register server push request handler:com.alibaba.nacos.common.remote.client.RpcClient$ConnectResetRequestHandler
17:55:57:472  INFO 14164 --- [main] com.alibaba.nacos.common.remote.client   : [a443ca4f-69d9-433c-afeb-0d33ea31bb93] Register server push request handler:com.alibaba.nacos.common.remote.client.RpcClient$$Lambda$954/0x0000000800745c40
17:55:57:526  INFO 14164 --- [main] o.s.b.w.embedded.tomcat.TomcatWebServer  : Tomcat started on port(s): 8084 (http) with context path ''
17:55:57:535  INFO 14164 --- [main] c.a.c.n.registry.NacosServiceRegistry    : nacos registry, DEFAULT_GROUP user-service 192.168.145.1:8084 register finished
17:55:58:025  INFO 14164 --- [nacos-grpc-client-executor-9] com.alibaba.nacos.common.remote.client   : [a443ca4f-69d9-433c-afeb-0d33ea31bb93] Receive server push request, request = NotifySubscriberRequest, requestId = 13
17:55:58:028  INFO 14164 --- [nacos-grpc-client-executor-9] com.alibaba.nacos.common.remote.client   : [a443ca4f-69d9-433c-afeb-0d33ea31bb93] Ack server push request, request = NotifySubscriberRequest, requestId = 13
17:55:58:927  INFO 14164 --- [main] o.s.cloud.commons.util.InetUtils         : Cannot determine local hostname
17:55:58:928  INFO 14164 --- [main] d.s.w.p.DocumentationPluginsBootstrapper : Documentation plugins bootstrapped
17:55:58:931  INFO 14164 --- [main] d.s.w.p.DocumentationPluginsBootstrapper : Found 1 custom documentation plugin(s)
17:55:58:945  INFO 14164 --- [main] s.d.s.w.s.ApiListingReferenceScanner     : Scanning for api listing references
17:55:59:018  INFO 14164 --- [main] com.hmall.user.UserApplication           : Started UserApplication in 10.329 seconds (JVM running for 11.171)
17:56:03:762  INFO 14164 --- [http-nio-8084-exec-1] o.a.c.c.C.[Tomcat].[localhost].[/]       : Initializing Spring DispatcherServlet 'dispatcherServlet'
17:56:03:762  INFO 14164 --- [http-nio-8084-exec-1] o.s.web.servlet.DispatcherServlet        : Initializing Servlet 'dispatcherServlet'
17:56:03:763  INFO 14164 --- [http-nio-8084-exec-1] o.s.web.servlet.DispatcherServlet        : Completed initialization in 1 ms
17:56:03:866  INFO 14164 --- [http-nio-8084-exec-1] com.zaxxer.hikari.HikariDataSource       : HikariPool-1 - Starting...
17:56:04:021  INFO 14164 --- [http-nio-8084-exec-1] com.zaxxer.hikari.HikariDataSource       : HikariPool-1 - Start completed.
17:56:04:025 DEBUG 14164 --- [http-nio-8084-exec-1] c.h.user.mapper.UserMapper.selectOne     : ==>  Preparing: SELECT id,username,password,phone,create_time,update_time,status,balance FROM user WHERE (username = ?)
17:56:04:044 DEBUG 14164 --- [http-nio-8084-exec-1] c.h.user.mapper.UserMapper.selectOne     : ==> Parameters: jack(String)
17:56:04:064 DEBUG 14164 --- [http-nio-8084-exec-1] c.h.user.mapper.UserMapper.selectOne     : <==      Total: 1
17:57:21:117 DEBUG 14164 --- [http-nio-8084-exec-3] c.h.user.mapper.UserMapper.selectOne     : ==>  Preparing: SELECT id,username,password,phone,create_time,update_time,status,balance FROM user WHERE (username = ?)
17:57:21:117 DEBUG 14164 --- [http-nio-8084-exec-3] c.h.user.mapper.UserMapper.selectOne     : ==> Parameters: rose(String)
17:57:21:119 DEBUG 14164 --- [http-nio-8084-exec-3] c.h.user.mapper.UserMapper.selectOne     : <==      Total: 1
18:10:22:432 DEBUG 14164 --- [http-nio-8084-exec-5] c.h.u.mapper.AddressMapper.selectList    : ==>  Preparing: SELECT id,user_id,province,city,town,mobile,street,contact,is_default,notes FROM address WHERE (user_id = ?)
18:10:22:434 DEBUG 14164 --- [http-nio-8084-exec-5] c.h.u.mapper.AddressMapper.selectList    : ==> Parameters: 2(Long)
18:10:22:438 DEBUG 14164 --- [http-nio-8084-exec-5] c.h.u.mapper.AddressMapper.selectList    : <==      Total: 0
18:13:09:833  WARN 14164 --- [Thread-4] c.a.nacos.common.notify.NotifyCenter     : [NotifyCenter] Start destroying Publisher
18:13:09:833  WARN 14164 --- [Thread-7] c.a.n.common.http.HttpClientBeanHolder   : [HttpClientBeanHolder] Start destroying common HttpClient
18:13:09:833  WARN 14164 --- [Thread-4] c.a.nacos.common.notify.NotifyCenter     : [NotifyCenter] Destruction of the end
18:13:09:834  WARN 14164 --- [Thread-7] c.a.n.common.http.HttpClientBeanHolder   : [HttpClientBeanHolder] Destruction of the end
18:13:10:317  INFO 14164 --- [SpringApplicationShutdownHook] c.a.c.n.registry.NacosServiceRegistry    : De-registering from Nacos Server now...
18:13:10:323  INFO 14164 --- [SpringApplicationShutdownHook] c.a.c.n.registry.NacosServiceRegistry    : De-registration finished.
18:13:10:653  INFO 14164 --- [SpringApplicationShutdownHook] com.alibaba.nacos.common.remote.client   : Shutdown rpc client, set status to shutdown
18:13:10:653  INFO 14164 --- [SpringApplicationShutdownHook] com.alibaba.nacos.common.remote.client   : Shutdown client event executor java.util.concurrent.ScheduledThreadPoolExecutor@10cceacc[Running, pool size = 2, active threads = 2, queued tasks = 0, completed tasks = 0]
18:13:10:654  INFO 14164 --- [SpringApplicationShutdownHook] com.alibaba.nacos.common.remote.client   : Close current connection 1719183355979_192.168.146.1_59562
18:13:10:656  INFO 14164 --- [nacos-grpc-client-executor-219] c.a.n.c.remote.client.grpc.GrpcClient    : [1719183355979_192.168.146.1_59562]Ignore complete event,isRunning:false,isAbandon=false
18:13:10:658  INFO 14164 --- [SpringApplicationShutdownHook] c.a.n.c.remote.client.grpc.GrpcClient    : Shutdown grpc executor java.util.concurrent.ThreadPoolExecutor@c02ed42[Running, pool size = 4, active threads = 0, queued tasks = 0, completed tasks = 220]
18:13:10:662  INFO 14164 --- [SpringApplicationShutdownHook] com.zaxxer.hikari.HikariDataSource       : HikariPool-1 - Shutdown initiated...
18:13:10:680  INFO 14164 --- [SpringApplicationShutdownHook] com.zaxxer.hikari.HikariDataSource       : HikariPool-1 - Shutdown completed.
21:05:44:929  INFO 16300 --- [main] com.hmall.user.UserApplication           : Starting UserApplication using Java 11.0.23 on YogaPro14s with PID 16300 (D:\IdeaProjects\hmall\user-service\target\classes started by lzh91 in D:\IdeaProjects\hmall)
21:05:44:933 DEBUG 16300 --- [main] com.hmall.user.UserApplication           : Running with Spring Boot v2.7.12, Spring v5.3.27
21:05:44:933  INFO 16300 --- [main] com.hmall.user.UserApplication           : The following 1 profile is active: "local"
21:05:46:151  INFO 16300 --- [main] o.s.cloud.context.scope.GenericScope     : BeanFactory id=5f6aa3e1-144a-3ac6-b5e2-cb2c437e03ce
21:05:46:648  INFO 16300 --- [main] o.s.b.w.embedded.tomcat.TomcatWebServer  : Tomcat initialized with port(s): 8084 (http)
21:05:46:661  INFO 16300 --- [main] o.apache.catalina.core.StandardService   : Starting service [Tomcat]
21:05:46:661  INFO 16300 --- [main] org.apache.catalina.core.StandardEngine  : Starting Servlet engine: [Apache Tomcat/9.0.75]
21:05:46:842  INFO 16300 --- [main] o.a.c.c.C.[Tomcat].[localhost].[/]       : Initializing Spring embedded WebApplicationContext
21:05:46:842  INFO 16300 --- [main] w.s.c.ServletWebServerApplicationContext : Root WebApplicationContext: initialization completed in 1846 ms
21:05:50:048  INFO 16300 --- [main] o.s.cloud.commons.util.InetUtils         : Cannot determine local hostname
21:05:50:085  INFO 16300 --- [main] pertySourcedRequestMappingHandlerMapping : Mapped URL path [/v2/api-docs] onto method [springfox.documentation.swagger2.web.Swagger2ControllerWebMvc#getDocumentation(String, HttpServletRequest)]
21:05:51:691  INFO 16300 --- [main] o.s.cloud.commons.util.InetUtils         : Cannot determine local hostname
21:05:51:872  INFO 16300 --- [main] com.alibaba.nacos.common.remote.client   : [RpcClientFactory] create a new rpc client of d1851f2a-3e1e-4320-b271-780b38199560
21:05:51:922  INFO 16300 --- [main] org.reflections.Reflections              : Reflections took 26 ms to scan 1 urls, producing 3 keys and 6 values 
21:05:51:946  INFO 16300 --- [main] org.reflections.Reflections              : Reflections took 6 ms to scan 1 urls, producing 4 keys and 9 values 
21:05:51:954  INFO 16300 --- [main] org.reflections.Reflections              : Reflections took 4 ms to scan 1 urls, producing 3 keys and 10 values 
21:05:51:956  WARN 16300 --- [main] org.reflections.Reflections              : given scan urls are empty. set urls in the configuration
21:05:51:961  INFO 16300 --- [main] org.reflections.Reflections              : Reflections took 5 ms to scan 1 urls, producing 1 keys and 5 values 
21:05:51:968  INFO 16300 --- [main] org.reflections.Reflections              : Reflections took 5 ms to scan 1 urls, producing 1 keys and 7 values 
21:05:51:976  INFO 16300 --- [main] org.reflections.Reflections              : Reflections took 6 ms to scan 1 urls, producing 2 keys and 8 values 
21:05:51:979  WARN 16300 --- [main] org.reflections.Reflections              : given scan urls are empty. set urls in the configuration
21:05:51:980  INFO 16300 --- [main] com.alibaba.nacos.common.remote.client   : [d1851f2a-3e1e-4320-b271-780b38199560] RpcClient init label, labels = {module=naming, source=sdk}
21:05:51:981  INFO 16300 --- [main] com.alibaba.nacos.common.remote.client   : [d1851f2a-3e1e-4320-b271-780b38199560] RpcClient init, ServerListFactory = com.alibaba.nacos.client.naming.core.ServerListManager
21:05:51:981  INFO 16300 --- [main] com.alibaba.nacos.common.remote.client   : [d1851f2a-3e1e-4320-b271-780b38199560] Registry connection listener to current client:com.alibaba.nacos.client.naming.remote.gprc.redo.NamingGrpcRedoService
21:05:51:982  INFO 16300 --- [main] com.alibaba.nacos.common.remote.client   : [d1851f2a-3e1e-4320-b271-780b38199560] Register server push request handler:com.alibaba.nacos.client.naming.remote.gprc.NamingPushRequestHandler
21:05:51:985  INFO 16300 --- [main] com.alibaba.nacos.common.remote.client   : [d1851f2a-3e1e-4320-b271-780b38199560] Try to connect to server on start up, server: {serverIp = '192.168.146.130', server main port = 8848}
21:05:53:977  INFO 16300 --- [main] com.alibaba.nacos.common.remote.client   : [d1851f2a-3e1e-4320-b271-780b38199560] Success to connect to server [192.168.146.130:8848] on start up, connectionId = 1719194752265_192.168.146.1_61058
21:05:53:978  INFO 16300 --- [com.alibaba.nacos.client.remote.worker] com.alibaba.nacos.common.remote.client   : [d1851f2a-3e1e-4320-b271-780b38199560] Notify connected event to listeners.
21:05:53:978  INFO 16300 --- [main] com.alibaba.nacos.common.remote.client   : [d1851f2a-3e1e-4320-b271-780b38199560] Register server push request handler:com.alibaba.nacos.common.remote.client.RpcClient$ConnectResetRequestHandler
21:05:53:980  INFO 16300 --- [main] com.alibaba.nacos.common.remote.client   : [d1851f2a-3e1e-4320-b271-780b38199560] Register server push request handler:com.alibaba.nacos.common.remote.client.RpcClient$$Lambda$954/0x00000008006ed440
21:05:54:060  INFO 16300 --- [main] o.s.b.w.embedded.tomcat.TomcatWebServer  : Tomcat started on port(s): 8084 (http) with context path ''
21:05:54:093  INFO 16300 --- [main] c.a.c.n.registry.NacosServiceRegistry    : nacos registry, DEFAULT_GROUP user-service 192.168.145.1:8084 register finished
21:05:54:636  INFO 16300 --- [nacos-grpc-client-executor-9] com.alibaba.nacos.common.remote.client   : [d1851f2a-3e1e-4320-b271-780b38199560] Receive server push request, request = NotifySubscriberRequest, requestId = 1
21:05:54:641  INFO 16300 --- [nacos-grpc-client-executor-9] com.alibaba.nacos.common.remote.client   : [d1851f2a-3e1e-4320-b271-780b38199560] Ack server push request, request = NotifySubscriberRequest, requestId = 1
21:05:55:768  INFO 16300 --- [main] o.s.cloud.commons.util.InetUtils         : Cannot determine local hostname
21:05:55:769  INFO 16300 --- [main] d.s.w.p.DocumentationPluginsBootstrapper : Documentation plugins bootstrapped
21:05:55:776  INFO 16300 --- [main] d.s.w.p.DocumentationPluginsBootstrapper : Found 1 custom documentation plugin(s)
21:05:55:819  INFO 16300 --- [main] s.d.s.w.s.ApiListingReferenceScanner     : Scanning for api listing references
21:05:55:963  INFO 16300 --- [main] com.hmall.user.UserApplication           : Started UserApplication in 13.02 seconds (JVM running for 14.114)
21:06:23:846  INFO 16300 --- [http-nio-8084-exec-1] o.a.c.c.C.[Tomcat].[localhost].[/]       : Initializing Spring DispatcherServlet 'dispatcherServlet'
21:06:23:846  INFO 16300 --- [http-nio-8084-exec-1] o.s.web.servlet.DispatcherServlet        : Initializing Servlet 'dispatcherServlet'
21:06:23:847  INFO 16300 --- [http-nio-8084-exec-1] o.s.web.servlet.DispatcherServlet        : Completed initialization in 1 ms
21:06:23:966  INFO 16300 --- [http-nio-8084-exec-1] com.zaxxer.hikari.HikariDataSource       : HikariPool-1 - Starting...
21:06:24:167  INFO 16300 --- [http-nio-8084-exec-1] com.zaxxer.hikari.HikariDataSource       : HikariPool-1 - Start completed.
21:06:24:172 DEBUG 16300 --- [http-nio-8084-exec-1] c.h.user.mapper.UserMapper.selectOne     : ==>  Preparing: SELECT id,username,password,phone,create_time,update_time,status,balance FROM user WHERE (username = ?)
21:06:24:187 DEBUG 16300 --- [http-nio-8084-exec-1] c.h.user.mapper.UserMapper.selectOne     : ==> Parameters: jack(String)
21:06:24:214 DEBUG 16300 --- [http-nio-8084-exec-1] c.h.user.mapper.UserMapper.selectOne     : <==      Total: 1
21:14:20:627  WARN 16300 --- [Thread-4] c.a.nacos.common.notify.NotifyCenter     : [NotifyCenter] Start destroying Publisher
21:14:20:627  WARN 16300 --- [Thread-7] c.a.n.common.http.HttpClientBeanHolder   : [HttpClientBeanHolder] Start destroying common HttpClient
21:14:20:627  WARN 16300 --- [Thread-4] c.a.nacos.common.notify.NotifyCenter     : [NotifyCenter] Destruction of the end
21:14:20:628  WARN 16300 --- [Thread-7] c.a.n.common.http.HttpClientBeanHolder   : [HttpClientBeanHolder] Destruction of the end
21:14:21:073  INFO 16300 --- [SpringApplicationShutdownHook] c.a.c.n.registry.NacosServiceRegistry    : De-registering from Nacos Server now...
21:14:21:083  INFO 16300 --- [SpringApplicationShutdownHook] c.a.c.n.registry.NacosServiceRegistry    : De-registration finished.
21:14:21:403  INFO 16300 --- [SpringApplicationShutdownHook] com.alibaba.nacos.common.remote.client   : Shutdown rpc client, set status to shutdown
21:14:21:403  INFO 16300 --- [SpringApplicationShutdownHook] com.alibaba.nacos.common.remote.client   : Shutdown client event executor java.util.concurrent.ScheduledThreadPoolExecutor@5eef1ae[Running, pool size = 2, active threads = 2, queued tasks = 0, completed tasks = 0]
21:14:21:403  INFO 16300 --- [SpringApplicationShutdownHook] com.alibaba.nacos.common.remote.client   : Close current connection 1719194752265_192.168.146.1_61058
21:14:21:406  INFO 16300 --- [nacos-grpc-client-executor-118] c.a.n.c.remote.client.grpc.GrpcClient    : [1719194752265_192.168.146.1_61058]Ignore complete event,isRunning:false,isAbandon=false
21:14:21:408  INFO 16300 --- [SpringApplicationShutdownHook] c.a.n.c.remote.client.grpc.GrpcClient    : Shutdown grpc executor java.util.concurrent.ThreadPoolExecutor@6b15d3c8[Running, pool size = 5, active threads = 0, queued tasks = 0, completed tasks = 119]
21:14:21:412  INFO 16300 --- [SpringApplicationShutdownHook] com.zaxxer.hikari.HikariDataSource       : HikariPool-1 - Shutdown initiated...
21:14:21:428  INFO 16300 --- [SpringApplicationShutdownHook] com.zaxxer.hikari.HikariDataSource       : HikariPool-1 - Shutdown completed.
